
===========================================================================
 report_power
============================================================================
======================= Fastest Corner ===================================

Group                  Internal  Switching    Leakage      Total
                          Power      Power      Power      Power (Watts)
----------------------------------------------------------------
Sequential             1.39e-03   1.85e-04   8.18e-07   1.58e-03  43.4%
Combinational          9.07e-04   1.15e-03   1.88e-08   2.06e-03  56.6%
Macro                  0.00e+00   0.00e+00   0.00e+00   0.00e+00   0.0%
Pad                    0.00e+00   0.00e+00   0.00e+00   0.00e+00   0.0%
----------------------------------------------------------------
Total                  2.30e-03   1.33e-03   8.37e-07   3.63e-03 100.0%
                          63.2%      36.7%       0.0%

======================= Slowest Corner ===================================

Group                  Internal  Switching    Leakage      Total
                          Power      Power      Power      Power (Watts)
----------------------------------------------------------------
Sequential             9.19e-04   1.23e-04   8.75e-06   1.05e-03  42.6%
Combinational          6.51e-04   7.60e-04   6.81e-06   1.42e-03  57.4%
Macro                  0.00e+00   0.00e+00   0.00e+00   0.00e+00   0.0%
Pad                    0.00e+00   0.00e+00   0.00e+00   0.00e+00   0.0%
----------------------------------------------------------------
Total                  1.57e-03   8.83e-04   1.56e-05   2.47e-03 100.0%
                          63.6%      35.8%       0.6%

======================= Typical Corner ===================================

Group                  Internal  Switching    Leakage      Total
                          Power      Power      Power      Power (Watts)
----------------------------------------------------------------
Sequential             1.20e-03   1.56e-04   8.12e-07   1.36e-03  43.4%
Combinational          8.01e-04   9.70e-04   8.91e-09   1.77e-03  56.6%
Macro                  0.00e+00   0.00e+00   0.00e+00   0.00e+00   0.0%
Pad                    0.00e+00   0.00e+00   0.00e+00   0.00e+00   0.0%
----------------------------------------------------------------
Total                  2.00e-03   1.13e-03   8.21e-07   3.13e-03 100.0%
                          64.0%      36.0%       0.0%

