OpenLane v1.0.2 (ff5509f65b17bfa4068d5336495ab1718987ff69)
All rights reserved. (c) 2020-2025 Efabless Corporation and contributors.
Available under the Apache License, version 2.0. See the LICENSE file for more details.

[INFO]: Using configuration in '../work/config.json'...
[INFO]: PDK Root: /home/ahmed_sameh/.ciel
[INFO]: Process Design Kit: sky130A
[INFO]: Standard Cell Library: sky130_fd_sc_hd
[INFO]: Optimization Standard Cell Library: sky130_fd_sc_hd
[INFO]: Run Directory: /work/runs/uart_flow
[INFO]: Removing existing /work/runs/uart_flow...
[INFO]: Saving runtime environment...
[INFO]: Preparing LEF files for the nom corner...
[INFO]: Preparing LEF files for the min corner...
[INFO]: Preparing LEF files for the max corner...
[STEP 1]
[INFO]: Running Synthesis (log: ../work/runs/uart_flow/logs/synthesis/1-synthesis.log)...
[STEP 2]
[INFO]: Running Single-Corner Static Timing Analysis (log: ../work/runs/uart_flow/logs/synthesis/2-sta.log)...
[STEP 3]
[INFO]: Running Initial Floorplanning (log: ../work/runs/uart_flow/logs/floorplan/3-initial_fp.log)...
[INFO]: Floorplanned with width 214.36 and height 212.16.
[STEP 4]
[INFO]: Running IO Placement...
[STEP 5]
[INFO]: Running Tap/Decap Insertion (log: ../work/runs/uart_flow/logs/floorplan/5-tap.log)...
[INFO]: Power planning with power {VPWR} and ground {VGND}...
[STEP 6]
[INFO]: Generating PDN (log: ../work/runs/uart_flow/logs/floorplan/6-pdn.log)...
[STEP 7]
[INFO]: Running Global Placement (log: ../work/runs/uart_flow/logs/placement/7-global.log)...
[STEP 8]
[INFO]: Running Single-Corner Static Timing Analysis (log: ../work/runs/uart_flow/logs/placement/8-gpl_sta.log)...
[STEP 9]
[INFO]: Running Placement Resizer Design Optimizations (log: ../work/runs/uart_flow/logs/placement/9-resizer.log)...
[STEP 10]
[INFO]: Running Detailed Placement (log: ../work/runs/uart_flow/logs/placement/10-detailed.log)...
[STEP 11]
[INFO]: Running Single-Corner Static Timing Analysis (log: ../work/runs/uart_flow/logs/placement/11-dpl_sta.log)...
[STEP 12]
[INFO]: Running Clock Tree Synthesis (log: ../work/runs/uart_flow/logs/cts/12-cts.log)...
[STEP 13]
[INFO]: Running Single-Corner Static Timing Analysis (log: ../work/runs/uart_flow/logs/cts/13-cts_sta.log)...
[STEP 14]
[INFO]: Running Placement Resizer Timing Optimizations (log: ../work/runs/uart_flow/logs/cts/14-resizer.log)...
[STEP 15]
[INFO]: Running Global Routing Resizer Design Optimizations (log: ../work/runs/uart_flow/logs/routing/15-resizer_design.log)...
[STEP 16]
[INFO]: Running Single-Corner Static Timing Analysis (log: ../work/runs/uart_flow/logs/routing/16-rsz_design_sta.log)...
[STEP 17]
[INFO]: Running Global Routing Resizer Timing Optimizations (log: ../work/runs/uart_flow/logs/routing/17-resizer_timing.log)...
[STEP 18]
[INFO]: Running Single-Corner Static Timing Analysis (log: ../work/runs/uart_flow/logs/routing/18-rsz_timing_sta.log)...
[STEP 19]
[INFO]: Running Global Routing (log: ../work/runs/uart_flow/logs/routing/19-global.log)...
[INFO]: Starting OpenROAD Antenna Repair Iterations...
[STEP 20]
[INFO]: Writing Verilog (log: ../work/runs/uart_flow/logs/routing/19-global_write_netlist.log)...
[STEP 21]
[INFO]: Running Single-Corner Static Timing Analysis (log: ../work/runs/uart_flow/logs/routing/21-grt_sta.log)...
[STEP 22]
[INFO]: Running Fill Insertion (log: ../work/runs/uart_flow/logs/routing/22-fill.log)...
[STEP 23]
[INFO]: Running Detailed Routing (log: ../work/runs/uart_flow/logs/routing/23-detailed.log)...
[INFO]: No DRC violations after detailed routing.
[STEP 24]
[INFO]: Checking Wire Lengths (log: ../work/runs/uart_flow/logs/routing/24-wire_lengths.log)...
[STEP 25]
[INFO]: Running SPEF Extraction at the min process corner (log: ../work/runs/uart_flow/logs/signoff/25-parasitics_extraction.min.log)...
[STEP 26]
[INFO]: Running Multi-Corner Static Timing Analysis at the min process corner (log: ../work/runs/uart_flow/logs/signoff/26-rcx_mcsta.min.log)...
[STEP 27]
[INFO]: Running SPEF Extraction at the max process corner (log: ../work/runs/uart_flow/logs/signoff/27-parasitics_extraction.max.log)...
[STEP 28]
[INFO]: Running Multi-Corner Static Timing Analysis at the max process corner (log: ../work/runs/uart_flow/logs/signoff/28-rcx_mcsta.max.log)...
[STEP 29]
[INFO]: Running SPEF Extraction at the nom process corner (log: ../work/runs/uart_flow/logs/signoff/29-parasitics_extraction.nom.log)...
[STEP 30]
[INFO]: Running Multi-Corner Static Timing Analysis at the nom process corner (log: ../work/runs/uart_flow/logs/signoff/30-rcx_mcsta.nom.log)...
[STEP 31]
[INFO]: Running Single-Corner Static Timing Analysis at the nom process corner (log: ../work/runs/uart_flow/logs/signoff/31-rcx_sta.log)...
[WARNING]: Module sky130_fd_sc_hd__tapvpwrvgnd_1 blackboxed during sta
[WARNING]: Module sky130_fd_sc_hd__fill_2 blackboxed during sta
[WARNING]: Module sky130_ef_sc_hd__decap_12 blackboxed during sta
[WARNING]: Module sky130_fd_sc_hd__fill_1 blackboxed during sta
[STEP 32]
[INFO]: Creating IR Drop Report (log: ../work/runs/uart_flow/logs/signoff/32-irdrop.log)...
[WARNING]: VSRC_LOC_FILES is not defined. The IR drop analysis will run, but the values may be inaccurate.
[STEP 33]
[INFO]: Running Magic to generate various views...
[INFO]: Streaming out GDSII with Magic (log: ../work/runs/uart_flow/logs/signoff/33-gdsii.log)...
[INFO]: Generating MAGLEF views...
[INFO]: Generating lef with Magic (/work/runs/uart_flow/logs/signoff/33-lef.log)...
[STEP 34]
[INFO]: Streaming out GDSII with KLayout (log: ../work/runs/uart_flow/logs/signoff/34-gdsii-klayout.log)...
[STEP 35]
[INFO]: Running XOR on the layouts using KLayout (log: ../work/runs/uart_flow/logs/signoff/35-xor.log)...
[INFO]: No XOR differences between KLayout and Magic gds.
[STEP 36]
[INFO]: Running Magic Spice Export from LEF (log: ../work/runs/uart_flow/logs/signoff/36-spice.log)...
[STEP 37]
[INFO]: Writing Powered Verilog (logs: ../work/runs/uart_flow/logs/signoff/37-write_powered_def.log, ../work/runs/uart_flow/logs/signoff/37-write_powered_verilog.log)...
[STEP 38]
[INFO]: Writing Verilog (log: ../work/runs/uart_flow/logs/signoff/37-write_powered_verilog.log)...
[STEP 39]
[INFO]: Running LVS (log: ../work/runs/uart_flow/logs/signoff/39-lvs.lef.log)...
[STEP 40]
[INFO]: Running Magic DRC (log: ../work/runs/uart_flow/logs/signoff/40-drc.log)...
[INFO]: Converting Magic DRC database to various tool-readable formats...
[INFO]: No DRC violations after GDS streaming out.
[STEP 41]
[INFO]: Running OpenROAD Antenna Rule Checker (log: ../work/runs/uart_flow/logs/signoff/41-arc.log)...
[STEP 42]
[INFO]: Running Circuit Validity Checker ERC (log: ../work/runs/uart_flow/logs/signoff/42-erc_screen.log)...
[INFO]: Saving current set of views in '../work/runs/uart_flow/results/final'...
[INFO]: Saving runtime environment...
[INFO]: Generating final set of reports...
[INFO]: Created manufacturability report at '../work/runs/uart_flow/reports/manufacturability.rpt'.
[INFO]: Created metrics report at '../work/runs/uart_flow/reports/metrics.csv'.
[WARNING]: There are max fanout violations in the design at the typical corner. Please refer to '../work/runs/uart_flow/reports/signoff/31-rcx_sta.checks.rpt'.
[INFO]: There are no hold violations in the design at the typical corner.
[INFO]: There are no setup violations in the design at the typical corner.
[SUCCESS]: Flow complete.
[INFO]: Note that the following warnings have been generated:
[WARNING]: Module sky130_fd_sc_hd__tapvpwrvgnd_1 blackboxed during sta
[WARNING]: Module sky130_fd_sc_hd__fill_2 blackboxed during sta
[WARNING]: Module sky130_ef_sc_hd__decap_12 blackboxed during sta
[WARNING]: Module sky130_fd_sc_hd__fill_1 blackboxed during sta
[WARNING]: VSRC_LOC_FILES is not defined. The IR drop analysis will run, but the values may be inaccurate.
[WARNING]: There are max fanout violations in the design at the typical corner. Please refer to '../work/runs/uart_flow/reports/signoff/31-rcx_sta.checks.rpt'.

