Sat May 09 10:51:04 UTC 2026 - Executing "openroad -exit -no_init -python /openlane/scripts/odbpy/lefutil.py get_metal_layers -o /work/runs/uart_flow/tmp/layers.list /home/ahmed_sameh/.ciel/sky130A/libs.ref/sky130_fd_sc_hd/techlef/sky130_fd_sc_hd__nom.tlef"

Sat May 09 10:51:05 UTC 2026 - Executing "/openlane/scripts/mergeLef.py -o /work/runs/uart_flow/tmp/merged.nom.lef -i /home/ahmed_sameh/.ciel/sky130A/libs.ref/sky130_fd_sc_hd/techlef/sky130_fd_sc_hd__nom.tlef {/home/ahmed_sameh/.ciel/sky130A/libs.ref/sky130_fd_sc_hd/lef/sky130_ef_sc_hd.lef /home/ahmed_sameh/.ciel/sky130A/libs.ref/sky130_fd_sc_hd/lef/sky130_fd_sc_hd.lef} |& tee /dev/null"

Sat May 09 10:51:05 UTC 2026 - Executing "/openlane/scripts/mergeLef.py -o /work/runs/uart_flow/tmp/merged.min.lef -i /home/ahmed_sameh/.ciel/sky130A/libs.ref/sky130_fd_sc_hd/techlef/sky130_fd_sc_hd__min.tlef {/home/ahmed_sameh/.ciel/sky130A/libs.ref/sky130_fd_sc_hd/lef/sky130_ef_sc_hd.lef /home/ahmed_sameh/.ciel/sky130A/libs.ref/sky130_fd_sc_hd/lef/sky130_fd_sc_hd.lef} |& tee /dev/null"

Sat May 09 10:51:05 UTC 2026 - Executing "/openlane/scripts/mergeLef.py -o /work/runs/uart_flow/tmp/merged.max.lef -i /home/ahmed_sameh/.ciel/sky130A/libs.ref/sky130_fd_sc_hd/techlef/sky130_fd_sc_hd__max.tlef {/home/ahmed_sameh/.ciel/sky130A/libs.ref/sky130_fd_sc_hd/lef/sky130_ef_sc_hd.lef /home/ahmed_sameh/.ciel/sky130A/libs.ref/sky130_fd_sc_hd/lef/sky130_fd_sc_hd.lef} |& tee /dev/null"

Sat May 09 10:51:05 UTC 2026 - Executing "python3 /openlane/scripts/mergeLib.py --output /work/runs/uart_flow/tmp/synthesis/merged.lib --name sky130A_merged /home/ahmed_sameh/.ciel/sky130A/libs.ref/sky130_fd_sc_hd/lib/sky130_fd_sc_hd__tt_025C_1v80.lib"

Sat May 09 10:51:05 UTC 2026 - Executing "python3 /openlane/scripts/libtrim.py --cell-file /work/runs/uart_flow/tmp/synthesis/trimmed.lib.exclude.list --output /work/runs/uart_flow/tmp/synthesis/trimmed.lib /work/runs/uart_flow/tmp/synthesis/merged.lib"

Sat May 09 10:51:06 UTC 2026 - Executing "python3 /openlane/scripts/libtrim.py --cell-file /work/runs/uart_flow/tmp/cts/cts.lib.exclude.list --output /work/runs/uart_flow/tmp/cts/cts.lib /home/ahmed_sameh/.ciel/sky130A/libs.ref/sky130_fd_sc_hd/lib/sky130_fd_sc_hd__tt_025C_1v80.lib"

Sat May 09 10:51:07 UTC 2026 - Executing "python3 /openlane/scripts/libtrim.py --cell-file /work/runs/uart_flow/tmp/cts/cts-fastest.lib.exclude.list --output /work/runs/uart_flow/tmp/cts/cts-fastest.lib /home/ahmed_sameh/.ciel/sky130A/libs.ref/sky130_fd_sc_hd/lib/sky130_fd_sc_hd__ff_n40C_1v95.lib"

Sat May 09 10:51:08 UTC 2026 - Executing "python3 /openlane/scripts/libtrim.py --cell-file /work/runs/uart_flow/tmp/cts/cts-slowest.lib.exclude.list --output /work/runs/uart_flow/tmp/cts/cts-slowest.lib /home/ahmed_sameh/.ciel/sky130A/libs.ref/sky130_fd_sc_hd/lib/sky130_fd_sc_hd__ss_100C_1v60.lib"

Sat May 09 10:51:09 UTC 2026 - Executing "python3 /openlane/scripts/new_tracks.py -i /home/ahmed_sameh/.ciel/sky130A/libs.tech/openlane/sky130_fd_sc_hd/tracks.info -o /work/runs/uart_flow/tmp/routing/config.tracks"

Sat May 09 10:51:09 UTC 2026 - Executing "echo {OpenLane ff5509f65b17bfa4068d5336495ab1718987ff69} > /work/runs/uart_flow/OPENLANE_COMMIT"

Sat May 09 10:51:10 UTC 2026 - Executing "sed -E {s/^([[:space:]]+)pg_pin(.*)/\1pin\2\n\1    direction : "inout";/g} /home/ahmed_sameh/.ciel/sky130A/libs.ref/sky130_fd_sc_hd/lib/sky130_fd_sc_hd__tt_025C_1v80.lib > /work/runs/uart_flow/tmp/synthesis/1-sky130_fd_sc_hd__tt_025C_1v80.no_pg.lib"

Sat May 09 10:51:15 UTC 2026 - Executing "sed -E {s/^([[:space:]]+)pg_pin(.*)/\1pin\2\n\1    direction : "inout";/g} /work/runs/uart_flow/tmp/synthesis/trimmed.lib > /work/runs/uart_flow/tmp/synthesis/1-trimmed.no_pg.lib"

Sat May 09 10:51:20 UTC 2026 - Executing "yosys -c /openlane/scripts/yosys/synth.tcl |& tee /dev/null /work/runs/uart_flow/logs/synthesis/1-synthesis.log"

Sat May 09 10:51:24 UTC 2026 - Executing "sed -i.bak -e {s/\(set ::env(CURRENT_NETLIST)\).*/\1 \/work\/runs\/uart_flow\/results\/synthesis\/uart_top.v/} /work/runs/uart_flow/config.tcl"

Sat May 09 10:51:24 UTC 2026 - Executing "sed -i.bak /defparam/d /work/runs/uart_flow/results/synthesis/uart_top.v"

Sat May 09 10:51:27 UTC 2026 - Executing "sta -exit -no_init /openlane/scripts/openroad/sta/multi_corner.tcl |& tee /dev/null /work/runs/uart_flow/logs/synthesis/2-sta.log"

Sat May 09 10:51:29 UTC 2026 - Executing "openroad -exit /openlane/scripts/openroad/floorplan.tcl |& tee /dev/null /work/runs/uart_flow/logs/floorplan/3-initial_fp.log"

Sat May 09 10:51:33 UTC 2026 - Executing "openroad -exit -no_init -python /openlane/scripts/odbpy/defutil.py extract_core_dims --output-data /work/runs/uart_flow/tmp/dimensions.txt --input-lef /work/runs/uart_flow/tmp/merged.nom.lef /work/runs/uart_flow/tmp/floorplan/3-initial_fp.def"

Sat May 09 10:51:34 UTC 2026 - Executing "openroad -exit /openlane/scripts/openroad/ioplacer.tcl |& tee /dev/null /work/runs/uart_flow/logs/floorplan/4-io.log"

Sat May 09 10:51:37 UTC 2026 - Executing "openroad -exit /openlane/scripts/openroad/tapcell.tcl |& tee /dev/null /work/runs/uart_flow/logs/floorplan/5-tap.log"

Sat May 09 10:51:39 UTC 2026 - Executing "openroad -exit /openlane/scripts/openroad/pdn.tcl |& tee /dev/null /work/runs/uart_flow/logs/floorplan/6-pdn.log"

Sat May 09 10:51:42 UTC 2026 - Executing "openroad -exit /openlane/scripts/openroad/gpl.tcl |& tee /dev/null /work/runs/uart_flow/logs/placement/7-global.log"

Sat May 09 10:51:47 UTC 2026 - Executing "sed -i.bak -e {s/\(set ::env(CURRENT_NETLIST)\).*/\1 \/work\/runs\/uart_flow\/tmp\/placement\/7-global.nl.v/} /work/runs/uart_flow/config.tcl"

Sat May 09 10:51:48 UTC 2026 - Executing "openroad -exit /openlane/scripts/openroad/sta/multi_corner.tcl |& tee /dev/null /work/runs/uart_flow/logs/placement/8-gpl_sta.log"

Sat May 09 10:51:53 UTC 2026 - Executing "openroad -exit /openlane/scripts/openroad/resizer.tcl |& tee /dev/null /work/runs/uart_flow/logs/placement/9-resizer.log"

Sat May 09 10:51:57 UTC 2026 - Executing "sed -i.bak -e {s/\(set ::env(CURRENT_NETLIST)\).*/\1 \/work\/runs\/uart_flow\/tmp\/placement\/9-resizer.nl.v/} /work/runs/uart_flow/config.tcl"

Sat May 09 10:51:58 UTC 2026 - Executing "openroad -exit /openlane/scripts/openroad/dpl.tcl |& tee /dev/null /work/runs/uart_flow/logs/placement/10-detailed.log"

Sat May 09 10:52:01 UTC 2026 - Executing "sed -i.bak -e {s/\(set ::env(CURRENT_NETLIST)\).*/\1 \/work\/runs\/uart_flow\/results\/placement\/uart_top.nl.v/} /work/runs/uart_flow/config.tcl"

Sat May 09 10:52:02 UTC 2026 - Executing "openroad -exit /openlane/scripts/openroad/sta/multi_corner.tcl |& tee /dev/null /work/runs/uart_flow/logs/placement/11-dpl_sta.log"

Sat May 09 10:52:05 UTC 2026 - Executing "openroad -exit /openlane/scripts/openroad/cts.tcl |& tee /dev/null /work/runs/uart_flow/logs/cts/12-cts.log"

Sat May 09 10:52:41 UTC 2026 - Executing "openroad -exit /openlane/scripts/openroad/sta/multi_corner.tcl |& tee /dev/null /work/runs/uart_flow/logs/cts/13-cts_sta.log"

Sat May 09 10:52:44 UTC 2026 - Executing "openroad -exit /openlane/scripts/openroad/resizer_timing.tcl |& tee /dev/null /work/runs/uart_flow/logs/cts/14-resizer.log"

Sat May 09 10:52:49 UTC 2026 - Executing "sed -i.bak -e {s/\(set ::env(CURRENT_NETLIST)\).*/\1 \/work\/runs\/uart_flow\/tmp\/cts\/14-uart_top.resized.nl.v/} /work/runs/uart_flow/config.tcl"

Sat May 09 10:52:51 UTC 2026 - Executing "openroad -exit /openlane/scripts/openroad/resizer_routing_design.tcl |& tee /dev/null /work/runs/uart_flow/logs/routing/15-resizer_design.log"

Sat May 09 10:52:59 UTC 2026 - Executing "sed -i.bak -e {s/\(set ::env(CURRENT_NETLIST)\).*/\1 \/work\/runs\/uart_flow\/tmp\/15-uart_top.nl.v/} /work/runs/uart_flow/config.tcl"

Sat May 09 10:53:00 UTC 2026 - Executing "openroad -exit /openlane/scripts/openroad/sta/multi_corner.tcl |& tee /dev/null /work/runs/uart_flow/logs/routing/16-rsz_design_sta.log"

Sat May 09 10:53:04 UTC 2026 - Executing "openroad -exit /openlane/scripts/openroad/resizer_routing_timing.tcl |& tee /dev/null /work/runs/uart_flow/logs/routing/17-resizer_timing.log"

Sat May 09 10:53:14 UTC 2026 - Executing "sed -i.bak -e {s/\(set ::env(CURRENT_NETLIST)\).*/\1 \/work\/runs\/uart_flow\/tmp\/17-uart_top.nl.v/} /work/runs/uart_flow/config.tcl"

Sat May 09 10:53:15 UTC 2026 - Executing "openroad -exit /openlane/scripts/openroad/sta/multi_corner.tcl |& tee /dev/null /work/runs/uart_flow/logs/routing/18-rsz_timing_sta.log"

Sat May 09 10:53:19 UTC 2026 - Executing "openroad -exit /openlane/scripts/openroad/groute.tcl |& tee /dev/null /work/runs/uart_flow/logs/routing/19-global.log"

Sat May 09 10:53:23 UTC 2026 - Executing "openroad -exit /openlane/scripts/openroad/write_views.tcl |& tee /dev/null /work/runs/uart_flow/logs/routing/19-global_write_netlist.log"

Sat May 09 10:53:25 UTC 2026 - Executing "sed -i.bak -e {s/\(set ::env(CURRENT_NETLIST)\).*/\1 \/work\/runs\/uart_flow\/tmp\/routing\/global.nl.v/} /work/runs/uart_flow/config.tcl"

Sat May 09 10:53:25 UTC 2026 - Executing "openroad -exit /openlane/scripts/openroad/sta/multi_corner.tcl |& tee /dev/null /work/runs/uart_flow/logs/routing/21-grt_sta.log"

Sat May 09 10:53:28 UTC 2026 - Executing "openroad -exit /openlane/scripts/openroad/fill.tcl |& tee /dev/null /work/runs/uart_flow/logs/routing/22-fill.log"

Sat May 09 10:53:34 UTC 2026 - Executing "sed -i.bak -e {s/\(set ::env(CURRENT_NETLIST)\).*/\1 \/work\/runs\/uart_flow\/tmp\/routing\/22-fill.nl.v/} /work/runs/uart_flow/config.tcl"

Sat May 09 10:53:35 UTC 2026 - Executing "openroad -exit /openlane/scripts/openroad/droute.tcl |& tee /dev/null /work/runs/uart_flow/logs/routing/23-detailed.log"

Sat May 09 10:57:59 UTC 2026 - Executing "sed -i.bak -e {s/\(set ::env(CURRENT_NETLIST)\).*/\1 \/work\/runs\/uart_flow\/results\/routing\/uart_top.nl.v/} /work/runs/uart_flow/config.tcl"

Sat May 09 10:58:00 UTC 2026 - Executing "python3 /openlane/scripts/drc_rosetta.py tr to_klayout -o /work/runs/uart_flow/reports/routing/drt.klayout.xml --design-name uart_top /work/runs/uart_flow/reports/routing/drt.drc"

Sat May 09 10:58:00 UTC 2026 - Executing "openroad -exit -no_init -python /openlane/scripts/odbpy/wire_lengths.py --report-out /work/runs/uart_flow/reports/routing/24-wire_lengths.csv --input-lef /work/runs/uart_flow/tmp/merged.nom.lef --output-def /dev/null --output /work/runs/uart_flow/results/routing/uart_top.odb /work/runs/uart_flow/results/routing/uart_top.odb |& tee /dev/null /work/runs/uart_flow/logs/routing/24-wire_lengths.log"

Sat May 09 10:58:05 UTC 2026 - Executing "openroad -exit /openlane/scripts/openroad/rcx.tcl |& tee /dev/null /work/runs/uart_flow/logs/signoff/25-parasitics_extraction.min.log"

Sat May 09 10:58:09 UTC 2026 - Executing "sta -exit -no_init /openlane/scripts/openroad/sta/multi_corner.tcl |& tee /dev/null /work/runs/uart_flow/logs/signoff/26-rcx_mcsta.min.log"

Sat May 09 10:58:26 UTC 2026 - Executing "openroad -exit /openlane/scripts/openroad/rcx.tcl |& tee /dev/null /work/runs/uart_flow/logs/signoff/27-parasitics_extraction.max.log"

Sat May 09 10:58:31 UTC 2026 - Executing "sta -exit -no_init /openlane/scripts/openroad/sta/multi_corner.tcl |& tee /dev/null /work/runs/uart_flow/logs/signoff/28-rcx_mcsta.max.log"

Sat May 09 10:58:46 UTC 2026 - Executing "openroad -exit /openlane/scripts/openroad/rcx.tcl |& tee /dev/null /work/runs/uart_flow/logs/signoff/29-parasitics_extraction.nom.log"

Sat May 09 10:58:50 UTC 2026 - Executing "sta -exit -no_init /openlane/scripts/openroad/sta/multi_corner.tcl |& tee /dev/null /work/runs/uart_flow/logs/signoff/30-rcx_mcsta.nom.log"

Sat May 09 10:58:56 UTC 2026 - Executing "sta -exit -no_init /openlane/scripts/openroad/sta/multi_corner.tcl |& tee /dev/null /work/runs/uart_flow/logs/signoff/31-rcx_sta.log"

Sat May 09 10:59:09 UTC 2026 - Executing "openroad -exit /openlane/scripts/openroad/irdrop.tcl |& tee /dev/null /work/runs/uart_flow/logs/signoff/32-irdrop.log"

Sat May 09 10:59:12 UTC 2026 - Executing "magic -noconsole -dnull -rcfile /home/ahmed_sameh/.ciel/sky130A/libs.tech/magic/sky130A.magicrc < /openlane/scripts/magic/wrapper.tcl |& tee /dev/null /work/runs/uart_flow/logs/signoff/33-gdsii.log"

Sat May 09 10:59:30 UTC 2026 - Executing "magic -noconsole -dnull -rcfile /home/ahmed_sameh/.ciel/sky130A/libs.tech/magic/sky130A.magicrc < /openlane/scripts/magic/wrapper.tcl |& tee /dev/null /work/runs/uart_flow/logs/signoff/33-gds_ptrs.log"

Sat May 09 10:59:33 UTC 2026 - Executing "sed -i.bak -n {/^<< properties >>/,/^<< end >>/p} /work/runs/uart_flow/tmp/signoff/gds_ptrs.mag"

Sat May 09 10:59:37 UTC 2026 - Executing "magic -noconsole -dnull -rcfile /home/ahmed_sameh/.ciel/sky130A/libs.tech/magic/sky130A.magicrc < /openlane/scripts/magic/wrapper.tcl |& tee /dev/null /work/runs/uart_flow/logs/signoff/33-lef.log"

Sat May 09 10:59:41 UTC 2026 - Executing "magic -noconsole -dnull -rcfile /home/ahmed_sameh/.ciel/sky130A/libs.tech/magic/sky130A.magicrc < /openlane/scripts/magic/wrapper.tcl |& tee /dev/null /work/runs/uart_flow/logs/signoff/33-maglef.log"

Sat May 09 10:59:42 UTC 2026 - Executing "python3 /openlane/scripts/klayout/stream_out.py --output /work/runs/uart_flow/results/signoff/uart_top.klayout.gds --lyt /home/ahmed_sameh/.ciel/sky130A/libs.tech/klayout/tech/sky130A.lyt --lym /home/ahmed_sameh/.ciel/sky130A/libs.tech/klayout/tech/sky130A.map --lyp /home/ahmed_sameh/.ciel/sky130A/libs.tech/klayout/tech/sky130A.lyp --top uart_top --with-gds-file /home/ahmed_sameh/.ciel/sky130A/libs.ref/sky130_fd_sc_hd/gds/sky130_fd_sc_hd.gds --input-lef /work/runs/uart_flow/tmp/merged.nom.lef /work/runs/uart_flow/results/routing/uart_top.def |& tee /dev/null /work/runs/uart_flow/logs/signoff/34-gdsii-klayout.log"

Sat May 09 10:59:44 UTC 2026 - Executing "klayout -b -r /openlane/scripts/klayout/xor.drc -rd a=/work/runs/uart_flow/results/signoff/uart_top.gds -rd b=/work/runs/uart_flow/results/signoff/uart_top.klayout.gds -rd jobs=1 -rd rdb_out=/work/runs/uart_flow/reports/signoff/35-xor.xml -rd ignore=81/14 -rd rpt_out=/work/runs/uart_flow/reports/signoff/35-xor.rpt |& tee /dev/null /work/runs/uart_flow/logs/signoff/35-xor.log"

Sat May 09 10:59:49 UTC 2026 - Executing "magic -noconsole -dnull -rcfile /home/ahmed_sameh/.ciel/sky130A/libs.tech/magic/sky130A.magicrc < /openlane/scripts/magic/wrapper.tcl |& tee /dev/null /work/runs/uart_flow/logs/signoff/36-spice.log"

Sat May 09 11:00:02 UTC 2026 - Executing "openroad -exit -no_init -python /openlane/scripts/odbpy/power_utils.py write_powered_def --output /work/runs/uart_flow/tmp/signoff/36-uart_top.p.def --input-lef /work/runs/uart_flow/tmp/merged.nom.lef --power-port VPWR --ground-port VGND --powered-netlist {} /work/runs/uart_flow/results/routing/uart_top.def |& tee /dev/null /work/runs/uart_flow/logs/signoff/37-write_powered_def.log"

Sat May 09 11:00:04 UTC 2026 - Executing "openroad -exit /openlane/scripts/openroad/write_views.tcl |& tee /dev/null /work/runs/uart_flow/logs/signoff/37-write_powered_verilog.log"

Sat May 09 11:00:09 UTC 2026 - Executing "sed -i.bak -e {s/\(set ::env(CURRENT_NETLIST)\).*/\1 \/work\/runs\/uart_flow\/tmp\/signoff\/36-uart_top.nl.v/} /work/runs/uart_flow/config.tcl"

Sat May 09 11:00:10 UTC 2026 - Executing "netgen -batch source /work/runs/uart_flow/tmp/signoff/39-setup_file.lef.lvs |& tee /dev/null /work/runs/uart_flow/logs/signoff/39-lvs.lef.log"

Sat May 09 11:00:12 UTC 2026 - Executing "magic -noconsole -dnull -rcfile /home/ahmed_sameh/.ciel/sky130A/libs.tech/magic/sky130A.magicrc < /openlane/scripts/magic/wrapper.tcl |& tee /dev/null /work/runs/uart_flow/logs/signoff/40-drc.log"

Sat May 09 11:00:18 UTC 2026 - Executing "python3 /openlane/scripts/drc_rosetta.py magic to_tcl -o /work/runs/uart_flow/reports/signoff/drc.tcl /work/runs/uart_flow/reports/signoff/drc.rpt"

Sat May 09 11:00:19 UTC 2026 - Executing "python3 /openlane/scripts/drc_rosetta.py magic to_tr -o /work/runs/uart_flow/reports/signoff/drc.tr /work/runs/uart_flow/reports/signoff/drc.rpt"

Sat May 09 11:00:19 UTC 2026 - Executing "python3 /openlane/scripts/drc_rosetta.py tr to_klayout -o /work/runs/uart_flow/reports/signoff/drc.klayout.xml --design-name uart_top /work/runs/uart_flow/reports/signoff/drc.tr"

Sat May 09 11:00:19 UTC 2026 - Executing "python3 /openlane/scripts/drc_rosetta.py magic to_rdb -o /work/runs/uart_flow/reports/signoff/drc.rdb /work/runs/uart_flow/reports/signoff/drc.rpt"

Sat May 09 11:00:19 UTC 2026 - Executing "openroad -exit /openlane/scripts/openroad/antenna_check.tcl |& tee /dev/null /work/runs/uart_flow/logs/signoff/41-arc.log"

Sat May 09 11:00:21 UTC 2026 - Executing "python3 /openlane/scripts/extract_antenna_violators.py --output /work/runs/uart_flow/reports/signoff/41-antenna_violators.rpt --plain-out /work/runs/uart_flow/reports/signoff/41-antenna_violators_pins.txt /work/runs/uart_flow/logs/signoff/41-arc.log"

Sat May 09 11:00:22 UTC 2026 - Executing "awk -v vdd=VPWR -v gnd=VGND -f /home/ahmed_sameh/.ciel/sky130A/libs.tech/openlane/cvc/power.awk /work/runs/uart_flow/tmp/signoff/36-uart_top.nl.v > /work/runs/uart_flow/tmp/signoff/uart_top.power"

Sat May 09 11:00:22 UTC 2026 - Executing "awk -f /home/ahmed_sameh/.ciel/sky130A/libs.tech/openlane/cvc/cdl.awk /home/ahmed_sameh/.ciel/sky130A/libs.ref/sky130_fd_sc_hd/cdl/sky130_fd_sc_hd.cdl /work/runs/uart_flow/results/signoff/uart_top.lef.spice > /work/runs/uart_flow/tmp/signoff/uart_top.cdl"

Sat May 09 11:00:23 UTC 2026 - Executing "cvc_rv /home/ahmed_sameh/.ciel/sky130A/libs.tech/openlane/cvc/cvcrc |& tee /dev/null /work/runs/uart_flow/logs/signoff/42-erc_screen.log"

