
Magic 8.3 revision 413 - Compiled on Wed Jul 12 10:04:40 UTC 2023.
Starting magic under Tcl interpreter
Using the terminal as the console.
Using NULL graphics device.
Processing system .magicrc file
Sourcing design .magicrc for technology sky130A ...
2 Magic internal units = 1 Lambda
Input style sky130(): scaleFactor=2, multiplier=2
The following types are not handled by extraction and will be treated as non-electrical types:
    ubm 
Scaled tech values by 2 / 1 to match internal grid scaling
Loading sky130A Device Generator Menu ...
Using technology "sky130A", version 1.0.493-0-g0fe599b
Reading LEF data from file /home/ahmed_sameh/.ciel/sky130A/libs.ref/sky130_fd_sc_hd/techlef/sky130_fd_sc_hd__nom.tlef.
This action cannot be undone.
LEF read, Line 82 (Message): Unknown keyword "ANTENNAMODEL" in LEF file; ignoring.
LEF read, Line 83 (Message): Unknown keyword "ANTENNADIFFSIDEAREARATIO" in LEF file; ignoring.
LEF read, Line 116 (Message): Unknown keyword "MINENCLOSEDAREA" in LEF file; ignoring.
LEF read, Line 118 (Message): Unknown keyword "ANTENNAMODEL" in LEF file; ignoring.
LEF read, Line 119 (Message): Unknown keyword "ANTENNADIFFSIDEAREARATIO" in LEF file; ignoring.
LEF read, Line 125 (Message): Unknown keyword "MAXIMUMDENSITY" in LEF file; ignoring.
LEF read, Line 126 (Message): Unknown keyword "DENSITYCHECKWINDOW" in LEF file; ignoring.
LEF read, Line 127 (Message): Unknown keyword "DENSITYCHECKSTEP" in LEF file; ignoring.
LEF read, Line 160 (Message): Unknown keyword "MINENCLOSEDAREA" in LEF file; ignoring.
LEF read, Line 168 (Message): Unknown keyword "ANTENNAMODEL" in LEF file; ignoring.
LEF read, Line 169 (Message): Unknown keyword "ANTENNADIFFSIDEAREARATIO" in LEF file; ignoring.
LEF read, Line 171 (Message): Unknown keyword "MAXIMUMDENSITY" in LEF file; ignoring.
LEF read, Line 172 (Message): Unknown keyword "DENSITYCHECKWINDOW" in LEF file; ignoring.
LEF read, Line 173 (Message): Unknown keyword "DENSITYCHECKSTEP" in LEF file; ignoring.
LEF read, Line 210 (Message): Unknown keyword "ANTENNAMODEL" in LEF file; ignoring.
LEF read, Line 211 (Message): Unknown keyword "ANTENNADIFFSIDEAREARATIO" in LEF file; ignoring.
LEF read, Line 213 (Message): Unknown keyword "MAXIMUMDENSITY" in LEF file; ignoring.
LEF read, Line 214 (Message): Unknown keyword "DENSITYCHECKWINDOW" in LEF file; ignoring.
LEF read, Line 215 (Message): Unknown keyword "DENSITYCHECKSTEP" in LEF file; ignoring.
LEF read, Line 252 (Message): Unknown keyword "ANTENNAMODEL" in LEF file; ignoring.
LEF read, Line 253 (Message): Unknown keyword "ANTENNADIFFSIDEAREARATIO" in LEF file; ignoring.
LEF read, Line 255 (Message): Unknown keyword "MAXIMUMDENSITY" in LEF file; ignoring.
LEF read, Line 256 (Message): Unknown keyword "DENSITYCHECKWINDOW" in LEF file; ignoring.
LEF read, Line 257 (Message): Unknown keyword "DENSITYCHECKSTEP" in LEF file; ignoring.
LEF read, Line 294 (Message): Unknown keyword "ANTENNAMODEL" in LEF file; ignoring.
LEF read, Line 295 (Message): Unknown keyword "ANTENNADIFFSIDEAREARATIO" in LEF file; ignoring.
LEF read: Processed 801 lines.
Reading DEF data from file /work/runs/uart_flow/results/routing/uart_top.def.
This action cannot be undone.
  Processed 4 vias total.
Warning: cell <sky130_fd_sc_hd__diode_2> from file /home/ahmed_sameh/.ciel/sky130A/libs.ref/sky130_fd_sc_hd/mag/sky130_fd_sc_hd__diode_2.mag is not writeable
Cell sky130_fd_sc_hd__diode_2 read from path /home/ahmed_sameh/.ciel/sky130A/libs.ref/sky130_fd_sc_hd/mag
Warning: cell <sky130_fd_sc_hd__decap_8> from file /home/ahmed_sameh/.ciel/sky130A/libs.ref/sky130_fd_sc_hd/mag/sky130_fd_sc_hd__decap_8.mag is not writeable
Cell sky130_fd_sc_hd__decap_8 read from path /home/ahmed_sameh/.ciel/sky130A/libs.ref/sky130_fd_sc_hd/mag
Warning: cell <sky130_fd_sc_hd__fill_1> from file /home/ahmed_sameh/.ciel/sky130A/libs.ref/sky130_fd_sc_hd/mag/sky130_fd_sc_hd__fill_1.mag is not writeable
Cell sky130_fd_sc_hd__fill_1 read from path /home/ahmed_sameh/.ciel/sky130A/libs.ref/sky130_fd_sc_hd/mag
Warning: cell <sky130_ef_sc_hd__decap_12> from file /home/ahmed_sameh/.ciel/sky130A/libs.ref/sky130_fd_sc_hd/mag/sky130_ef_sc_hd__decap_12.mag is not writeable
Cell sky130_ef_sc_hd__decap_12 read from path /home/ahmed_sameh/.ciel/sky130A/libs.ref/sky130_fd_sc_hd/mag
Warning: cell <sky130_fd_sc_hd__decap_3> from file /home/ahmed_sameh/.ciel/sky130A/libs.ref/sky130_fd_sc_hd/mag/sky130_fd_sc_hd__decap_3.mag is not writeable
Cell sky130_fd_sc_hd__decap_3 read from path /home/ahmed_sameh/.ciel/sky130A/libs.ref/sky130_fd_sc_hd/mag
Warning: cell <sky130_fd_sc_hd__decap_4> from file /home/ahmed_sameh/.ciel/sky130A/libs.ref/sky130_fd_sc_hd/mag/sky130_fd_sc_hd__decap_4.mag is not writeable
Cell sky130_fd_sc_hd__decap_4 read from path /home/ahmed_sameh/.ciel/sky130A/libs.ref/sky130_fd_sc_hd/mag
Warning: cell <sky130_fd_sc_hd__decap_6> from file /home/ahmed_sameh/.ciel/sky130A/libs.ref/sky130_fd_sc_hd/mag/sky130_fd_sc_hd__decap_6.mag is not writeable
Cell sky130_fd_sc_hd__decap_6 read from path /home/ahmed_sameh/.ciel/sky130A/libs.ref/sky130_fd_sc_hd/mag
Warning: cell <sky130_fd_sc_hd__fill_2> from file /home/ahmed_sameh/.ciel/sky130A/libs.ref/sky130_fd_sc_hd/mag/sky130_fd_sc_hd__fill_2.mag is not writeable
Cell sky130_fd_sc_hd__fill_2 read from path /home/ahmed_sameh/.ciel/sky130A/libs.ref/sky130_fd_sc_hd/mag
Warning: cell <sky130_fd_sc_hd__tapvpwrvgnd_1> from file /home/ahmed_sameh/.ciel/sky130A/libs.ref/sky130_fd_sc_hd/mag/sky130_fd_sc_hd__tapvpwrvgnd_1.mag is not writeable
Cell sky130_fd_sc_hd__tapvpwrvgnd_1 read from path /home/ahmed_sameh/.ciel/sky130A/libs.ref/sky130_fd_sc_hd/mag
Warning: cell <sky130_fd_sc_hd__inv_1> from file /home/ahmed_sameh/.ciel/sky130A/libs.ref/sky130_fd_sc_hd/mag/sky130_fd_sc_hd__inv_1.mag is not writeable
Cell sky130_fd_sc_hd__inv_1 read from path /home/ahmed_sameh/.ciel/sky130A/libs.ref/sky130_fd_sc_hd/mag
Warning: cell <sky130_fd_sc_hd__nor2_1> from file /home/ahmed_sameh/.ciel/sky130A/libs.ref/sky130_fd_sc_hd/mag/sky130_fd_sc_hd__nor2_1.mag is not writeable
Cell sky130_fd_sc_hd__nor2_1 read from path /home/ahmed_sameh/.ciel/sky130A/libs.ref/sky130_fd_sc_hd/mag
Warning: cell <sky130_fd_sc_hd__nor4_1> from file /home/ahmed_sameh/.ciel/sky130A/libs.ref/sky130_fd_sc_hd/mag/sky130_fd_sc_hd__nor4_1.mag is not writeable
Cell sky130_fd_sc_hd__nor4_1 read from path /home/ahmed_sameh/.ciel/sky130A/libs.ref/sky130_fd_sc_hd/mag
Warning: cell <sky130_fd_sc_hd__or4_4> from file /home/ahmed_sameh/.ciel/sky130A/libs.ref/sky130_fd_sc_hd/mag/sky130_fd_sc_hd__or4_4.mag is not writeable
Cell sky130_fd_sc_hd__or4_4 read from path /home/ahmed_sameh/.ciel/sky130A/libs.ref/sky130_fd_sc_hd/mag
Warning: cell <sky130_fd_sc_hd__nor2_4> from file /home/ahmed_sameh/.ciel/sky130A/libs.ref/sky130_fd_sc_hd/mag/sky130_fd_sc_hd__nor2_4.mag is not writeable
Cell sky130_fd_sc_hd__nor2_4 read from path /home/ahmed_sameh/.ciel/sky130A/libs.ref/sky130_fd_sc_hd/mag
Warning: cell <sky130_fd_sc_hd__nor3_1> from file /home/ahmed_sameh/.ciel/sky130A/libs.ref/sky130_fd_sc_hd/mag/sky130_fd_sc_hd__nor3_1.mag is not writeable
Cell sky130_fd_sc_hd__nor3_1 read from path /home/ahmed_sameh/.ciel/sky130A/libs.ref/sky130_fd_sc_hd/mag
Warning: cell <sky130_fd_sc_hd__lpflow_isobufsrc_1> from file /home/ahmed_sameh/.ciel/sky130A/libs.ref/sky130_fd_sc_hd/mag/sky130_fd_sc_hd__lpflow_isobufsrc_1.mag is not writeable
Cell sky130_fd_sc_hd__lpflow_isobufsrc_1 read from path /home/ahmed_sameh/.ciel/sky130A/libs.ref/sky130_fd_sc_hd/mag
Warning: cell <sky130_fd_sc_hd__inv_2> from file /home/ahmed_sameh/.ciel/sky130A/libs.ref/sky130_fd_sc_hd/mag/sky130_fd_sc_hd__inv_2.mag is not writeable
Cell sky130_fd_sc_hd__inv_2 read from path /home/ahmed_sameh/.ciel/sky130A/libs.ref/sky130_fd_sc_hd/mag
Warning: cell <sky130_fd_sc_hd__nand2_2> from file /home/ahmed_sameh/.ciel/sky130A/libs.ref/sky130_fd_sc_hd/mag/sky130_fd_sc_hd__nand2_2.mag is not writeable
Cell sky130_fd_sc_hd__nand2_2 read from path /home/ahmed_sameh/.ciel/sky130A/libs.ref/sky130_fd_sc_hd/mag
Warning: cell <sky130_fd_sc_hd__nand2b_2> from file /home/ahmed_sameh/.ciel/sky130A/libs.ref/sky130_fd_sc_hd/mag/sky130_fd_sc_hd__nand2b_2.mag is not writeable
Cell sky130_fd_sc_hd__nand2b_2 read from path /home/ahmed_sameh/.ciel/sky130A/libs.ref/sky130_fd_sc_hd/mag
Warning: cell <sky130_fd_sc_hd__nor4_2> from file /home/ahmed_sameh/.ciel/sky130A/libs.ref/sky130_fd_sc_hd/mag/sky130_fd_sc_hd__nor4_2.mag is not writeable
Cell sky130_fd_sc_hd__nor4_2 read from path /home/ahmed_sameh/.ciel/sky130A/libs.ref/sky130_fd_sc_hd/mag
Warning: cell <sky130_fd_sc_hd__nand2b_1> from file /home/ahmed_sameh/.ciel/sky130A/libs.ref/sky130_fd_sc_hd/mag/sky130_fd_sc_hd__nand2b_1.mag is not writeable
Cell sky130_fd_sc_hd__nand2b_1 read from path /home/ahmed_sameh/.ciel/sky130A/libs.ref/sky130_fd_sc_hd/mag
Warning: cell <sky130_fd_sc_hd__nor3_2> from file /home/ahmed_sameh/.ciel/sky130A/libs.ref/sky130_fd_sc_hd/mag/sky130_fd_sc_hd__nor3_2.mag is not writeable
Cell sky130_fd_sc_hd__nor3_2 read from path /home/ahmed_sameh/.ciel/sky130A/libs.ref/sky130_fd_sc_hd/mag
Warning: cell <sky130_fd_sc_hd__nor2_2> from file /home/ahmed_sameh/.ciel/sky130A/libs.ref/sky130_fd_sc_hd/mag/sky130_fd_sc_hd__nor2_2.mag is not writeable
Cell sky130_fd_sc_hd__nor2_2 read from path /home/ahmed_sameh/.ciel/sky130A/libs.ref/sky130_fd_sc_hd/mag
Warning: cell <sky130_fd_sc_hd__a222oi_1> from file /home/ahmed_sameh/.ciel/sky130A/libs.ref/sky130_fd_sc_hd/mag/sky130_fd_sc_hd__a222oi_1.mag is not writeable
Cell sky130_fd_sc_hd__a222oi_1 read from path /home/ahmed_sameh/.ciel/sky130A/libs.ref/sky130_fd_sc_hd/mag
Warning: cell <sky130_fd_sc_hd__a22oi_2> from file /home/ahmed_sameh/.ciel/sky130A/libs.ref/sky130_fd_sc_hd/mag/sky130_fd_sc_hd__a22oi_2.mag is not writeable
Cell sky130_fd_sc_hd__a22oi_2 read from path /home/ahmed_sameh/.ciel/sky130A/libs.ref/sky130_fd_sc_hd/mag
Warning: cell <sky130_fd_sc_hd__a22oi_1> from file /home/ahmed_sameh/.ciel/sky130A/libs.ref/sky130_fd_sc_hd/mag/sky130_fd_sc_hd__a22oi_1.mag is not writeable
Cell sky130_fd_sc_hd__a22oi_1 read from path /home/ahmed_sameh/.ciel/sky130A/libs.ref/sky130_fd_sc_hd/mag
Warning: cell <sky130_fd_sc_hd__nand4_1> from file /home/ahmed_sameh/.ciel/sky130A/libs.ref/sky130_fd_sc_hd/mag/sky130_fd_sc_hd__nand4_1.mag is not writeable
Cell sky130_fd_sc_hd__nand4_1 read from path /home/ahmed_sameh/.ciel/sky130A/libs.ref/sky130_fd_sc_hd/mag
Warning: cell <sky130_fd_sc_hd__nand2_1> from file /home/ahmed_sameh/.ciel/sky130A/libs.ref/sky130_fd_sc_hd/mag/sky130_fd_sc_hd__nand2_1.mag is not writeable
Cell sky130_fd_sc_hd__nand2_1 read from path /home/ahmed_sameh/.ciel/sky130A/libs.ref/sky130_fd_sc_hd/mag
Warning: cell <sky130_fd_sc_hd__a22o_1> from file /home/ahmed_sameh/.ciel/sky130A/libs.ref/sky130_fd_sc_hd/mag/sky130_fd_sc_hd__a22o_1.mag is not writeable
Cell sky130_fd_sc_hd__a22o_1 read from path /home/ahmed_sameh/.ciel/sky130A/libs.ref/sky130_fd_sc_hd/mag
Warning: cell <sky130_fd_sc_hd__a221oi_2> from file /home/ahmed_sameh/.ciel/sky130A/libs.ref/sky130_fd_sc_hd/mag/sky130_fd_sc_hd__a221oi_2.mag is not writeable
Cell sky130_fd_sc_hd__a221oi_2 read from path /home/ahmed_sameh/.ciel/sky130A/libs.ref/sky130_fd_sc_hd/mag
Warning: cell <sky130_fd_sc_hd__nand4_2> from file /home/ahmed_sameh/.ciel/sky130A/libs.ref/sky130_fd_sc_hd/mag/sky130_fd_sc_hd__nand4_2.mag is not writeable
Cell sky130_fd_sc_hd__nand4_2 read from path /home/ahmed_sameh/.ciel/sky130A/libs.ref/sky130_fd_sc_hd/mag
Warning: cell <sky130_fd_sc_hd__a221oi_4> from file /home/ahmed_sameh/.ciel/sky130A/libs.ref/sky130_fd_sc_hd/mag/sky130_fd_sc_hd__a221oi_4.mag is not writeable
Cell sky130_fd_sc_hd__a221oi_4 read from path /home/ahmed_sameh/.ciel/sky130A/libs.ref/sky130_fd_sc_hd/mag
Warning: cell <sky130_fd_sc_hd__or3_2> from file /home/ahmed_sameh/.ciel/sky130A/libs.ref/sky130_fd_sc_hd/mag/sky130_fd_sc_hd__or3_2.mag is not writeable
Cell sky130_fd_sc_hd__or3_2 read from path /home/ahmed_sameh/.ciel/sky130A/libs.ref/sky130_fd_sc_hd/mag
Warning: cell <sky130_fd_sc_hd__or4_1> from file /home/ahmed_sameh/.ciel/sky130A/libs.ref/sky130_fd_sc_hd/mag/sky130_fd_sc_hd__or4_1.mag is not writeable
Cell sky130_fd_sc_hd__or4_1 read from path /home/ahmed_sameh/.ciel/sky130A/libs.ref/sky130_fd_sc_hd/mag
Warning: cell <sky130_fd_sc_hd__or3_1> from file /home/ahmed_sameh/.ciel/sky130A/libs.ref/sky130_fd_sc_hd/mag/sky130_fd_sc_hd__or3_1.mag is not writeable
Cell sky130_fd_sc_hd__or3_1 read from path /home/ahmed_sameh/.ciel/sky130A/libs.ref/sky130_fd_sc_hd/mag
Warning: cell <sky130_fd_sc_hd__xor2_1> from file /home/ahmed_sameh/.ciel/sky130A/libs.ref/sky130_fd_sc_hd/mag/sky130_fd_sc_hd__xor2_1.mag is not writeable
Cell sky130_fd_sc_hd__xor2_1 read from path /home/ahmed_sameh/.ciel/sky130A/libs.ref/sky130_fd_sc_hd/mag
Warning: cell <sky130_fd_sc_hd__o31ai_2> from file /home/ahmed_sameh/.ciel/sky130A/libs.ref/sky130_fd_sc_hd/mag/sky130_fd_sc_hd__o31ai_2.mag is not writeable
Cell sky130_fd_sc_hd__o31ai_2 read from path /home/ahmed_sameh/.ciel/sky130A/libs.ref/sky130_fd_sc_hd/mag
Warning: cell <sky130_fd_sc_hd__xnor2_1> from file /home/ahmed_sameh/.ciel/sky130A/libs.ref/sky130_fd_sc_hd/mag/sky130_fd_sc_hd__xnor2_1.mag is not writeable
Cell sky130_fd_sc_hd__xnor2_1 read from path /home/ahmed_sameh/.ciel/sky130A/libs.ref/sky130_fd_sc_hd/mag
Warning: cell <sky130_fd_sc_hd__a21oi_1> from file /home/ahmed_sameh/.ciel/sky130A/libs.ref/sky130_fd_sc_hd/mag/sky130_fd_sc_hd__a21oi_1.mag is not writeable
Cell sky130_fd_sc_hd__a21oi_1 read from path /home/ahmed_sameh/.ciel/sky130A/libs.ref/sky130_fd_sc_hd/mag
Warning: cell <sky130_fd_sc_hd__o31a_1> from file /home/ahmed_sameh/.ciel/sky130A/libs.ref/sky130_fd_sc_hd/mag/sky130_fd_sc_hd__o31a_1.mag is not writeable
Cell sky130_fd_sc_hd__o31a_1 read from path /home/ahmed_sameh/.ciel/sky130A/libs.ref/sky130_fd_sc_hd/mag
Warning: cell <sky130_fd_sc_hd__o41ai_1> from file /home/ahmed_sameh/.ciel/sky130A/libs.ref/sky130_fd_sc_hd/mag/sky130_fd_sc_hd__o41ai_1.mag is not writeable
Cell sky130_fd_sc_hd__o41ai_1 read from path /home/ahmed_sameh/.ciel/sky130A/libs.ref/sky130_fd_sc_hd/mag
Warning: cell <sky130_fd_sc_hd__o21ai_1> from file /home/ahmed_sameh/.ciel/sky130A/libs.ref/sky130_fd_sc_hd/mag/sky130_fd_sc_hd__o21ai_1.mag is not writeable
Cell sky130_fd_sc_hd__o21ai_1 read from path /home/ahmed_sameh/.ciel/sky130A/libs.ref/sky130_fd_sc_hd/mag
Warning: cell <sky130_fd_sc_hd__o21a_1> from file /home/ahmed_sameh/.ciel/sky130A/libs.ref/sky130_fd_sc_hd/mag/sky130_fd_sc_hd__o21a_1.mag is not writeable
Cell sky130_fd_sc_hd__o21a_1 read from path /home/ahmed_sameh/.ciel/sky130A/libs.ref/sky130_fd_sc_hd/mag
Warning: cell <sky130_fd_sc_hd__o21ai_0> from file /home/ahmed_sameh/.ciel/sky130A/libs.ref/sky130_fd_sc_hd/mag/sky130_fd_sc_hd__o21ai_0.mag is not writeable
Cell sky130_fd_sc_hd__o21ai_0 read from path /home/ahmed_sameh/.ciel/sky130A/libs.ref/sky130_fd_sc_hd/mag
Warning: cell <sky130_fd_sc_hd__nand3_1> from file /home/ahmed_sameh/.ciel/sky130A/libs.ref/sky130_fd_sc_hd/mag/sky130_fd_sc_hd__nand3_1.mag is not writeable
Cell sky130_fd_sc_hd__nand3_1 read from path /home/ahmed_sameh/.ciel/sky130A/libs.ref/sky130_fd_sc_hd/mag
Warning: cell <sky130_fd_sc_hd__nor4bb_1> from file /home/ahmed_sameh/.ciel/sky130A/libs.ref/sky130_fd_sc_hd/mag/sky130_fd_sc_hd__nor4bb_1.mag is not writeable
Cell sky130_fd_sc_hd__nor4bb_1 read from path /home/ahmed_sameh/.ciel/sky130A/libs.ref/sky130_fd_sc_hd/mag
Warning: cell <sky130_fd_sc_hd__a2111oi_1> from file /home/ahmed_sameh/.ciel/sky130A/libs.ref/sky130_fd_sc_hd/mag/sky130_fd_sc_hd__a2111oi_1.mag is not writeable
Cell sky130_fd_sc_hd__a2111oi_1 read from path /home/ahmed_sameh/.ciel/sky130A/libs.ref/sky130_fd_sc_hd/mag
Warning: cell <sky130_fd_sc_hd__o2111ai_1> from file /home/ahmed_sameh/.ciel/sky130A/libs.ref/sky130_fd_sc_hd/mag/sky130_fd_sc_hd__o2111ai_1.mag is not writeable
Cell sky130_fd_sc_hd__o2111ai_1 read from path /home/ahmed_sameh/.ciel/sky130A/libs.ref/sky130_fd_sc_hd/mag
Warning: cell <sky130_fd_sc_hd__nand4_4> from file /home/ahmed_sameh/.ciel/sky130A/libs.ref/sky130_fd_sc_hd/mag/sky130_fd_sc_hd__nand4_4.mag is not writeable
Cell sky130_fd_sc_hd__nand4_4 read from path /home/ahmed_sameh/.ciel/sky130A/libs.ref/sky130_fd_sc_hd/mag
Warning: cell <sky130_fd_sc_hd__or3b_1> from file /home/ahmed_sameh/.ciel/sky130A/libs.ref/sky130_fd_sc_hd/mag/sky130_fd_sc_hd__or3b_1.mag is not writeable
Cell sky130_fd_sc_hd__or3b_1 read from path /home/ahmed_sameh/.ciel/sky130A/libs.ref/sky130_fd_sc_hd/mag
Warning: cell <sky130_fd_sc_hd__and3_1> from file /home/ahmed_sameh/.ciel/sky130A/libs.ref/sky130_fd_sc_hd/mag/sky130_fd_sc_hd__and3_1.mag is not writeable
Cell sky130_fd_sc_hd__and3_1 read from path /home/ahmed_sameh/.ciel/sky130A/libs.ref/sky130_fd_sc_hd/mag
Warning: cell <sky130_fd_sc_hd__and2_1> from file /home/ahmed_sameh/.ciel/sky130A/libs.ref/sky130_fd_sc_hd/mag/sky130_fd_sc_hd__and2_1.mag is not writeable
Cell sky130_fd_sc_hd__and2_1 read from path /home/ahmed_sameh/.ciel/sky130A/libs.ref/sky130_fd_sc_hd/mag
Warning: cell <sky130_fd_sc_hd__and4_1> from file /home/ahmed_sameh/.ciel/sky130A/libs.ref/sky130_fd_sc_hd/mag/sky130_fd_sc_hd__and4_1.mag is not writeable
Cell sky130_fd_sc_hd__and4_1 read from path /home/ahmed_sameh/.ciel/sky130A/libs.ref/sky130_fd_sc_hd/mag
Warning: cell <sky130_fd_sc_hd__a31oi_1> from file /home/ahmed_sameh/.ciel/sky130A/libs.ref/sky130_fd_sc_hd/mag/sky130_fd_sc_hd__a31oi_1.mag is not writeable
Cell sky130_fd_sc_hd__a31oi_1 read from path /home/ahmed_sameh/.ciel/sky130A/libs.ref/sky130_fd_sc_hd/mag
Warning: cell <sky130_fd_sc_hd__nor3b_1> from file /home/ahmed_sameh/.ciel/sky130A/libs.ref/sky130_fd_sc_hd/mag/sky130_fd_sc_hd__nor3b_1.mag is not writeable
Cell sky130_fd_sc_hd__nor3b_1 read from path /home/ahmed_sameh/.ciel/sky130A/libs.ref/sky130_fd_sc_hd/mag
Warning: cell <sky130_fd_sc_hd__and2_0> from file /home/ahmed_sameh/.ciel/sky130A/libs.ref/sky130_fd_sc_hd/mag/sky130_fd_sc_hd__and2_0.mag is not writeable
Cell sky130_fd_sc_hd__and2_0 read from path /home/ahmed_sameh/.ciel/sky130A/libs.ref/sky130_fd_sc_hd/mag
Warning: cell <sky130_fd_sc_hd__o211ai_2> from file /home/ahmed_sameh/.ciel/sky130A/libs.ref/sky130_fd_sc_hd/mag/sky130_fd_sc_hd__o211ai_2.mag is not writeable
Cell sky130_fd_sc_hd__o211ai_2 read from path /home/ahmed_sameh/.ciel/sky130A/libs.ref/sky130_fd_sc_hd/mag
Warning: cell <sky130_fd_sc_hd__xor2_2> from file /home/ahmed_sameh/.ciel/sky130A/libs.ref/sky130_fd_sc_hd/mag/sky130_fd_sc_hd__xor2_2.mag is not writeable
Cell sky130_fd_sc_hd__xor2_2 read from path /home/ahmed_sameh/.ciel/sky130A/libs.ref/sky130_fd_sc_hd/mag
Warning: cell <sky130_fd_sc_hd__o31ai_1> from file /home/ahmed_sameh/.ciel/sky130A/libs.ref/sky130_fd_sc_hd/mag/sky130_fd_sc_hd__o31ai_1.mag is not writeable
Cell sky130_fd_sc_hd__o31ai_1 read from path /home/ahmed_sameh/.ciel/sky130A/libs.ref/sky130_fd_sc_hd/mag
Warning: cell <sky130_fd_sc_hd__a21boi_1> from file /home/ahmed_sameh/.ciel/sky130A/libs.ref/sky130_fd_sc_hd/mag/sky130_fd_sc_hd__a21boi_1.mag is not writeable
Cell sky130_fd_sc_hd__a21boi_1 read from path /home/ahmed_sameh/.ciel/sky130A/libs.ref/sky130_fd_sc_hd/mag
Warning: cell <sky130_fd_sc_hd__and3b_1> from file /home/ahmed_sameh/.ciel/sky130A/libs.ref/sky130_fd_sc_hd/mag/sky130_fd_sc_hd__and3b_1.mag is not writeable
Cell sky130_fd_sc_hd__and3b_1 read from path /home/ahmed_sameh/.ciel/sky130A/libs.ref/sky130_fd_sc_hd/mag
Warning: cell <sky130_fd_sc_hd__xnor3_1> from file /home/ahmed_sameh/.ciel/sky130A/libs.ref/sky130_fd_sc_hd/mag/sky130_fd_sc_hd__xnor3_1.mag is not writeable
Cell sky130_fd_sc_hd__xnor3_1 read from path /home/ahmed_sameh/.ciel/sky130A/libs.ref/sky130_fd_sc_hd/mag
Warning: cell <sky130_fd_sc_hd__mux2_1> from file /home/ahmed_sameh/.ciel/sky130A/libs.ref/sky130_fd_sc_hd/mag/sky130_fd_sc_hd__mux2_1.mag is not writeable
Cell sky130_fd_sc_hd__mux2_1 read from path /home/ahmed_sameh/.ciel/sky130A/libs.ref/sky130_fd_sc_hd/mag
Warning: cell <sky130_fd_sc_hd__o2111a_1> from file /home/ahmed_sameh/.ciel/sky130A/libs.ref/sky130_fd_sc_hd/mag/sky130_fd_sc_hd__o2111a_1.mag is not writeable
Cell sky130_fd_sc_hd__o2111a_1 read from path /home/ahmed_sameh/.ciel/sky130A/libs.ref/sky130_fd_sc_hd/mag
Warning: cell <sky130_fd_sc_hd__o2111ai_2> from file /home/ahmed_sameh/.ciel/sky130A/libs.ref/sky130_fd_sc_hd/mag/sky130_fd_sc_hd__o2111ai_2.mag is not writeable
Cell sky130_fd_sc_hd__o2111ai_2 read from path /home/ahmed_sameh/.ciel/sky130A/libs.ref/sky130_fd_sc_hd/mag
Warning: cell <sky130_fd_sc_hd__nor4bb_2> from file /home/ahmed_sameh/.ciel/sky130A/libs.ref/sky130_fd_sc_hd/mag/sky130_fd_sc_hd__nor4bb_2.mag is not writeable
Cell sky130_fd_sc_hd__nor4bb_2 read from path /home/ahmed_sameh/.ciel/sky130A/libs.ref/sky130_fd_sc_hd/mag
Warning: cell <sky130_fd_sc_hd__nand4b_4> from file /home/ahmed_sameh/.ciel/sky130A/libs.ref/sky130_fd_sc_hd/mag/sky130_fd_sc_hd__nand4b_4.mag is not writeable
Cell sky130_fd_sc_hd__nand4b_4 read from path /home/ahmed_sameh/.ciel/sky130A/libs.ref/sky130_fd_sc_hd/mag
Warning: cell <sky130_fd_sc_hd__or3_4> from file /home/ahmed_sameh/.ciel/sky130A/libs.ref/sky130_fd_sc_hd/mag/sky130_fd_sc_hd__or3_4.mag is not writeable
Cell sky130_fd_sc_hd__or3_4 read from path /home/ahmed_sameh/.ciel/sky130A/libs.ref/sky130_fd_sc_hd/mag
Warning: cell <sky130_fd_sc_hd__o21ai_2> from file /home/ahmed_sameh/.ciel/sky130A/libs.ref/sky130_fd_sc_hd/mag/sky130_fd_sc_hd__o21ai_2.mag is not writeable
Cell sky130_fd_sc_hd__o21ai_2 read from path /home/ahmed_sameh/.ciel/sky130A/libs.ref/sky130_fd_sc_hd/mag
Warning: cell <sky130_fd_sc_hd__nor3b_2> from file /home/ahmed_sameh/.ciel/sky130A/libs.ref/sky130_fd_sc_hd/mag/sky130_fd_sc_hd__nor3b_2.mag is not writeable
Cell sky130_fd_sc_hd__nor3b_2 read from path /home/ahmed_sameh/.ciel/sky130A/libs.ref/sky130_fd_sc_hd/mag
Warning: cell <sky130_fd_sc_hd__a32oi_1> from file /home/ahmed_sameh/.ciel/sky130A/libs.ref/sky130_fd_sc_hd/mag/sky130_fd_sc_hd__a32oi_1.mag is not writeable
Cell sky130_fd_sc_hd__a32oi_1 read from path /home/ahmed_sameh/.ciel/sky130A/libs.ref/sky130_fd_sc_hd/mag
Warning: cell <sky130_fd_sc_hd__and2_2> from file /home/ahmed_sameh/.ciel/sky130A/libs.ref/sky130_fd_sc_hd/mag/sky130_fd_sc_hd__and2_2.mag is not writeable
Cell sky130_fd_sc_hd__and2_2 read from path /home/ahmed_sameh/.ciel/sky130A/libs.ref/sky130_fd_sc_hd/mag
Warning: cell <sky130_fd_sc_hd__o41a_1> from file /home/ahmed_sameh/.ciel/sky130A/libs.ref/sky130_fd_sc_hd/mag/sky130_fd_sc_hd__o41a_1.mag is not writeable
Cell sky130_fd_sc_hd__o41a_1 read from path /home/ahmed_sameh/.ciel/sky130A/libs.ref/sky130_fd_sc_hd/mag
Warning: cell <sky130_fd_sc_hd__a221oi_1> from file /home/ahmed_sameh/.ciel/sky130A/libs.ref/sky130_fd_sc_hd/mag/sky130_fd_sc_hd__a221oi_1.mag is not writeable
Cell sky130_fd_sc_hd__a221oi_1 read from path /home/ahmed_sameh/.ciel/sky130A/libs.ref/sky130_fd_sc_hd/mag
Warning: cell <sky130_fd_sc_hd__a32o_1> from file /home/ahmed_sameh/.ciel/sky130A/libs.ref/sky130_fd_sc_hd/mag/sky130_fd_sc_hd__a32o_1.mag is not writeable
Cell sky130_fd_sc_hd__a32o_1 read from path /home/ahmed_sameh/.ciel/sky130A/libs.ref/sky130_fd_sc_hd/mag
Warning: cell <sky130_fd_sc_hd__a221o_1> from file /home/ahmed_sameh/.ciel/sky130A/libs.ref/sky130_fd_sc_hd/mag/sky130_fd_sc_hd__a221o_1.mag is not writeable
Cell sky130_fd_sc_hd__a221o_1 read from path /home/ahmed_sameh/.ciel/sky130A/libs.ref/sky130_fd_sc_hd/mag
Warning: cell <sky130_fd_sc_hd__o211ai_1> from file /home/ahmed_sameh/.ciel/sky130A/libs.ref/sky130_fd_sc_hd/mag/sky130_fd_sc_hd__o211ai_1.mag is not writeable
Cell sky130_fd_sc_hd__o211ai_1 read from path /home/ahmed_sameh/.ciel/sky130A/libs.ref/sky130_fd_sc_hd/mag
Warning: cell <sky130_fd_sc_hd__a21oi_2> from file /home/ahmed_sameh/.ciel/sky130A/libs.ref/sky130_fd_sc_hd/mag/sky130_fd_sc_hd__a21oi_2.mag is not writeable
Cell sky130_fd_sc_hd__a21oi_2 read from path /home/ahmed_sameh/.ciel/sky130A/libs.ref/sky130_fd_sc_hd/mag
Warning: cell <sky130_fd_sc_hd__a211o_1> from file /home/ahmed_sameh/.ciel/sky130A/libs.ref/sky130_fd_sc_hd/mag/sky130_fd_sc_hd__a211o_1.mag is not writeable
Cell sky130_fd_sc_hd__a211o_1 read from path /home/ahmed_sameh/.ciel/sky130A/libs.ref/sky130_fd_sc_hd/mag
Warning: cell <sky130_fd_sc_hd__nand3_2> from file /home/ahmed_sameh/.ciel/sky130A/libs.ref/sky130_fd_sc_hd/mag/sky130_fd_sc_hd__nand3_2.mag is not writeable
Cell sky130_fd_sc_hd__nand3_2 read from path /home/ahmed_sameh/.ciel/sky130A/libs.ref/sky130_fd_sc_hd/mag
Warning: cell <sky130_fd_sc_hd__o21a_2> from file /home/ahmed_sameh/.ciel/sky130A/libs.ref/sky130_fd_sc_hd/mag/sky130_fd_sc_hd__o21a_2.mag is not writeable
Cell sky130_fd_sc_hd__o21a_2 read from path /home/ahmed_sameh/.ciel/sky130A/libs.ref/sky130_fd_sc_hd/mag
Warning: cell <sky130_fd_sc_hd__nand3_4> from file /home/ahmed_sameh/.ciel/sky130A/libs.ref/sky130_fd_sc_hd/mag/sky130_fd_sc_hd__nand3_4.mag is not writeable
Cell sky130_fd_sc_hd__nand3_4 read from path /home/ahmed_sameh/.ciel/sky130A/libs.ref/sky130_fd_sc_hd/mag
Warning: cell <sky130_fd_sc_hd__nand2_4> from file /home/ahmed_sameh/.ciel/sky130A/libs.ref/sky130_fd_sc_hd/mag/sky130_fd_sc_hd__nand2_4.mag is not writeable
Cell sky130_fd_sc_hd__nand2_4 read from path /home/ahmed_sameh/.ciel/sky130A/libs.ref/sky130_fd_sc_hd/mag
Warning: cell <sky130_fd_sc_hd__nor3_4> from file /home/ahmed_sameh/.ciel/sky130A/libs.ref/sky130_fd_sc_hd/mag/sky130_fd_sc_hd__nor3_4.mag is not writeable
Cell sky130_fd_sc_hd__nor3_4 read from path /home/ahmed_sameh/.ciel/sky130A/libs.ref/sky130_fd_sc_hd/mag
Warning: cell <sky130_fd_sc_hd__a31o_1> from file /home/ahmed_sameh/.ciel/sky130A/libs.ref/sky130_fd_sc_hd/mag/sky130_fd_sc_hd__a31o_1.mag is not writeable
Cell sky130_fd_sc_hd__a31o_1 read from path /home/ahmed_sameh/.ciel/sky130A/libs.ref/sky130_fd_sc_hd/mag
Warning: cell <sky130_fd_sc_hd__o311ai_2> from file /home/ahmed_sameh/.ciel/sky130A/libs.ref/sky130_fd_sc_hd/mag/sky130_fd_sc_hd__o311ai_2.mag is not writeable
Cell sky130_fd_sc_hd__o311ai_2 read from path /home/ahmed_sameh/.ciel/sky130A/libs.ref/sky130_fd_sc_hd/mag
Warning: cell <sky130_fd_sc_hd__a41oi_1> from file /home/ahmed_sameh/.ciel/sky130A/libs.ref/sky130_fd_sc_hd/mag/sky130_fd_sc_hd__a41oi_1.mag is not writeable
Cell sky130_fd_sc_hd__a41oi_1 read from path /home/ahmed_sameh/.ciel/sky130A/libs.ref/sky130_fd_sc_hd/mag
Warning: cell <sky130_fd_sc_hd__nor2b_1> from file /home/ahmed_sameh/.ciel/sky130A/libs.ref/sky130_fd_sc_hd/mag/sky130_fd_sc_hd__nor2b_1.mag is not writeable
Cell sky130_fd_sc_hd__nor2b_1 read from path /home/ahmed_sameh/.ciel/sky130A/libs.ref/sky130_fd_sc_hd/mag
Warning: cell <sky130_fd_sc_hd__lpflow_inputiso1p_1> from file /home/ahmed_sameh/.ciel/sky130A/libs.ref/sky130_fd_sc_hd/mag/sky130_fd_sc_hd__lpflow_inputiso1p_1.mag is not writeable
Cell sky130_fd_sc_hd__lpflow_inputiso1p_1 read from path /home/ahmed_sameh/.ciel/sky130A/libs.ref/sky130_fd_sc_hd/mag
Warning: cell <sky130_fd_sc_hd__and3b_2> from file /home/ahmed_sameh/.ciel/sky130A/libs.ref/sky130_fd_sc_hd/mag/sky130_fd_sc_hd__and3b_2.mag is not writeable
Cell sky130_fd_sc_hd__and3b_2 read from path /home/ahmed_sameh/.ciel/sky130A/libs.ref/sky130_fd_sc_hd/mag
Warning: cell <sky130_fd_sc_hd__nand3b_1> from file /home/ahmed_sameh/.ciel/sky130A/libs.ref/sky130_fd_sc_hd/mag/sky130_fd_sc_hd__nand3b_1.mag is not writeable
Cell sky130_fd_sc_hd__nand3b_1 read from path /home/ahmed_sameh/.ciel/sky130A/libs.ref/sky130_fd_sc_hd/mag
Warning: cell <sky130_fd_sc_hd__a21o_1> from file /home/ahmed_sameh/.ciel/sky130A/libs.ref/sky130_fd_sc_hd/mag/sky130_fd_sc_hd__a21o_1.mag is not writeable
Cell sky130_fd_sc_hd__a21o_1 read from path /home/ahmed_sameh/.ciel/sky130A/libs.ref/sky130_fd_sc_hd/mag
Warning: cell <sky130_fd_sc_hd__mux2i_4> from file /home/ahmed_sameh/.ciel/sky130A/libs.ref/sky130_fd_sc_hd/mag/sky130_fd_sc_hd__mux2i_4.mag is not writeable
Cell sky130_fd_sc_hd__mux2i_4 read from path /home/ahmed_sameh/.ciel/sky130A/libs.ref/sky130_fd_sc_hd/mag
Warning: cell <sky130_fd_sc_hd__a41oi_2> from file /home/ahmed_sameh/.ciel/sky130A/libs.ref/sky130_fd_sc_hd/mag/sky130_fd_sc_hd__a41oi_2.mag is not writeable
Cell sky130_fd_sc_hd__a41oi_2 read from path /home/ahmed_sameh/.ciel/sky130A/libs.ref/sky130_fd_sc_hd/mag
Warning: cell <sky130_fd_sc_hd__a21oi_4> from file /home/ahmed_sameh/.ciel/sky130A/libs.ref/sky130_fd_sc_hd/mag/sky130_fd_sc_hd__a21oi_4.mag is not writeable
Cell sky130_fd_sc_hd__a21oi_4 read from path /home/ahmed_sameh/.ciel/sky130A/libs.ref/sky130_fd_sc_hd/mag
Warning: cell <sky130_fd_sc_hd__and4b_4> from file /home/ahmed_sameh/.ciel/sky130A/libs.ref/sky130_fd_sc_hd/mag/sky130_fd_sc_hd__and4b_4.mag is not writeable
Cell sky130_fd_sc_hd__and4b_4 read from path /home/ahmed_sameh/.ciel/sky130A/libs.ref/sky130_fd_sc_hd/mag
Warning: cell <sky130_fd_sc_hd__nor4bb_4> from file /home/ahmed_sameh/.ciel/sky130A/libs.ref/sky130_fd_sc_hd/mag/sky130_fd_sc_hd__nor4bb_4.mag is not writeable
Cell sky130_fd_sc_hd__nor4bb_4 read from path /home/ahmed_sameh/.ciel/sky130A/libs.ref/sky130_fd_sc_hd/mag
Warning: cell <sky130_fd_sc_hd__nor4b_4> from file /home/ahmed_sameh/.ciel/sky130A/libs.ref/sky130_fd_sc_hd/mag/sky130_fd_sc_hd__nor4b_4.mag is not writeable
Cell sky130_fd_sc_hd__nor4b_4 read from path /home/ahmed_sameh/.ciel/sky130A/libs.ref/sky130_fd_sc_hd/mag
Warning: cell <sky130_fd_sc_hd__nor4b_2> from file /home/ahmed_sameh/.ciel/sky130A/libs.ref/sky130_fd_sc_hd/mag/sky130_fd_sc_hd__nor4b_2.mag is not writeable
Cell sky130_fd_sc_hd__nor4b_2 read from path /home/ahmed_sameh/.ciel/sky130A/libs.ref/sky130_fd_sc_hd/mag
Warning: cell <sky130_fd_sc_hd__and4_4> from file /home/ahmed_sameh/.ciel/sky130A/libs.ref/sky130_fd_sc_hd/mag/sky130_fd_sc_hd__and4_4.mag is not writeable
Cell sky130_fd_sc_hd__and4_4 read from path /home/ahmed_sameh/.ciel/sky130A/libs.ref/sky130_fd_sc_hd/mag
Warning: cell <sky130_fd_sc_hd__nor4b_1> from file /home/ahmed_sameh/.ciel/sky130A/libs.ref/sky130_fd_sc_hd/mag/sky130_fd_sc_hd__nor4b_1.mag is not writeable
Cell sky130_fd_sc_hd__nor4b_1 read from path /home/ahmed_sameh/.ciel/sky130A/libs.ref/sky130_fd_sc_hd/mag
Warning: cell <sky130_fd_sc_hd__and4b_1> from file /home/ahmed_sameh/.ciel/sky130A/libs.ref/sky130_fd_sc_hd/mag/sky130_fd_sc_hd__and4b_1.mag is not writeable
Cell sky130_fd_sc_hd__and4b_1 read from path /home/ahmed_sameh/.ciel/sky130A/libs.ref/sky130_fd_sc_hd/mag
Warning: cell <sky130_fd_sc_hd__a21boi_0> from file /home/ahmed_sameh/.ciel/sky130A/libs.ref/sky130_fd_sc_hd/mag/sky130_fd_sc_hd__a21boi_0.mag is not writeable
Cell sky130_fd_sc_hd__a21boi_0 read from path /home/ahmed_sameh/.ciel/sky130A/libs.ref/sky130_fd_sc_hd/mag
Warning: cell <sky130_fd_sc_hd__and3_2> from file /home/ahmed_sameh/.ciel/sky130A/libs.ref/sky130_fd_sc_hd/mag/sky130_fd_sc_hd__and3_2.mag is not writeable
Cell sky130_fd_sc_hd__and3_2 read from path /home/ahmed_sameh/.ciel/sky130A/libs.ref/sky130_fd_sc_hd/mag
Warning: cell <sky130_fd_sc_hd__o21bai_1> from file /home/ahmed_sameh/.ciel/sky130A/libs.ref/sky130_fd_sc_hd/mag/sky130_fd_sc_hd__o21bai_1.mag is not writeable
Cell sky130_fd_sc_hd__o21bai_1 read from path /home/ahmed_sameh/.ciel/sky130A/libs.ref/sky130_fd_sc_hd/mag
Warning: cell <sky130_fd_sc_hd__o2bb2ai_1> from file /home/ahmed_sameh/.ciel/sky130A/libs.ref/sky130_fd_sc_hd/mag/sky130_fd_sc_hd__o2bb2ai_1.mag is not writeable
Cell sky130_fd_sc_hd__o2bb2ai_1 read from path /home/ahmed_sameh/.ciel/sky130A/libs.ref/sky130_fd_sc_hd/mag
Warning: cell <sky130_fd_sc_hd__o22ai_1> from file /home/ahmed_sameh/.ciel/sky130A/libs.ref/sky130_fd_sc_hd/mag/sky130_fd_sc_hd__o22ai_1.mag is not writeable
Cell sky130_fd_sc_hd__o22ai_1 read from path /home/ahmed_sameh/.ciel/sky130A/libs.ref/sky130_fd_sc_hd/mag
Warning: cell <sky130_fd_sc_hd__a311oi_1> from file /home/ahmed_sameh/.ciel/sky130A/libs.ref/sky130_fd_sc_hd/mag/sky130_fd_sc_hd__a311oi_1.mag is not writeable
Cell sky130_fd_sc_hd__a311oi_1 read from path /home/ahmed_sameh/.ciel/sky130A/libs.ref/sky130_fd_sc_hd/mag
Warning: cell <sky130_fd_sc_hd__a311oi_2> from file /home/ahmed_sameh/.ciel/sky130A/libs.ref/sky130_fd_sc_hd/mag/sky130_fd_sc_hd__a311oi_2.mag is not writeable
Cell sky130_fd_sc_hd__a311oi_2 read from path /home/ahmed_sameh/.ciel/sky130A/libs.ref/sky130_fd_sc_hd/mag
Warning: cell <sky130_fd_sc_hd__a21boi_2> from file /home/ahmed_sameh/.ciel/sky130A/libs.ref/sky130_fd_sc_hd/mag/sky130_fd_sc_hd__a21boi_2.mag is not writeable
Cell sky130_fd_sc_hd__a21boi_2 read from path /home/ahmed_sameh/.ciel/sky130A/libs.ref/sky130_fd_sc_hd/mag
Warning: cell <sky130_fd_sc_hd__a211oi_1> from file /home/ahmed_sameh/.ciel/sky130A/libs.ref/sky130_fd_sc_hd/mag/sky130_fd_sc_hd__a211oi_1.mag is not writeable
Cell sky130_fd_sc_hd__a211oi_1 read from path /home/ahmed_sameh/.ciel/sky130A/libs.ref/sky130_fd_sc_hd/mag
Warning: cell <sky130_fd_sc_hd__o22a_1> from file /home/ahmed_sameh/.ciel/sky130A/libs.ref/sky130_fd_sc_hd/mag/sky130_fd_sc_hd__o22a_1.mag is not writeable
Cell sky130_fd_sc_hd__o22a_1 read from path /home/ahmed_sameh/.ciel/sky130A/libs.ref/sky130_fd_sc_hd/mag
Warning: cell <sky130_fd_sc_hd__edfxtp_1> from file /home/ahmed_sameh/.ciel/sky130A/libs.ref/sky130_fd_sc_hd/mag/sky130_fd_sc_hd__edfxtp_1.mag is not writeable
Cell sky130_fd_sc_hd__edfxtp_1 read from path /home/ahmed_sameh/.ciel/sky130A/libs.ref/sky130_fd_sc_hd/mag
Warning: cell <sky130_fd_sc_hd__dfrtp_2> from file /home/ahmed_sameh/.ciel/sky130A/libs.ref/sky130_fd_sc_hd/mag/sky130_fd_sc_hd__dfrtp_2.mag is not writeable
Cell sky130_fd_sc_hd__dfrtp_2 read from path /home/ahmed_sameh/.ciel/sky130A/libs.ref/sky130_fd_sc_hd/mag
Warning: cell <sky130_fd_sc_hd__dfrtp_1> from file /home/ahmed_sameh/.ciel/sky130A/libs.ref/sky130_fd_sc_hd/mag/sky130_fd_sc_hd__dfrtp_1.mag is not writeable
Cell sky130_fd_sc_hd__dfrtp_1 read from path /home/ahmed_sameh/.ciel/sky130A/libs.ref/sky130_fd_sc_hd/mag
Warning: cell <sky130_fd_sc_hd__dfrtp_4> from file /home/ahmed_sameh/.ciel/sky130A/libs.ref/sky130_fd_sc_hd/mag/sky130_fd_sc_hd__dfrtp_4.mag is not writeable
Cell sky130_fd_sc_hd__dfrtp_4 read from path /home/ahmed_sameh/.ciel/sky130A/libs.ref/sky130_fd_sc_hd/mag
Warning: cell <sky130_fd_sc_hd__dfstp_2> from file /home/ahmed_sameh/.ciel/sky130A/libs.ref/sky130_fd_sc_hd/mag/sky130_fd_sc_hd__dfstp_2.mag is not writeable
Cell sky130_fd_sc_hd__dfstp_2 read from path /home/ahmed_sameh/.ciel/sky130A/libs.ref/sky130_fd_sc_hd/mag
Warning: cell <sky130_fd_sc_hd__clkbuf_16> from file /home/ahmed_sameh/.ciel/sky130A/libs.ref/sky130_fd_sc_hd/mag/sky130_fd_sc_hd__clkbuf_16.mag is not writeable
Cell sky130_fd_sc_hd__clkbuf_16 read from path /home/ahmed_sameh/.ciel/sky130A/libs.ref/sky130_fd_sc_hd/mag
Warning: cell <sky130_fd_sc_hd__buf_4> from file /home/ahmed_sameh/.ciel/sky130A/libs.ref/sky130_fd_sc_hd/mag/sky130_fd_sc_hd__buf_4.mag is not writeable
Cell sky130_fd_sc_hd__buf_4 read from path /home/ahmed_sameh/.ciel/sky130A/libs.ref/sky130_fd_sc_hd/mag
Warning: cell <sky130_fd_sc_hd__buf_2> from file /home/ahmed_sameh/.ciel/sky130A/libs.ref/sky130_fd_sc_hd/mag/sky130_fd_sc_hd__buf_2.mag is not writeable
Cell sky130_fd_sc_hd__buf_2 read from path /home/ahmed_sameh/.ciel/sky130A/libs.ref/sky130_fd_sc_hd/mag
Warning: cell <sky130_fd_sc_hd__clkbuf_4> from file /home/ahmed_sameh/.ciel/sky130A/libs.ref/sky130_fd_sc_hd/mag/sky130_fd_sc_hd__clkbuf_4.mag is not writeable
Cell sky130_fd_sc_hd__clkbuf_4 read from path /home/ahmed_sameh/.ciel/sky130A/libs.ref/sky130_fd_sc_hd/mag
Warning: cell <sky130_fd_sc_hd__clkbuf_2> from file /home/ahmed_sameh/.ciel/sky130A/libs.ref/sky130_fd_sc_hd/mag/sky130_fd_sc_hd__clkbuf_2.mag is not writeable
Cell sky130_fd_sc_hd__clkbuf_2 read from path /home/ahmed_sameh/.ciel/sky130A/libs.ref/sky130_fd_sc_hd/mag
Warning: cell <sky130_fd_sc_hd__clkbuf_8> from file /home/ahmed_sameh/.ciel/sky130A/libs.ref/sky130_fd_sc_hd/mag/sky130_fd_sc_hd__clkbuf_8.mag is not writeable
Cell sky130_fd_sc_hd__clkbuf_8 read from path /home/ahmed_sameh/.ciel/sky130A/libs.ref/sky130_fd_sc_hd/mag
Warning: cell <sky130_fd_sc_hd__dlygate4sd3_1> from file /home/ahmed_sameh/.ciel/sky130A/libs.ref/sky130_fd_sc_hd/mag/sky130_fd_sc_hd__dlygate4sd3_1.mag is not writeable
Cell sky130_fd_sc_hd__dlygate4sd3_1 read from path /home/ahmed_sameh/.ciel/sky130A/libs.ref/sky130_fd_sc_hd/mag
Warning: cell <sky130_fd_sc_hd__buf_1> from file /home/ahmed_sameh/.ciel/sky130A/libs.ref/sky130_fd_sc_hd/mag/sky130_fd_sc_hd__buf_1.mag is not writeable
Cell sky130_fd_sc_hd__buf_1 read from path /home/ahmed_sameh/.ciel/sky130A/libs.ref/sky130_fd_sc_hd/mag
Warning: cell <sky130_fd_sc_hd__clkbuf_1> from file /home/ahmed_sameh/.ciel/sky130A/libs.ref/sky130_fd_sc_hd/mag/sky130_fd_sc_hd__clkbuf_1.mag is not writeable
Cell sky130_fd_sc_hd__clkbuf_1 read from path /home/ahmed_sameh/.ciel/sky130A/libs.ref/sky130_fd_sc_hd/mag
Warning: cell <sky130_fd_sc_hd__dlymetal6s2s_1> from file /home/ahmed_sameh/.ciel/sky130A/libs.ref/sky130_fd_sc_hd/mag/sky130_fd_sc_hd__dlymetal6s2s_1.mag is not writeable
Cell sky130_fd_sc_hd__dlymetal6s2s_1 read from path /home/ahmed_sameh/.ciel/sky130A/libs.ref/sky130_fd_sc_hd/mag
  Processed 5594 subcell instances total.
  Processed 42 pins total.
  Processed 2 special nets total.
  Processed 2200 nets total.
DEF read: Processed 45626 lines.
Moving label "_0014_" from metal1 to via1 in cell uart_top.
Moving label "_0029_" from metal3 to via3 in cell uart_top.
Moving label "_0166_" from metal1 to via1 in cell uart_top.
Moving label "_0178_" from metal1 to via1 in cell uart_top.
Moving label "_0182_" from metal2 to via2 in cell uart_top.
Moving label "_0184_" from metal1 to via1 in cell uart_top.
Moving label "_0192_" from metal1 to via1 in cell uart_top.
Moving label "_0195_" from metal1 to via1 in cell uart_top.
Moving label "_0198_" from metal1 to via1 in cell uart_top.
Moving label "_0209_" from metal1 to via1 in cell uart_top.
Moving label "_0213_" from metal1 to via1 in cell uart_top.
Moving label "_0222_" from metal1 to via1 in cell uart_top.
Moving label "_0224_" from metal1 to via1 in cell uart_top.
Moving label "_0229_" from metal1 to via1 in cell uart_top.
Moving label "_0235_" from metal1 to via1 in cell uart_top.
Moving label "_0252_" from metal1 to via1 in cell uart_top.
Moving label "_0253_" from metal1 to viali in cell uart_top.
Moving label "_0260_" from metal1 to via1 in cell uart_top.
Moving label "_0263_" from metal1 to via1 in cell uart_top.
Moving label "_0269_" from metal1 to via1 in cell uart_top.
Moving label "_0275_" from metal1 to via1 in cell uart_top.
Moving label "_0277_" from metal1 to via1 in cell uart_top.
Moving label "_0279_" from metal1 to via1 in cell uart_top.
Moving label "_0280_" from metal1 to via1 in cell uart_top.
Moving label "_0286_" from metal1 to via1 in cell uart_top.
Moving label "_0291_" from metal1 to via1 in cell uart_top.
Moving label "_0328_" from metal1 to via1 in cell uart_top.
Moving label "_0330_" from metal1 to via1 in cell uart_top.
Moving label "_0332_" from metal1 to via1 in cell uart_top.
Moving label "_0333_" from metal1 to via1 in cell uart_top.
Moving label "_0346_" from metal1 to via1 in cell uart_top.
Moving label "_0355_" from metal1 to via1 in cell uart_top.
Moving label "_0356_" from metal1 to via1 in cell uart_top.
Moving label "_0380_" from metal1 to via1 in cell uart_top.
Moving label "_0402_" from metal1 to via1 in cell uart_top.
Moving label "_0408_" from metal1 to via1 in cell uart_top.
Moving label "_0410_" from metal1 to via1 in cell uart_top.
Moving label "_0415_" from metal1 to via1 in cell uart_top.
Moving label "_0420_" from metal1 to via1 in cell uart_top.
Moving label "_0421_" from metal1 to via1 in cell uart_top.
Moving label "_0425_" from metal1 to via1 in cell uart_top.
Moving label "_0428_" from metal1 to via1 in cell uart_top.
Moving label "_0429_" from metal1 to via1 in cell uart_top.
Moving label "_0434_" from metal1 to via1 in cell uart_top.
Moving label "_0435_" from metal1 to via1 in cell uart_top.
Moving label "_0436_" from metal1 to via1 in cell uart_top.
Moving label "_0440_" from metal1 to via1 in cell uart_top.
Moving label "_0448_" from metal1 to via1 in cell uart_top.
Moving label "_0449_" from metal1 to via1 in cell uart_top.
Moving label "_0451_" from metal1 to via1 in cell uart_top.
Moving label "_0452_" from metal1 to via1 in cell uart_top.
Moving label "_0455_" from metal1 to via1 in cell uart_top.
Moving label "_0458_" from metal1 to via1 in cell uart_top.
Moving label "_0459_" from metal1 to via1 in cell uart_top.
Moving label "_0474_" from metal1 to viali in cell uart_top.
Moving label "_0476_" from metal2 to via1 in cell uart_top.
Moving label "_0480_" from metal1 to via1 in cell uart_top.
Moving label "_0493_" from metal1 to via1 in cell uart_top.
Moving label "_0494_" from metal1 to via1 in cell uart_top.
Moving label "_0498_" from metal1 to via1 in cell uart_top.
Moving label "_0503_" from metal1 to via1 in cell uart_top.
Moving label "_0528_" from metal1 to via1 in cell uart_top.
Moving label "_0631_" from metal1 to via1 in cell uart_top.
Moving label "_0633_" from metal2 to via1 in cell uart_top.
Moving label "_0691_" from metal1 to via1 in cell uart_top.
Moving label "_0742_" from metal2 to via2 in cell uart_top.
Moving label "_0797_" from metal2 to via2 in cell uart_top.
Moving label "_0836_" from metal2 to via2 in cell uart_top.
Moving label "_0919_" from metal1 to viali in cell uart_top.
Moving label "_0934_" from metal1 to viali in cell uart_top.
Moving label "_0944_" from metal1 to via1 in cell uart_top.
Moving label "_0982_" from metal1 to via1 in cell uart_top.
Moving label "_0983_" from metal1 to viali in cell uart_top.
Moving label "_0986_" from metal1 to viali in cell uart_top.
Moving label "_0991_" from metal1 to via1 in cell uart_top.
Moving label "_0996_" from metal1 to viali in cell uart_top.
Moving label "_1000_" from metal1 to via1 in cell uart_top.
Moving label "_1001_" from metal1 to via1 in cell uart_top.
Moving label "_1008_" from metal1 to via1 in cell uart_top.
Moving label "_1034_" from metal2 to via1 in cell uart_top.
Moving label "_1123_" from metal2 to via1 in cell uart_top.
Moving label "_1162_" from metal1 to via1 in cell uart_top.
Moving label "_1168_" from metal1 to viali in cell uart_top.
Moving label "_1169_" from metal1 to viali in cell uart_top.
Moving label "_1207_" from metal1 to viali in cell uart_top.
Moving label "_1211_" from metal3 to via3 in cell uart_top.
Moving label "clknet_0_clk" from metal2 to via2 in cell uart_top.
Moving label "clknet_2_0__leaf_clk" from metal2 to via2 in cell uart_top.
Moving label "clknet_2_3__leaf_clk" from metal3 to via3 in cell uart_top.
Moving label "clknet_leaf_8_clk" from metal2 to via1 in cell uart_top.
Moving label "divisor\[4\]" from metal1 to via1 in cell uart_top.
Moving label "divisor\[5\]" from metal2 to via2 in cell uart_top.
Moving label "net132" from metal3 to via3 in cell uart_top.
Moving label "net137" from metal3 to via3 in cell uart_top.
Moving label "net166" from metal1 to via1 in cell uart_top.
Moving label "net167" from metal1 to via1 in cell uart_top.
Moving label "net184" from metal1 to via1 in cell uart_top.
Moving label "net191" from metal1 to viali in cell uart_top.
Moving label "net193" from metal2 to via2 in cell uart_top.
Moving label "net215" from metal1 to via1 in cell uart_top.
Moving label "net25" from metal2 to via2 in cell uart_top.
Moving label "net308" from metal1 to viali in cell uart_top.
Moving label "net34" from metal2 to via2 in cell uart_top.
Moving label "net38" from metal1 to via1 in cell uart_top.
Moving label "net40" from metal1 to via1 in cell uart_top.
Moving label "net41" from metal1 to via1 in cell uart_top.
Moving label "net47" from metal1 to via1 in cell uart_top.
Moving label "net48" from metal1 to via1 in cell uart_top.
Moving label "net50" from metal1 to via1 in cell uart_top.
Moving label "net51" from metal1 to via1 in cell uart_top.
Moving label "net81" from metal1 to via1 in cell uart_top.
Moving label "net85" from metal1 to via1 in cell uart_top.
Moving label "net92" from metal1 to via1 in cell uart_top.
Moving label "net97" from metal1 to via1 in cell uart_top.
Moving label "rdata[1]" from metal2 to via2 in cell uart_top.
Moving label "regs.dlh\[3\]" from metal2 to via1 in cell uart_top.
Moving label "regs.rx_fifo_clear" from metal2 to via2 in cell uart_top.
Moving label "regs.tx_data\[2\]" from metal1 to via1 in cell uart_top.
Moving label "rx.bit_cnt\[2\]" from metal1 to via1 in cell uart_top.
Moving label "rx_fifo.count\[4\]" from metal2 to via2 in cell uart_top.
Moving label "rx_fifo.fifo\[0\]\[1\]" from metal1 to viali in cell uart_top.
Moving label "rx_fifo.fifo\[10\]\[4\]" from metal1 to via1 in cell uart_top.
Moving label "rx_fifo.fifo\[11\]\[5\]" from metal2 to via1 in cell uart_top.
Moving label "rx_fifo.fifo\[11\]\[8\]" from metal1 to viali in cell uart_top.
Moving label "rx_fifo.fifo\[11\]\[9\]" from metal1 to viali in cell uart_top.
Moving label "rx_fifo.fifo\[12\]\[10\]" from metal1 to viali in cell uart_top.
Moving label "rx_fifo.fifo\[12\]\[1\]" from metal1 to viali in cell uart_top.
Moving label "rx_fifo.fifo\[12\]\[2\]" from metal1 to viali in cell uart_top.
Moving label "rx_fifo.fifo\[12\]\[7\]" from metal1 to viali in cell uart_top.
Moving label "rx_fifo.fifo\[13\]\[3\]" from metal1 to viali in cell uart_top.
Moving label "rx_fifo.fifo\[14\]\[0\]" from metal1 to via1 in cell uart_top.
Moving label "rx_fifo.fifo\[14\]\[6\]" from metal1 to viali in cell uart_top.
Moving label "rx_fifo.fifo\[14\]\[7\]" from metal1 to viali in cell uart_top.
Moving label "rx_fifo.fifo\[14\]\[9\]" from metal1 to viali in cell uart_top.
Moving label "rx_fifo.fifo\[1\]\[0\]" from metal1 to via1 in cell uart_top.
Moving label "rx_fifo.fifo\[1\]\[1\]" from metal1 to viali in cell uart_top.
Moving label "rx_fifo.fifo\[1\]\[2\]" from metal1 to via1 in cell uart_top.
Moving label "rx_fifo.fifo\[1\]\[3\]" from metal1 to viali in cell uart_top.
Moving label "rx_fifo.fifo\[1\]\[5\]" from metal1 to via1 in cell uart_top.
Moving label "rx_fifo.fifo\[2\]\[0\]" from metal1 to viali in cell uart_top.
Moving label "rx_fifo.fifo\[2\]\[10\]" from metal1 to viali in cell uart_top.
Moving label "rx_fifo.fifo\[2\]\[6\]" from metal1 to via1 in cell uart_top.
Moving label "rx_fifo.fifo\[2\]\[7\]" from metal1 to viali in cell uart_top.
Moving label "rx_fifo.fifo\[2\]\[9\]" from metal1 to viali in cell uart_top.
Moving label "rx_fifo.fifo\[3\]\[0\]" from metal1 to viali in cell uart_top.
Moving label "rx_fifo.fifo\[3\]\[1\]" from metal1 to viali in cell uart_top.
Moving label "rx_fifo.fifo\[3\]\[2\]" from metal1 to viali in cell uart_top.
Moving label "rx_fifo.fifo\[3\]\[3\]" from metal1 to viali in cell uart_top.
Moving label "rx_fifo.fifo\[3\]\[9\]" from metal1 to viali in cell uart_top.
Moving label "rx_fifo.fifo\[4\]\[3\]" from metal1 to viali in cell uart_top.
Moving label "rx_fifo.fifo\[4\]\[4\]" from metal1 to viali in cell uart_top.
Moving label "rx_fifo.fifo\[4\]\[5\]" from metal1 to viali in cell uart_top.
Moving label "rx_fifo.fifo\[4\]\[6\]" from metal1 to viali in cell uart_top.
Moving label "rx_fifo.fifo\[5\]\[10\]" from metal1 to viali in cell uart_top.
Moving label "rx_fifo.fifo\[5\]\[3\]" from metal1 to via1 in cell uart_top.
Moving label "rx_fifo.fifo\[5\]\[4\]" from metal1 to viali in cell uart_top.
Moving label "rx_fifo.fifo\[5\]\[5\]" from metal1 to viali in cell uart_top.
Moving label "rx_fifo.fifo\[5\]\[9\]" from metal1 to via1 in cell uart_top.
Moving label "rx_fifo.fifo\[6\]\[1\]" from metal1 to viali in cell uart_top.
Moving label "rx_fifo.fifo\[6\]\[3\]" from metal1 to via1 in cell uart_top.
Moving label "rx_fifo.fifo\[6\]\[6\]" from metal1 to viali in cell uart_top.
Moving label "rx_fifo.fifo\[7\]\[3\]" from metal1 to viali in cell uart_top.
Moving label "rx_fifo.fifo\[7\]\[5\]" from metal1 to via1 in cell uart_top.
Moving label "rx_fifo.fifo\[8\]\[2\]" from metal1 to viali in cell uart_top.
Moving label "rx_fifo.fifo\[8\]\[3\]" from metal1 to via1 in cell uart_top.
Moving label "rx_fifo.fifo\[8\]\[4\]" from metal1 to viali in cell uart_top.
Moving label "rx_fifo.fifo\[8\]\[8\]" from metal1 to via1 in cell uart_top.
Moving label "rx_fifo.fifo\[9\]\[5\]" from metal1 to via1 in cell uart_top.
Moving label "rx_fifo.fifo\[9\]\[6\]" from metal1 to via1 in cell uart_top.
Moving label "rx_fifo.fifo\[9\]\[9\]" from metal1 to viali in cell uart_top.
Moving label "tx_fifo.fifo\[0\]\[0\]" from metal1 to viali in cell uart_top.
Moving label "tx_fifo.fifo\[0\]\[1\]" from metal1 to viali in cell uart_top.
Moving label "tx_fifo.fifo\[0\]\[3\]" from metal1 to via1 in cell uart_top.
Moving label "tx_fifo.fifo\[0\]\[5\]" from metal1 to viali in cell uart_top.
Moving label "tx_fifo.fifo\[0\]\[6\]" from metal1 to viali in cell uart_top.
Moving label "tx_fifo.fifo\[11\]\[7\]" from metal2 to via2 in cell uart_top.
Moving label "tx_fifo.fifo\[12\]\[3\]" from metal1 to via1 in cell uart_top.
Moving label "tx_fifo.fifo\[13\]\[7\]" from metal1 to viali in cell uart_top.
Moving label "tx_fifo.fifo\[14\]\[0\]" from metal1 to viali in cell uart_top.
Moving label "tx_fifo.fifo\[14\]\[1\]" from metal1 to viali in cell uart_top.
Moving label "tx_fifo.fifo\[14\]\[7\]" from metal1 to viali in cell uart_top.
Moving label "tx_fifo.fifo\[2\]\[7\]" from metal1 to via1 in cell uart_top.
Moving label "tx_fifo.fifo\[3\]\[2\]" from metal1 to via1 in cell uart_top.
Moving label "tx_fifo.fifo\[3\]\[4\]" from metal1 to via1 in cell uart_top.
Moving label "tx_fifo.fifo\[5\]\[1\]" from metal1 to viali in cell uart_top.
Moving label "tx_fifo.fifo\[5\]\[3\]" from metal1 to viali in cell uart_top.
Moving label "tx_fifo.fifo\[5\]\[5\]" from metal1 to viali in cell uart_top.
Moving label "tx_fifo.fifo\[5\]\[7\]" from metal1 to viali in cell uart_top.
Moving label "tx_fifo.fifo\[6\]\[0\]" from metal1 to viali in cell uart_top.
Moving label "tx_fifo.fifo\[7\]\[0\]" from metal1 to via1 in cell uart_top.
Moving label "tx_fifo.fifo\[7\]\[1\]" from metal1 to viali in cell uart_top.
Moving label "tx_fifo.fifo\[7\]\[3\]" from metal1 to via1 in cell uart_top.
Moving label "tx_fifo.fifo\[7\]\[4\]" from metal1 to via1 in cell uart_top.
Moving label "tx_fifo.fifo\[8\]\[3\]" from metal1 to viali in cell uart_top.
Moving label "tx_fifo.fifo\[8\]\[6\]" from metal1 to viali in cell uart_top.
Moving label "tx_fifo.fifo\[8\]\[7\]" from metal1 to viali in cell uart_top.
Moving label "tx_fifo.fifo\[9\]\[5\]" from metal1 to via1 in cell uart_top.
Moving label "tx_fifo.tail\[2\]" from metal2 to via2 in cell uart_top.
[INFO]: Writing abstract LEF
Generating LEF output /work/runs/uart_flow/results/signoff/uart_top.lef for cell uart_top:
Diagnostic:  Write LEF header for cell uart_top
Diagnostic:  Writing LEF output for cell uart_top
Diagnostic:  Scale value is 0.005000
[INFO]: LEF Write Complete
