OpenROAD 41a51eaf4ca2171c92ff38afb91eb37bbd3f36da 
This program is licensed under the BSD-3 license. See the LICENSE file for details.
Components of this program may be licensed under more restrictive licenses which must be honored.
[INFO ODB-0222] Reading LEF file: /work/runs/uart_flow/tmp/merged.nom.lef
[INFO ODB-0223]     Created 14 technology layers
[INFO ODB-0224]     Created 25 technology vias
[INFO ODB-0225]     Created 441 library cells
[INFO ODB-0226] Finished LEF file:  /work/runs/uart_flow/tmp/merged.nom.lef
[INFO ODB-0127] Reading DEF file: /work/runs/uart_flow/results/routing/uart_top.def
[INFO ODB-0128] Design: uart_top
[INFO ODB-0130]     Created 42 pins.
[INFO ODB-0131]     Created 5594 components and 28690 component-terminals.
[INFO ODB-0132]     Created 2 special nets and 21096 connections.
[INFO ODB-0133]     Created 2200 nets and 7594 connections.
[INFO ODB-0134] Finished DEF file: /work/runs/uart_flow/results/routing/uart_top.def
Top-level design name: uart_top
Found default power net 'VPWR'
Found default ground net 'VGND'
Found 1 power ports.
Found 1 ground ports.
Modified power connections of 5594/5594 cells.
