OpenROAD 41a51eaf4ca2171c92ff38afb91eb37bbd3f36da 
This program is licensed under the BSD-3 license. See the LICENSE file for details.
Components of this program may be licensed under more restrictive licenses which must be honored.
[INFO]: Reading ODB at '/work/runs/uart_flow/results/cts/uart_top.odb'…
define_corners Slowest Typical Fastest
read_liberty -corner Slowest /home/ahmed_sameh/.ciel/sky130A/libs.ref/sky130_fd_sc_hd/lib/sky130_fd_sc_hd__ss_100C_1v60.lib
read_liberty -corner Typical /home/ahmed_sameh/.ciel/sky130A/libs.ref/sky130_fd_sc_hd/lib/sky130_fd_sc_hd__tt_025C_1v80.lib
read_liberty -corner Fastest /home/ahmed_sameh/.ciel/sky130A/libs.ref/sky130_fd_sc_hd/lib/sky130_fd_sc_hd__ff_n40C_1v95.lib
Using 1e-12 for capacitance...
Using 1e+03 for resistance...
Using 1e-09 for time...
Using 1e+00 for voltage...
Using 1e-03 for current...
Using 1e-09 for power...
Using 1e-06 for distance...
Reading design constraints file at '/work/runs/uart_flow/results/cts/uart_top.sdc'…
[INFO]: Setting RC values...
[INFO RSZ-0046] Found 107 endpoints with hold violations.
[INFO RSZ-0032] Inserted 118 hold buffers.
Placement Analysis
---------------------------------
total displacement        761.2 u
average displacement        0.3 u
max displacement           10.8 u
original HPWL           59730.4 u
legalized HPWL          61490.6 u
delta HPWL                    3 %

[INFO DPL-0020] Mirrored 831 instances
[INFO DPL-0021] HPWL before           61490.6 u
[INFO DPL-0022] HPWL after            60262.9 u
[INFO DPL-0023] HPWL delta               -2.0 %
Setting global connections for newly added cells…
Writing OpenROAD database to '/work/runs/uart_flow/tmp/cts/14-uart_top.resized.odb'…
Writing netlist to '/work/runs/uart_flow/tmp/cts/14-uart_top.resized.nl.v'…
Writing powered netlist to '/work/runs/uart_flow/tmp/cts/14-uart_top.resized.pnl.v'…
Writing layout to '/work/runs/uart_flow/tmp/cts/14-uart_top.resized.def'…
Writing timing constraints to '/work/runs/uart_flow/tmp/cts/14-uart_top.resized.sdc'…
area_report

===========================================================================
report_design_area
============================================================================
Design area 26329 u^2 58% utilization.
area_report_end
