
===========================================================================
 report_power
============================================================================
======================= Fastest Corner ===================================

Group                  Internal  Switching    Leakage      Total
                          Power      Power      Power      Power (Watts)
----------------------------------------------------------------
Sequential             1.39e-03   1.78e-04   8.18e-07   1.57e-03  43.9%
Combinational          9.06e-04   1.10e-03   1.88e-08   2.01e-03  56.1%
Macro                  0.00e+00   0.00e+00   0.00e+00   0.00e+00   0.0%
Pad                    0.00e+00   0.00e+00   0.00e+00   0.00e+00   0.0%
----------------------------------------------------------------
Total                  2.30e-03   1.28e-03   8.37e-07   3.58e-03 100.0%
                          64.2%      35.7%       0.0%

======================= Slowest Corner ===================================

Group                  Internal  Switching    Leakage      Total
                          Power      Power      Power      Power (Watts)
----------------------------------------------------------------
Sequential             9.20e-04   1.18e-04   8.75e-06   1.05e-03  43.1%
Combinational          6.50e-04   7.26e-04   6.81e-06   1.38e-03  56.9%
Macro                  0.00e+00   0.00e+00   0.00e+00   0.00e+00   0.0%
Pad                    0.00e+00   0.00e+00   0.00e+00   0.00e+00   0.0%
----------------------------------------------------------------
Total                  1.57e-03   8.45e-04   1.56e-05   2.43e-03 100.0%
                          64.6%      34.8%       0.6%

======================= Typical Corner ===================================

Group                  Internal  Switching    Leakage      Total
                          Power      Power      Power      Power (Watts)
----------------------------------------------------------------
Sequential             1.20e-03   1.51e-04   8.12e-07   1.35e-03  43.9%
Combinational          8.00e-04   9.28e-04   8.91e-09   1.73e-03  56.1%
Macro                  0.00e+00   0.00e+00   0.00e+00   0.00e+00   0.0%
Pad                    0.00e+00   0.00e+00   0.00e+00   0.00e+00   0.0%
----------------------------------------------------------------
Total                  2.00e-03   1.08e-03   8.21e-07   3.08e-03 100.0%
                          65.0%      35.0%       0.0%

