OpenROAD 41a51eaf4ca2171c92ff38afb91eb37bbd3f36da 
This program is licensed under the BSD-3 license. See the LICENSE file for details.
Components of this program may be licensed under more restrictive licenses which must be honored.
[INFO]: Reading ODB at '/work/runs/uart_flow/tmp/placement/9-resizer.odb'…
define_corners Typical
read_liberty -corner Typical /home/ahmed_sameh/.ciel/sky130A/libs.ref/sky130_fd_sc_hd/lib/sky130_fd_sc_hd__tt_025C_1v80.lib
Using 1e-12 for capacitance...
Using 1e+03 for resistance...
Using 1e-09 for time...
Using 1e+00 for voltage...
Using 1e-03 for current...
Using 1e-09 for power...
Using 1e-06 for distance...
Reading design constraints file at '/work/runs/uart_flow/tmp/placement/9-resizer.sdc'…
Placement Analysis
---------------------------------
total displacement          0.0 u
average displacement        0.0 u
max displacement            0.0 u
original HPWL           55693.8 u
legalized HPWL          56561.4 u
delta HPWL                    2 %

[INFO DPL-0020] Mirrored 736 instances
[INFO DPL-0021] HPWL before           56561.4 u
[INFO DPL-0022] HPWL after            55693.8 u
[INFO DPL-0023] HPWL delta               -1.5 %
Setting global connections for newly added cells…
Writing OpenROAD database to '/work/runs/uart_flow/results/placement/uart_top.odb'…
Writing netlist to '/work/runs/uart_flow/results/placement/uart_top.nl.v'…
Writing powered netlist to '/work/runs/uart_flow/results/placement/uart_top.pnl.v'…
Writing layout to '/work/runs/uart_flow/results/placement/uart_top.def'…
