OpenROAD 41a51eaf4ca2171c92ff38afb91eb37bbd3f36da 
This program is licensed under the BSD-3 license. See the LICENSE file for details.
Components of this program may be licensed under more restrictive licenses which must be honored.
[INFO]: Reading ODB at '/work/runs/uart_flow/tmp/placement/7-global.odb'…
define_corners Slowest Typical Fastest
read_liberty -corner Slowest /home/ahmed_sameh/.ciel/sky130A/libs.ref/sky130_fd_sc_hd/lib/sky130_fd_sc_hd__ss_100C_1v60.lib
read_liberty -corner Typical /home/ahmed_sameh/.ciel/sky130A/libs.ref/sky130_fd_sc_hd/lib/sky130_fd_sc_hd__tt_025C_1v80.lib
read_liberty -corner Fastest /home/ahmed_sameh/.ciel/sky130A/libs.ref/sky130_fd_sc_hd/lib/sky130_fd_sc_hd__ff_n40C_1v95.lib
Using 1e-12 for capacitance...
Using 1e+03 for resistance...
Using 1e-09 for time...
Using 1e+00 for voltage...
Using 1e-03 for current...
Using 1e-09 for power...
Using 1e-06 for distance...
Reading design constraints file at '/work/runs/uart_flow/tmp/floorplan/3-initial_fp.sdc'…
[INFO]: Setting RC values...
[INFO RSZ-0027] Inserted 15 input buffers.
[INFO RSZ-0028] Inserted 20 output buffers.
[INFO RSZ-0058] Using max wire length 4508um.
[INFO RSZ-0034] Found 83 slew violations.
[INFO RSZ-0035] Found 91 fanout violations.
[INFO RSZ-0036] Found 1 capacitance violations.
[INFO RSZ-0038] Inserted 226 buffers in 154 nets.
[INFO RSZ-0039] Resized 427 instances.
Placement Analysis
---------------------------------
total displacement       5502.8 u
average displacement        2.0 u
max displacement           14.6 u
original HPWL           51943.7 u
legalized HPWL          56561.4 u
delta HPWL                    9 %

[INFO DPL-0020] Mirrored 736 instances
[INFO DPL-0021] HPWL before           56561.4 u
[INFO DPL-0022] HPWL after            55693.8 u
[INFO DPL-0023] HPWL delta               -1.5 %
Setting global connections for newly added cells…
Writing OpenROAD database to '/work/runs/uart_flow/tmp/placement/9-resizer.odb'…
Writing netlist to '/work/runs/uart_flow/tmp/placement/9-resizer.nl.v'…
Writing powered netlist to '/work/runs/uart_flow/tmp/placement/9-resizer.pnl.v'…
Writing layout to '/work/runs/uart_flow/tmp/placement/9-resizer.def'…
Writing timing constraints to '/work/runs/uart_flow/tmp/placement/9-resizer.sdc'…
area_report

===========================================================================
report_design_area
============================================================================
Design area 23922 u^2 53% utilization.
area_report_end
