
===========================================================================
report_checks -unconstrained
===========================================================================
======================= Typical Corner ===================================

Startpoint: rst_n (input port clocked by clk)
Endpoint: _2885_ (recovery check against rising-edge clock clk)
Path Group: asynchronous
Path Type: max

Fanout     Cap    Slew   Delay    Time   Description
-----------------------------------------------------------------------------
                  0.15    0.00    0.00   clock clk (rise edge)
                          0.00    0.00   clock network delay (ideal)
                          4.00    4.00 ^ input external delay
                  0.02    0.01    4.01 ^ rst_n (in)
     1    0.00                           rst_n (net)
                  0.02    0.00    4.01 ^ input5/A (sky130_fd_sc_hd__clkbuf_2)
                  0.11    0.15    4.16 ^ input5/X (sky130_fd_sc_hd__clkbuf_2)
     2    0.02                           net5 (net)
                  0.11    0.00    4.16 ^ fanout252/A (sky130_fd_sc_hd__buf_2)
                  0.14    0.21    4.37 ^ fanout252/X (sky130_fd_sc_hd__buf_2)
     5    0.03                           net252 (net)
                  0.14    0.00    4.37 ^ fanout251/A (sky130_fd_sc_hd__clkbuf_2)
                  0.12    0.20    4.57 ^ fanout251/X (sky130_fd_sc_hd__clkbuf_2)
     5    0.02                           net251 (net)
                  0.12    0.00    4.57 ^ fanout250/A (sky130_fd_sc_hd__clkbuf_4)
                  0.14    0.24    4.82 ^ fanout250/X (sky130_fd_sc_hd__clkbuf_4)
    10    0.04                           net250 (net)
                  0.14    0.00    4.82 ^ fanout249/A (sky130_fd_sc_hd__clkbuf_4)
                  0.14    0.25    5.07 ^ fanout249/X (sky130_fd_sc_hd__clkbuf_4)
    10    0.04                           net249 (net)
                  0.14    0.00    5.07 ^ _2885_/RESET_B (sky130_fd_sc_hd__dfrtp_4)
                                  5.07   data arrival time

                  0.15   20.00   20.00   clock clk (rise edge)
                          0.00   20.00   clock network delay (ideal)
                         -0.25   19.75   clock uncertainty
                          0.00   19.75   clock reconvergence pessimism
                                 19.75 ^ _2885_/CLK (sky130_fd_sc_hd__dfrtp_4)
                          0.22   19.97   library recovery time
                                 19.97   data required time
-----------------------------------------------------------------------------
                                 19.97   data required time
                                 -5.07   data arrival time
-----------------------------------------------------------------------------
                                 14.90   slack (MET)


Startpoint: addr[0] (input port clocked by clk)
Endpoint: rdata[1] (output port clocked by clk)
Path Group: clk
Path Type: max

Fanout     Cap    Slew   Delay    Time   Description
-----------------------------------------------------------------------------
                  0.15    0.00    0.00   clock clk (rise edge)
                          0.00    0.00   clock network delay (ideal)
                          4.00    4.00 v input external delay
                  0.01    0.00    4.00 v addr[0] (in)
     1    0.00                           addr[0] (net)
                  0.01    0.00    4.00 v input1/A (sky130_fd_sc_hd__buf_2)
                  0.07    0.16    4.16 v input1/X (sky130_fd_sc_hd__buf_2)
     7    0.03                           net1 (net)
                  0.07    0.00    4.16 v _1519_/C_N (sky130_fd_sc_hd__nor3b_2)
                  0.07    0.20    4.36 v _1519_/Y (sky130_fd_sc_hd__nor3b_2)
     5    0.01                           _0728_ (net)
                  0.07    0.00    4.36 v max_cap239/A (sky130_fd_sc_hd__buf_2)
                  0.07    0.18    4.54 v max_cap239/X (sky130_fd_sc_hd__buf_2)
     6    0.02                           net239 (net)
                  0.07    0.00    4.54 v _1613_/B1 (sky130_fd_sc_hd__a222oi_1)
                  0.26    0.28    4.82 ^ _1613_/Y (sky130_fd_sc_hd__a222oi_1)
     1    0.00                           _0817_ (net)
                  0.26    0.00    4.82 ^ _1614_/B (sky130_fd_sc_hd__nand2_1)
                  0.06    0.09    4.92 v _1614_/Y (sky130_fd_sc_hd__nand2_1)
     1    0.00                           _0818_ (net)
                  0.06    0.00    4.92 v _1615_/B1 (sky130_fd_sc_hd__a21oi_1)
                  0.10    0.11    5.03 ^ _1615_/Y (sky130_fd_sc_hd__a21oi_1)
     1    0.00                           _0819_ (net)
                  0.10    0.00    5.03 ^ _1616_/B1 (sky130_fd_sc_hd__o21ai_0)
                  0.05    0.08    5.11 v _1616_/Y (sky130_fd_sc_hd__o21ai_0)
     1    0.00                           _0820_ (net)
                  0.05    0.00    5.11 v _1617_/B (sky130_fd_sc_hd__and2_1)
                  0.07    0.20    5.31 v _1617_/X (sky130_fd_sc_hd__and2_1)
     1    0.01                           net25 (net)
                  0.07    0.00    5.31 v output25/A (sky130_fd_sc_hd__buf_2)
                  0.09    0.20    5.51 v output25/X (sky130_fd_sc_hd__buf_2)
     1    0.03                           rdata[1] (net)
                  0.09    0.00    5.51 v rdata[1] (out)
                                  5.51   data arrival time

                  0.15   20.00   20.00   clock clk (rise edge)
                          0.00   20.00   clock network delay (ideal)
                         -0.25   19.75   clock uncertainty
                          0.00   19.75   clock reconvergence pessimism
                         -4.00   15.75   output external delay
                                 15.75   data required time
-----------------------------------------------------------------------------
                                 15.75   data required time
                                 -5.51   data arrival time
-----------------------------------------------------------------------------
                                 10.24   slack (MET)




===========================================================================
report_checks --slack_max -0.01
============================================================================
======================= Typical Corner ===================================

No paths found.


===========================================================================
 report_check_types -max_slew -max_cap -max_fanout -violators
============================================================================
======================= Typical Corner ===================================



===========================================================================
report_parasitic_annotation -report_unannotated
============================================================================
Found 2022 unannotated drivers.
 addr[0]
 addr[1]
 addr[2]
 clk
 cts_in
 dcd_in
 dsr_in
 rd_en
 ri_in
 rst_n
 rx_in
 wdata[0]
 wdata[1]
 wdata[2]
 wdata[3]
 wdata[4]
 wdata[5]
 wdata[6]
 wdata[7]
 wr_en
 _1256_/Y
 _1257_/Y
 _1258_/Y
 _1259_/Y
 _1260_/Y
 _1261_/Y
 _1262_/Y
 _1263_/Y
 _1264_/Y
 _1265_/Y
 _1266_/Y
 _1267_/Y
 _1268_/X
 _1269_/Y
 _1270_/Y
 _1271_/Y
 _1272_/Y
 _1273_/X
 _1274_/Y
 _1275_/Y
 _1276_/Y
 _1277_/Y
 _1278_/Y
 _1279_/Y
 _1280_/Y
 _1281_/Y
 _1282_/Y
 _1283_/Y
 _1284_/Y
 _1285_/Y
 _1286_/Y
 _1287_/Y
 _1288_/Y
 _1289_/Y
 _1290_/Y
 _1291_/Y
 _1292_/Y
 _1293_/Y
 _1294_/Y
 _1295_/Y
 _1296_/Y
 _1297_/Y
 _1298_/Y
 _1299_/Y
 _1300_/Y
 _1301_/Y
 _1302_/Y
 _1303_/Y
 _1304_/Y
 _1305_/Y
 _1306_/Y
 _1307_/Y
 _1308_/Y
 _1309_/Y
 _1310_/Y
 _1311_/Y
 _1312_/Y
 _1313_/Y
 _1314_/Y
 _1315_/Y
 _1316_/Y
 _1317_/Y
 _1318_/X
 _1319_/Y
 _1320_/X
 _1321_/Y
 _1322_/Y
 _1323_/Y
 _1324_/Y
 _1325_/Y
 _1326_/X
 _1327_/Y
 _1328_/X
 _1329_/Y
 _1330_/X
 _1331_/Y
 _1332_/X
 _1333_/Y
 _1334_/Y
 _1335_/Y
 _1336_/Y
 _1337_/X
 _1338_/Y
 _1339_/X
 _1340_/Y
 _1341_/X
 _1342_/Y
 _1343_/Y
 _1344_/Y
 _1345_/Y
 _1346_/Y
 _1347_/Y
 _1348_/Y
 _1349_/Y
 _1350_/Y
 _1351_/Y
 _1352_/Y
 _1353_/Y
 _1354_/X
 _1355_/Y
 _1356_/Y
 _1357_/Y
 _1358_/Y
 _1359_/Y
 _1360_/X
 _1361_/Y
 _1362_/Y
 _1363_/Y
 _1364_/Y
 _1365_/Y
 _1366_/Y
 _1367_/Y
 _1368_/Y
 _1369_/Y
 _1370_/Y
 _1371_/Y
 _1372_/Y
 _1373_/Y
 _1374_/X
 _1375_/Y
 _1376_/Y
 _1377_/Y
 _1378_/Y
 _1379_/X
 _1380_/Y
 _1381_/Y
 _1382_/Y
 _1383_/Y
 _1384_/Y
 _1385_/Y
 _1386_/Y
 _1387_/Y
 _1388_/Y
 _1389_/Y
 _1390_/X
 _1391_/X
 _1392_/X
 _1393_/X
 _1394_/X
 _1395_/Y
 _1396_/X
 _1397_/X
 _1398_/X
 _1399_/Y
 _1400_/Y
 _1401_/Y
 _1402_/Y
 _1403_/Y
 _1404_/Y
 _1405_/Y
 _1406_/Y
 _1407_/Y
 _1408_/Y
 _1409_/X
 _1410_/Y
 _1411_/Y
 _1412_/Y
 _1413_/Y
 _1414_/Y
 _1415_/Y
 _1416_/Y
 _1417_/Y
 _1418_/Y
 _1419_/Y
 _1420_/Y
 _1421_/Y
 _1422_/Y
 _1423_/Y
 _1424_/Y
 _1425_/Y
 _1426_/Y
 _1427_/Y
 _1428_/X
 _1429_/X
 _1430_/X
 _1431_/X
 _1432_/X
 _1433_/X
 _1434_/X
 _1435_/X
 _1436_/Y
 _1437_/Y
 _1438_/Y
 _1439_/Y
 _1440_/Y
 _1441_/Y
 _1442_/Y
 _1443_/Y
 _1444_/X
 _1445_/Y
 _1446_/Y
 _1447_/Y
 _1448_/X
 _1449_/Y
 _1450_/X
 _1451_/Y
 _1452_/Y
 _1453_/X
 _1454_/Y
 _1455_/Y
 _1456_/X
 _1457_/X
 _1458_/Y
 _1459_/Y
 _1460_/X
 _1461_/X
 _1462_/X
 _1463_/Y
 _1464_/X
 _1465_/X
 _1466_/Y
 _1467_/X
 _1468_/X
 _1469_/Y
 _1470_/Y
 _1471_/X
 _1472_/Y
 _1473_/X
 _1474_/Y
 _1475_/Y
 _1476_/X
 _1477_/X
 _1478_/Y
 _1479_/Y
 _1480_/Y
 _1481_/Y
 _1482_/Y
 _1483_/Y
 _1484_/Y
 _1485_/Y
 _1486_/Y
 _1487_/Y
 _1488_/Y
 _1489_/Y
 _1490_/Y
 _1491_/Y
 _1492_/Y
 _1493_/Y
 _1494_/Y
 _1495_/Y
 _1496_/Y
 _1497_/Y
 _1498_/Y
 _1499_/Y
 _1500_/Y
 _1501_/Y
 _1502_/Y
 _1503_/Y
 _1504_/Y
 _1505_/X
 _1506_/Y
 _1507_/Y
 _1508_/Y
 _1509_/Y
 _1510_/Y
 _1511_/Y
 _1512_/Y
 _1513_/Y
 _1514_/Y
 _1515_/Y
 _1516_/Y
 _1517_/Y
 _1518_/X
 _1519_/Y
 _1520_/Y
 _1521_/Y
 _1522_/X
 _1523_/X
 _1524_/Y
 _1525_/X
 _1526_/Y
 _1527_/Y
 _1528_/Y
 _1529_/Y
 _1530_/X
 _1531_/Y
 _1532_/Y
 _1533_/Y
 _1534_/Y
 _1535_/Y
 _1536_/Y
 _1537_/Y
 _1538_/Y
 _1539_/Y
 _1540_/Y
 _1541_/Y
 _1542_/Y
 _1543_/Y
 _1544_/Y
 _1545_/X
 _1546_/Y
 _1547_/X
 _1548_/Y
 _1549_/Y
 _1550_/Y
 _1551_/Y
 _1552_/X
 _1553_/Y
 _1554_/Y
 _1555_/Y
 _1556_/Y
 _1557_/Y
 _1558_/X
 _1559_/Y
 _1560_/Y
 _1561_/X
 _1562_/Y
 _1563_/Y
 _1564_/Y
 _1565_/Y
 _1566_/Y
 _1567_/Y
 _1568_/Y
 _1569_/Y
 _1570_/X
 _1571_/Y
 _1572_/Y
 _1573_/Y
 _1574_/Y
 _1575_/X
 _1576_/Y
 _1577_/Y
 _1578_/X
 _1579_/Y
 _1580_/Y
 _1581_/Y
 _1582_/Y
 _1583_/Y
 _1584_/Y
 _1585_/Y
 _1586_/Y
 _1587_/Y
 _1588_/Y
 _1589_/Y
 _1590_/Y
 _1591_/Y
 _1592_/Y
 _1593_/Y
 _1594_/Y
 _1595_/Y
 _1596_/Y
 _1597_/Y
 _1598_/X
 _1599_/Y
 _1600_/Y
 _1601_/Y
 _1602_/Y
 _1603_/Y
 _1604_/Y
 _1605_/Y
 _1606_/X
 _1607_/Y
 _1608_/Y
 _1609_/Y
 _1610_/Y
 _1611_/Y
 _1612_/Y
 _1613_/Y
 _1614_/Y
 _1615_/Y
 _1616_/Y
 _1617_/X
 _1618_/Y
 _1619_/Y
 _1620_/Y
 _1621_/Y
 _1622_/Y
 _1623_/Y
 _1624_/Y
 _1625_/Y
 _1626_/Y
 _1627_/Y
 _1628_/Y
 _1629_/Y
 _1630_/Y
 _1631_/Y
 _1632_/X
 _1633_/X
 _1634_/Y
 _1635_/Y
 _1636_/X
 _1637_/Y
 _1638_/X
 _1639_/Y
 _1640_/X
 _1641_/Y
 _1642_/Y
 _1643_/Y
 _1644_/Y
 _1645_/Y
 _1646_/Y
 _1647_/Y
 _1648_/Y
 _1649_/Y
 _1650_/Y
 _1651_/Y
 _1652_/Y
 _1653_/Y
 _1654_/Y
 _1655_/Y
 _1656_/Y
 _1657_/Y
 _1658_/Y
 _1659_/Y
 _1660_/Y
 _1661_/Y
 _1662_/Y
 _1663_/X
 _1664_/Y
 _1665_/Y
 _1666_/Y
 _1667_/Y
 _1668_/Y
 _1669_/Y
 _1670_/Y
 _1671_/Y
 _1672_/Y
 _1673_/Y
 _1674_/Y
 _1675_/X
 _1676_/Y
 _1677_/Y
 _1678_/Y
 _1679_/Y
 _1680_/Y
 _1681_/Y
 _1682_/Y
 _1683_/Y
 _1684_/Y
 _1685_/Y
 _1686_/Y
 _1687_/Y
 _1688_/Y
 _1689_/Y
 _1690_/Y
 _1691_/Y
 _1692_/Y
 _1693_/Y
 _1694_/Y
 _1695_/Y
 _1696_/Y
 _1697_/Y
 _1698_/Y
 _1699_/X
 _1700_/Y
 _1701_/Y
 _1702_/Y
 _1703_/Y
 _1704_/Y
 _1705_/Y
 _1706_/Y
 _1707_/Y
 _1708_/Y
 _1709_/Y
 _1710_/Y
 _1711_/Y
 _1712_/Y
 _1713_/Y
 _1714_/Y
 _1715_/Y
 _1716_/Y
 _1717_/Y
 _1718_/Y
 _1719_/Y
 _1720_/Y
 _1721_/Y
 _1722_/Y
 _1723_/Y
 _1724_/Y
 _1725_/Y
 _1726_/Y
 _1727_/Y
 _1728_/Y
 _1729_/Y
 _1730_/Y
 _1731_/Y
 _1732_/Y
 _1733_/Y
 _1734_/Y
 _1735_/Y
 _1736_/Y
 _1737_/Y
 _1738_/Y
 _1739_/Y
 _1740_/Y
 _1741_/Y
 _1742_/Y
 _1743_/Y
 _1744_/X
 _1745_/Y
 _1746_/Y
 _1747_/Y
 _1748_/Y
 _1749_/Y
 _1750_/Y
 _1751_/Y
 _1752_/Y
 _1753_/Y
 _1754_/Y
 _1755_/Y
 _1756_/Y
 _1757_/Y
 _1758_/Y
 _1759_/Y
 _1760_/Y
 _1761_/Y
 _1762_/Y
 _1763_/Y
 _1764_/Y
 _1765_/Y
 _1766_/Y
 _1767_/Y
 _1768_/Y
 _1769_/Y
 _1770_/Y
 _1771_/Y
 _1772_/Y
 _1773_/Y
 _1774_/Y
 _1775_/Y
 _1776_/Y
 _1777_/Y
 _1778_/Y
 _1779_/Y
 _1780_/Y
 _1781_/Y
 _1782_/Y
 _1783_/Y
 _1784_/Y
 _1785_/Y
 _1786_/Y
 _1787_/Y
 _1788_/Y
 _1789_/Y
 _1790_/Y
 _1791_/Y
 _1792_/Y
 _1793_/Y
 _1794_/Y
 _1795_/Y
 _1796_/Y
 _1797_/Y
 _1798_/Y
 _1799_/Y
 _1800_/Y
 _1801_/Y
 _1802_/Y
 _1803_/Y
 _1804_/Y
 _1805_/Y
 _1806_/Y
 _1807_/Y
 _1808_/Y
 _1809_/Y
 _1810_/Y
 _1811_/Y
 _1812_/Y
 _1813_/Y
 _1814_/Y
 _1815_/Y
 _1816_/Y
 _1817_/Y
 _1818_/Y
 _1819_/Y
 _1820_/Y
 _1821_/Y
 _1822_/Y
 _1823_/Y
 _1824_/Y
 _1825_/Y
 _1826_/Y
 _1827_/Y
 _1828_/Y
 _1829_/Y
 _1830_/Y
 _1831_/Y
 _1832_/Y
 _1833_/Y
 _1834_/Y
 _1835_/Y
 _1836_/X
 _1837_/Y
 _1838_/X
 _1839_/Y
 _1840_/Y
 _1841_/Y
 _1842_/Y
 _1843_/Y
 _1844_/Y
 _1845_/Y
 _1846_/Y
 _1847_/Y
 _1848_/Y
 _1849_/Y
 _1850_/Y
 _1851_/Y
 _1852_/Y
 _1853_/Y
 _1854_/Y
 _1855_/X
 _1856_/Y
 _1857_/Y
 _1858_/Y
 _1859_/Y
 _1860_/Y
 _1861_/Y
 _1862_/Y
 _1863_/Y
 _1864_/X
 _1865_/Y
 _1866_/Y
 _1867_/Y
 _1868_/Y
 _1869_/Y
 _1870_/Y
 _1871_/Y
 _1872_/Y
 _1873_/Y
 _1874_/Y
 _1875_/Y
 _1876_/Y
 _1877_/Y
 _1878_/Y
 _1879_/Y
 _1880_/Y
 _1881_/Y
 _1882_/X
 _1883_/Y
 _1884_/Y
 _1885_/Y
 _1886_/Y
 _1887_/Y
 _1888_/Y
 _1889_/Y
 _1890_/Y
 _1891_/Y
 _1892_/Y
 _1893_/Y
 _1894_/Y
 _1895_/Y
 _1896_/Y
 _1897_/Y
 _1898_/Y
 _1899_/Y
 _1900_/Y
 _1901_/Y
 _1902_/Y
 _1903_/Y
 _1904_/Y
 _1905_/Y
 _1906_/Y
 _1907_/Y
 _1908_/Y
 _1909_/Y
 _1910_/Y
 _1911_/Y
 _1912_/Y
 _1913_/Y
 _1914_/Y
 _1915_/X
 _1916_/Y
 _1917_/Y
 _1918_/Y
 _1919_/Y
 _1920_/Y
 _1921_/Y
 _1922_/Y
 _1923_/Y
 _1924_/Y
 _1925_/Y
 _1926_/Y
 _1927_/Y
 _1928_/Y
 _1929_/Y
 _1930_/Y
 _1931_/Y
 _1932_/Y
 _1933_/Y
 _1934_/Y
 _1935_/Y
 _1936_/Y
 _1937_/Y
 _1938_/Y
 _1939_/Y
 _1940_/Y
 _1941_/Y
 _1942_/Y
 _1943_/Y
 _1944_/Y
 _1945_/Y
 _1946_/Y
 _1947_/Y
 _1948_/Y
 _1949_/Y
 _1950_/Y
 _1951_/Y
 _1952_/Y
 _1953_/Y
 _1954_/Y
 _1955_/Y
 _1956_/Y
 _1957_/Y
 _1958_/Y
 _1959_/Y
 _1960_/Y
 _1961_/Y
 _1962_/Y
 _1963_/Y
 _1964_/Y
 _1965_/Y
 _1966_/Y
 _1967_/Y
 _1968_/Y
 _1969_/Y
 _1970_/Y
 _1971_/Y
 _1972_/Y
 _1973_/Y
 _1974_/Y
 _1975_/Y
 _1976_/Y
 _1977_/Y
 _1978_/Y
 _1979_/Y
 _1980_/Y
 _1981_/Y
 _1982_/X
 _1983_/Y
 _1984_/Y
 _1985_/Y
 _1986_/X
 _1987_/Y
 _1988_/Y
 _1989_/X
 _1990_/Y
 _1991_/X
 _1992_/Y
 _1993_/Y
 _1994_/Y
 _1995_/X
 _1996_/Y
 _1997_/Y
 _1998_/Y
 _1999_/Y
 _2000_/Y
 _2001_/Y
 _2002_/X
 _2003_/Y
 _2004_/Y
 _2005_/Y
 _2006_/Y
 _2007_/Y
 _2008_/X
 _2009_/Y
 _2010_/Y
 _2011_/Y
 _2012_/Y
 _2013_/Y
 _2014_/Y
 _2015_/Y
 _2016_/Y
 _2017_/X
 _2018_/Y
 _2019_/Y
 _2020_/Y
 _2021_/X
 _2022_/X
 _2023_/X
 _2024_/Y
 _2025_/Y
 _2026_/Y
 _2027_/X
 _2028_/X
 _2029_/X
 _2030_/Y
 _2031_/Y
 _2032_/X
 _2033_/Y
 _2034_/Y
 _2035_/X
 _2036_/Y
 _2037_/Y
 _2038_/Y
 _2039_/X
 _2040_/X
 _2041_/X
 _2042_/X
 _2043_/Y
 _2044_/Y
 _2045_/Y
 _2046_/Y
 _2047_/Y
 _2048_/Y
 _2049_/Y
 _2050_/Y
 _2051_/Y
 _2052_/X
 _2053_/X
 _2054_/X
 _2055_/X
 _2056_/X
 _2057_/X
 _2058_/X
 _2059_/Y
 _2060_/Y
 _2061_/X
 _2062_/Y
 _2063_/Y
 _2064_/Y
 _2065_/Y
 _2066_/Y
 _2067_/Y
 _2068_/X
 _2069_/Y
 _2070_/Y
 _2071_/Y
 _2072_/Y
 _2073_/Y
 _2074_/Y
 _2075_/Y
 _2076_/X
 _2077_/Y
 _2078_/Y
 _2079_/Y
 _2080_/Y
 _2081_/Y
 _2082_/X
 _2083_/X
 _2084_/X
 _2085_/X
 _2086_/X
 _2087_/X
 _2088_/X
 _2089_/Y
 _2090_/Y
 _2091_/X
 _2092_/Y
 _2093_/Y
 _2094_/Y
 _2095_/Y
 _2096_/Y
 _2097_/X
 _2098_/Y
 _2099_/Y
 _2100_/X
 _2101_/Y
 _2102_/Y
 _2103_/Y
 _2104_/Y
 _2105_/X
 _2106_/X
 _2107_/Y
 _2108_/Y
 _2109_/Y
 _2110_/X
 _2111_/Y
 _2112_/Y
 _2113_/Y
 _2114_/Y
 _2115_/X
 _2116_/X
 _2117_/Y
 _2118_/Y
 _2119_/X
 _2120_/Y
 _2121_/X
 _2122_/X
 _2123_/Y
 _2124_/Y
 _2125_/X
 _2126_/Y
 _2127_/Y
 _2128_/Y
 _2129_/Y
 _2130_/Y
 _2131_/X
 _2132_/Y
 _2133_/Y
 _2134_/Y
 _2135_/Y
 _2136_/Y
 _2137_/Y
 _2138_/Y
 _2139_/Y
 _2140_/Y
 _2141_/Y
 _2142_/Y
 _2143_/X
 _2144_/Y
 _2145_/X
 _2146_/Y
 _2147_/X
 _2148_/Y
 _2149_/Y
 _2150_/Y
 _2151_/Y
 _2152_/Y
 _2153_/X
 _2154_/Y
 _2155_/Y
 _2156_/Y
 _2157_/Y
 _2158_/Y
 _2159_/Y
 _2160_/Y
 _2161_/Y
 _2162_/Y
 _2163_/Y
 _2164_/Y
 _2165_/Y
 _2166_/X
 _2167_/Y
 _2168_/X
 _2169_/Y
 _2170_/X
 _2171_/Y
 _2172_/Y
 _2173_/Y
 _2174_/Y
 _2175_/Y
 _2176_/X
 _2177_/Y
 _2178_/X
 _2179_/Y
 _2180_/Y
 _2181_/Y
 _2182_/Y
 _2183_/Y
 _2184_/Y
 _2185_/Y
 _2186_/Y
 _2187_/Y
 _2188_/X
 _2189_/Y
 _2190_/X
 _2191_/Y
 _2192_/Y
 _2193_/Y
 _2194_/X
 _2195_/Y
 _2196_/X
 _2197_/Y
 _2198_/Y
 _2199_/X
 _2200_/Y
 _2201_/Y
 _2202_/Y
 _2203_/Y
 _2204_/Y
 _2205_/Y
 _2206_/Y
 _2207_/Y
 _2208_/X
 _2209_/Y
 _2210_/Y
 _2211_/Y
 _2212_/Y
 _2213_/Y
 _2214_/Y
 _2215_/Y
 _2216_/X
 _2217_/Y
 _2218_/Y
 _2219_/Y
 _2220_/Y
 _2221_/Y
 _2222_/Y
 _2223_/Y
 _2224_/Y
 _2225_/X
 _2226_/Y
 _2227_/X
 _2228_/Y
 _2229_/Y
 _2230_/Y
 _2231_/X
 _2232_/Y
 _2233_/Y
 _2234_/X
 _2235_/Y
 _2236_/Y
 _2237_/Y
 _2238_/Y
 _2239_/Y
 _2240_/Y
 _2241_/Y
 _2242_/Y
 _2243_/X
 _2244_/Y
 _2245_/Y
 _2246_/Y
 _2247_/Y
 _2248_/Y
 _2249_/X
 _2250_/X
 _2251_/Y
 _2252_/Y
 _2253_/Y
 _2254_/Y
 _2255_/Y
 _2256_/Y
 _2257_/Y
 _2258_/Y
 _2259_/X
 _2260_/X
 _2261_/X
 _2262_/X
 _2263_/X
 _2264_/X
 _2265_/X
 _2266_/X
 _2267_/Y
 _2268_/X
 _2269_/X
 _2270_/X
 _2271_/X
 _2272_/X
 _2273_/X
 _2274_/X
 _2275_/Y
 _2276_/X
 _2277_/X
 _2278_/X
 _2279_/X
 _2280_/X
 _2281_/X
 _2282_/X
 _2283_/Y
 _2284_/X
 _2285_/X
 _2286_/X
 _2287_/X
 _2288_/X
 _2289_/X
 _2290_/X
 _2291_/X
 _2292_/Y
 _2293_/X
 _2294_/X
 _2295_/X
 _2296_/X
 _2297_/X
 _2298_/X
 _2299_/X
 _2300_/Y
 _2301_/Y
 _2302_/Y
 _2303_/Y
 _2304_/Y
 _2305_/Y
 _2306_/Y
 _2307_/X
 _2308_/Y
 _2309_/Y
 _2310_/Y
 _2311_/Y
 _2312_/Y
 _2313_/Y
 _2314_/Y
 _2315_/Y
 _2316_/X
 _2317_/Y
 _2318_/Y
 _2319_/Y
 _2320_/Y
 _2321_/Y
 _2322_/Y
 _2323_/Y
 _2324_/Y
 _2325_/Y
 _2326_/Y
 _2327_/Y
 _2328_/Y
 _2329_/Y
 _2330_/Y
 _2331_/Y
 _2332_/Y
 _2333_/Y
 _2334_/X
 _2335_/Y
 _2336_/Y
 _2337_/Y
 _2338_/Y
 _2339_/Y
 _2340_/Y
 _2341_/Y
 _2342_/Y
 _2343_/Y
 _2344_/Y
 _2345_/Y
 _2346_/Y
 _2347_/Y
 _2348_/Y
 _2349_/Y
 _2350_/Y
 _2351_/Y
 _2352_/Y
 _2353_/Y
 _2354_/Y
 _2355_/Y
 _2356_/Y
 _2357_/Y
 _2358_/Y
 _2359_/Y
 _2360_/Y
 _2361_/Y
 _2362_/Y
 _2363_/Y
 _2364_/Y
 _2365_/Y
 _2366_/Y
 _2367_/Y
 _2368_/Y
 _2369_/Y
 _2370_/Y
 _2371_/Y
 _2372_/Y
 _2373_/X
 _2374_/X
 _2375_/Y
 _2376_/X
 _2377_/Y
 _2378_/Y
 _2379_/Y
 _2380_/Y
 _2381_/Y
 _2382_/Y
 _2383_/Y
 _2384_/Y
 _2385_/Y
 _2386_/Y
 _2387_/Y
 _2388_/Y
 _2389_/Y
 _2390_/Y
 _2391_/Y
 _2392_/Y
 _2393_/Y
 _2394_/Y
 _2395_/Y
 _2396_/Y
 _2397_/Y
 _2398_/Y
 _2399_/Y
 _2400_/Y
 _2401_/Y
 _2402_/Y
 _2403_/Y
 _2404_/Y
 _2405_/X
 _2406_/Y
 _2407_/Y
 _2408_/Y
 _2409_/Y
 _2410_/Y
 _2411_/X
 _2412_/Y
 _2413_/Y
 _2414_/Y
 _2415_/X
 _2416_/Y
 _2417_/Y
 _2418_/X
 _2419_/Y
 _2420_/Y
 _2421_/Y
 _2422_/Y
 _2423_/Y
 _2424_/Y
 _2425_/Y
 _2426_/Y
 _2427_/Y
 _2428_/Y
 _2429_/Y
 _2430_/Y
 _2431_/Y
 _2432_/Y
 _2433_/X
 _2434_/Y
 _2435_/Y
 _2436_/Y
 _2437_/Y
 _2438_/Y
 _2439_/Y
 _2440_/Y
 _2441_/X
 _2442_/Y
 _2443_/Y
 _2444_/Y
 _2445_/Y
 _2446_/Y
 _2447_/Y
 _2448_/Y
 _2449_/Y
 _2450_/Y
 _2451_/Y
 _2452_/Y
 _2453_/Y
 _2454_/Y
 _2455_/Y
 _2456_/Y
 _2457_/X
 _2458_/Y
 _2459_/Y
 _2460_/Y
 _2461_/Y
 _2462_/Y
 _2463_/Y
 _2464_/Y
 _2465_/Y
 _2466_/X
 _2467_/Y
 _2468_/Y
 _2469_/Y
 _2470_/Y
 _2471_/Y
 _2472_/Y
 _2473_/Y
 _2474_/X
 _2475_/Y
 _2476_/X
 _2477_/Y
 _2478_/X
 _2479_/X
 _2480_/X
 _2481_/X
 _2482_/Y
 _2483_/X
 _2484_/X
 _2485_/Y
 _2486_/Y
 _2487_/Y
 _2488_/Y
 _2489_/Y
 _2490_/Y
 _2491_/Y
 _2492_/Y
 _2493_/Y
 _2494_/Y
 _2495_/X
 _2496_/Y
 _2497_/Y
 _2498_/Y
 _2499_/Y
 _2500_/Y
 _2501_/Y
 _2502_/Y
 _2503_/Y
 _2504_/Y
 _2505_/X
 _2506_/Y
 _2507_/X
 _2508_/Y
 _2509_/Y
 _2510_/Y
 _2511_/Y
 _2512_/Y
 _2513_/Y
 _2514_/X
 _2515_/Y
 _2516_/X
 _2517_/X
 _2518_/Y
 _2519_/X
 _2520_/Y
 _2521_/X
 _2522_/Y
 _2523_/Y
 _2524_/Y
 _2525_/X
 _2526_/Y
 _2527_/Q
 _2528_/Q
 _2529_/Q
 _2530_/Q
 _2531_/Q
 _2532_/Q
 _2533_/Q
 _2534_/Q
 _2535_/Q
 _2536_/Q
 _2537_/Q
 _2538_/Q
 _2539_/Q
 _2540_/Q
 _2541_/Q
 _2542_/Q
 _2543_/Q
 _2544_/Q
 _2545_/Q
 _2546_/Q
 _2547_/Q
 _2548_/Q
 _2549_/Q
 _2550_/Q
 _2551_/Q
 _2552_/Q
 _2553_/Q
 _2554_/Q
 _2555_/Q
 _2556_/Q
 _2557_/Q
 _2558_/Q
 _2559_/Q
 _2560_/Q
 _2561_/Q
 _2562_/Q
 _2563_/Q
 _2564_/Q
 _2565_/Q
 _2566_/Q
 _2567_/Q
 _2568_/Q
 _2569_/Q
 _2570_/Q
 _2571_/Q
 _2572_/Q
 _2573_/Q
 _2574_/Q
 _2575_/Q
 _2576_/Q
 _2577_/Q
 _2578_/Q
 _2579_/Q
 _2580_/Q
 _2581_/Q
 _2582_/Q
 _2583_/Q
 _2584_/Q
 _2585_/Q
 _2586_/Q
 _2587_/Q
 _2588_/Q
 _2589_/Q
 _2590_/Q
 _2591_/Q
 _2592_/Q
 _2593_/Q
 _2594_/Q
 _2595_/Q
 _2596_/Q
 _2597_/Q
 _2598_/Q
 _2599_/Q
 _2600_/Q
 _2601_/Q
 _2602_/Q
 _2603_/Q
 _2604_/Q
 _2605_/Q
 _2606_/Q
 _2607_/Q
 _2608_/Q
 _2609_/Q
 _2610_/Q
 _2611_/Q
 _2612_/Q
 _2613_/Q
 _2614_/Q
 _2615_/Q
 _2616_/Q
 _2617_/Q
 _2618_/Q
 _2619_/Q
 _2620_/Q
 _2621_/Q
 _2622_/Q
 _2623_/Q
 _2624_/Q
 _2625_/Q
 _2626_/Q
 _2627_/Q
 _2628_/Q
 _2629_/Q
 _2630_/Q
 _2631_/Q
 _2632_/Q
 _2633_/Q
 _2634_/Q
 _2635_/Q
 _2636_/Q
 _2637_/Q
 _2638_/Q
 _2639_/Q
 _2640_/Q
 _2641_/Q
 _2642_/Q
 _2643_/Q
 _2644_/Q
 _2645_/Q
 _2646_/Q
 _2647_/Q
 _2648_/Q
 _2649_/Q
 _2650_/Q
 _2651_/Q
 _2652_/Q
 _2653_/Q
 _2654_/Q
 _2655_/Q
 _2656_/Q
 _2657_/Q
 _2658_/Q
 _2659_/Q
 _2660_/Q
 _2661_/Q
 _2662_/Q
 _2663_/Q
 _2664_/Q
 _2665_/Q
 _2666_/Q
 _2667_/Q
 _2668_/Q
 _2669_/Q
 _2670_/Q
 _2671_/Q
 _2672_/Q
 _2673_/Q
 _2674_/Q
 _2675_/Q
 _2676_/Q
 _2677_/Q
 _2678_/Q
 _2679_/Q
 _2680_/Q
 _2681_/Q
 _2682_/Q
 _2683_/Q
 _2684_/Q
 _2685_/Q
 _2686_/Q
 _2687_/Q
 _2688_/Q
 _2689_/Q
 _2690_/Q
 _2691_/Q
 _2692_/Q
 _2693_/Q
 _2694_/Q
 _2695_/Q
 _2696_/Q
 _2697_/Q
 _2698_/Q
 _2699_/Q
 _2700_/Q
 _2701_/Q
 _2702_/Q
 _2703_/Q
 _2704_/Q
 _2705_/Q
 _2706_/Q
 _2707_/Q
 _2708_/Q
 _2709_/Q
 _2710_/Q
 _2711_/Q
 _2712_/Q
 _2713_/Q
 _2714_/Q
 _2715_/Q
 _2716_/Q
 _2717_/Q
 _2718_/Q
 _2719_/Q
 _2720_/Q
 _2721_/Q
 _2722_/Q
 _2723_/Q
 _2724_/Q
 _2725_/Q
 _2726_/Q
 _2727_/Q
 _2728_/Q
 _2729_/Q
 _2730_/Q
 _2731_/Q
 _2732_/Q
 _2733_/Q
 _2734_/Q
 _2735_/Q
 _2736_/Q
 _2737_/Q
 _2738_/Q
 _2739_/Q
 _2740_/Q
 _2741_/Q
 _2742_/Q
 _2743_/Q
 _2744_/Q
 _2745_/Q
 _2746_/Q
 _2747_/Q
 _2748_/Q
 _2749_/Q
 _2750_/Q
 _2751_/Q
 _2752_/Q
 _2753_/Q
 _2754_/Q
 _2755_/Q
 _2756_/Q
 _2757_/Q
 _2758_/Q
 _2759_/Q
 _2760_/Q
 _2761_/Q
 _2762_/Q
 _2763_/Q
 _2764_/Q
 _2765_/Q
 _2766_/Q
 _2767_/Q
 _2768_/Q
 _2769_/Q
 _2770_/Q
 _2771_/Q
 _2772_/Q
 _2773_/Q
 _2774_/Q
 _2775_/Q
 _2776_/Q
 _2777_/Q
 _2778_/Q
 _2779_/Q
 _2780_/Q
 _2781_/Q
 _2782_/Q
 _2783_/Q
 _2784_/Q
 _2785_/Q
 _2786_/Q
 _2787_/Q
 _2788_/Q
 _2789_/Q
 _2790_/Q
 _2791_/Q
 _2792_/Q
 _2793_/Q
 _2794_/Q
 _2795_/Q
 _2796_/Q
 _2797_/Q
 _2798_/Q
 _2799_/Q
 _2800_/Q
 _2801_/Q
 _2802_/Q
 _2803_/Q
 _2804_/Q
 _2805_/Q
 _2806_/Q
 _2807_/Q
 _2808_/Q
 _2809_/Q
 _2810_/Q
 _2811_/Q
 _2812_/Q
 _2813_/Q
 _2814_/Q
 _2815_/Q
 _2816_/Q
 _2817_/Q
 _2818_/Q
 _2819_/Q
 _2820_/Q
 _2821_/Q
 _2822_/Q
 _2823_/Q
 _2824_/Q
 _2825_/Q
 _2826_/Q
 _2827_/Q
 _2828_/Q
 _2829_/Q
 _2830_/Q
 _2831_/Q
 _2832_/Q
 _2833_/Q
 _2834_/Q
 _2835_/Q
 _2836_/Q
 _2837_/Q
 _2838_/Q
 _2839_/Q
 _2840_/Q
 _2841_/Q
 _2842_/Q
 _2843_/Q
 _2844_/Q
 _2845_/Q
 _2846_/Q
 _2847_/Q
 _2848_/Q
 _2849_/Q
 _2850_/Q
 _2851_/Q
 _2852_/Q
 _2853_/Q
 _2854_/Q
 _2855_/Q
 _2856_/Q
 _2857_/Q
 _2858_/Q
 _2859_/Q
 _2860_/Q
 _2861_/Q
 _2862_/Q
 _2863_/Q
 _2864_/Q
 _2865_/Q
 _2866_/Q
 _2867_/Q
 _2868_/Q
 _2869_/Q
 _2870_/Q
 _2871_/Q
 _2872_/Q
 _2873_/Q
 _2874_/Q
 _2875_/Q
 _2876_/Q
 _2877_/Q
 _2878_/Q
 _2879_/Q
 _2880_/Q
 _2881_/Q
 _2882_/Q
 _2883_/Q
 _2884_/Q
 _2885_/Q
 _2886_/Q
 _2887_/Q
 _2888_/Q
 _2889_/Q
 _2890_/Q
 _2891_/Q
 _2892_/Q
 _2893_/Q
 _2894_/Q
 _2895_/Q
 _2896_/Q
 _2897_/Q
 _2898_/Q
 _2899_/Q
 _2900_/Q
 _2901_/Q
 _2902_/Q
 _2903_/Q
 _2904_/Q
 _2905_/Q
 _2906_/Q
 _2907_/Q
 _2908_/Q
 _2909_/Q
 _2910_/Q
 _2911_/Q
 _2912_/Q
 _2913_/Q
 _2914_/Q
 _2915_/Q
 _2916_/Q
 _2917_/Q
 _2918_/Q
 _2919_/Q
 _2920_/Q
 _2921_/Q
 _2922_/Q
 _2923_/Q
 _2924_/Q
 _2925_/Q
 _2926_/Q
 _2927_/Q
 _2928_/Q
 _2929_/Q
 _2930_/Q
 _2931_/Q
 _2932_/Q
 _2933_/Q
 _2934_/Q
 _2935_/Q
 _2936_/Q
 _2937_/Q
 _2938_/Q
 _2939_/Q
 _2940_/Q
 _2941_/Q
 _2942_/Q
 _2943_/Q
 _2944_/Q
 _2945_/Q
 _2946_/Q
 _2947_/Q
 _2948_/Q
 _2949_/Q
 _2950_/Q
 _2951_/Q
 _2952_/Q
 _2953_/Q
 _2954_/Q
 _2955_/Q
 _2956_/Q
 _2957_/Q
 _2958_/Q
 _2959_/Q
 _2960_/Q
 _2961_/Q
 _2962_/Q
 _2963_/Q
 _2964_/Q
 _2965_/Q
 _2966_/Q
 _2967_/Q
 _2968_/Q
 _2969_/Q
 _2970_/Q
 _2971_/Q
 _2972_/Q
 _2973_/Q
 _2974_/Q
 _2975_/Q
 _2976_/Q
 _2977_/Q
 _2978_/Q
 _2979_/Q
 _2980_/Q
 _2981_/Q
 _2982_/Q
 _2983_/Q
 _2984_/Q
 _2985_/Q
 _2986_/Q
 _2987_/Q
 _2988_/Q
 _2989_/Q
 _2990_/Q
 _2991_/Q
 _2992_/Q
 _2993_/Q
 _2994_/Q
 _2995_/Q
 _2996_/Q
 fanout100/X
 fanout101/X
 fanout102/X
 fanout103/X
 fanout104/X
 fanout105/X
 fanout106/X
 fanout107/X
 fanout108/X
 fanout109/X
 fanout110/X
 fanout111/X
 fanout112/X
 fanout113/X
 fanout114/X
 fanout115/X
 fanout116/X
 fanout117/X
 fanout118/X
 fanout119/X
 fanout120/X
 fanout124/X
 fanout125/X
 fanout126/X
 fanout145/X
 fanout146/X
 fanout147/X
 fanout148/X
 fanout149/X
 fanout150/X
 fanout151/X
 fanout152/X
 fanout153/X
 fanout154/X
 fanout155/X
 fanout156/X
 fanout157/X
 fanout158/X
 fanout159/X
 fanout160/X
 fanout161/X
 fanout162/X
 fanout163/X
 fanout164/X
 fanout165/X
 fanout166/X
 fanout167/X
 fanout168/X
 fanout169/X
 fanout170/X
 fanout171/X
 fanout172/X
 fanout173/X
 fanout175/X
 fanout176/X
 fanout180/X
 fanout182/X
 fanout183/X
 fanout210/X
 fanout214/X
 fanout215/X
 fanout218/X
 fanout219/X
 fanout220/X
 fanout221/X
 fanout222/X
 fanout223/X
 fanout224/X
 fanout225/X
 fanout226/X
 fanout227/X
 fanout228/X
 fanout229/X
 fanout230/X
 fanout231/X
 fanout232/X
 fanout233/X
 fanout234/X
 fanout235/X
 fanout236/X
 fanout237/X
 fanout240/X
 fanout241/X
 fanout242/X
 fanout243/X
 fanout244/X
 fanout245/X
 fanout246/X
 fanout247/X
 fanout248/X
 fanout249/X
 fanout250/X
 fanout251/X
 fanout252/X
 fanout253/X
 fanout254/X
 fanout255/X
 fanout256/X
 fanout257/X
 fanout258/X
 fanout259/X
 fanout260/X
 fanout261/X
 fanout52/X
 fanout53/X
 fanout54/X
 fanout55/X
 fanout58/X
 fanout59/X
 fanout60/X
 fanout61/X
 fanout62/X
 fanout63/X
 fanout64/X
 fanout65/X
 fanout66/X
 fanout67/X
 fanout68/X
 fanout69/X
 fanout70/X
 fanout71/X
 fanout72/X
 fanout73/X
 fanout74/X
 fanout75/X
 fanout76/X
 fanout77/X
 fanout80/X
 fanout81/X
 fanout82/X
 fanout83/X
 fanout85/X
 fanout86/X
 fanout88/X
 fanout89/X
 fanout90/X
 fanout91/X
 fanout92/X
 fanout93/X
 fanout95/X
 fanout96/X
 fanout97/X
 fanout98/X
 fanout99/X
 input1/X
 input10/X
 input11/X
 input12/X
 input13/X
 input14/X
 input15/X
 input2/X
 input3/X
 input4/X
 input5/X
 input6/X
 input7/X
 input8/X
 input9/X
 max_cap122/X
 max_cap123/X
 max_cap134/X
 max_cap177/X
 max_cap178/X
 max_cap179/X
 max_cap181/X
 max_cap184/X
 max_cap185/X
 max_cap187/X
 max_cap188/X
 max_cap190/X
 max_cap191/X
 max_cap192/X
 max_cap193/X
 max_cap194/X
 max_cap195/X
 max_cap196/X
 max_cap197/X
 max_cap198/X
 max_cap199/X
 max_cap200/X
 max_cap201/X
 max_cap202/X
 max_cap203/X
 max_cap204/X
 max_cap205/X
 max_cap206/X
 max_cap207/X
 max_cap208/X
 max_cap209/X
 max_cap211/X
 max_cap212/X
 max_cap213/X
 max_cap217/X
 max_cap238/X
 max_cap239/X
 max_cap37/X
 max_cap38/X
 max_cap39/X
 max_cap40/X
 max_cap41/X
 max_cap42/X
 max_cap43/X
 max_cap44/X
 max_cap45/X
 max_cap46/X
 max_cap47/X
 max_cap48/X
 max_cap49/X
 max_cap50/X
 max_cap51/X
 max_cap56/X
 max_cap57/X
 max_cap84/X
 max_cap94/X
 output16/X
 output17/X
 output18/X
 output19/X
 output20/X
 output21/X
 output22/X
 output23/X
 output24/X
 output25/X
 output26/X
 output27/X
 output28/X
 output29/X
 output30/X
 output31/X
 output32/X
 output33/X
 output34/X
 output35/X
 wire121/X
 wire127/X
 wire128/X
 wire129/X
 wire130/X
 wire131/X
 wire132/X
 wire133/X
 wire135/X
 wire136/X
 wire137/X
 wire138/X
 wire139/X
 wire140/X
 wire141/X
 wire142/X
 wire143/X
 wire144/X
 wire174/X
 wire186/X
 wire189/X
 wire216/X
 wire36/X
 wire78/X
 wire79/X
 wire87/X
Found 0 partially unannotated drivers.

===========================================================================
max slew violation count 0
max fanout violation count 0
max cap violation count 0
============================================================================

===========================================================================
check_setup -verbose -unconstrained_endpoints -multiple_clock -no_clock -no_input_delay -loops -generated_clocks
===========================================================================
