
===========================================================================
report_checks -unconstrained
===========================================================================
======================= Typical Corner ===================================

Startpoint: rst_n (input port clocked by clk)
Endpoint: _2880_ (recovery check against rising-edge clock clk)
Path Group: asynchronous
Path Type: max

Fanout     Cap    Slew   Delay    Time   Description
-----------------------------------------------------------------------------
                          0.00    0.00   clock clk (rise edge)
                          0.00    0.00   clock network delay (propagated)
                          4.00    4.00 ^ input external delay
                  0.02    0.01    4.01 ^ rst_n (in)
     1    0.00                           rst_n (net)
                  0.02    0.00    4.01 ^ input5/A (sky130_fd_sc_hd__clkbuf_2)
                  0.18    0.21    4.22 ^ input5/X (sky130_fd_sc_hd__clkbuf_2)
     2    0.03                           net5 (net)
                  0.18    0.00    4.22 ^ fanout252/A (sky130_fd_sc_hd__buf_2)
                  0.20    0.28    4.50 ^ fanout252/X (sky130_fd_sc_hd__buf_2)
     5    0.04                           net252 (net)
                  0.20    0.00    4.50 ^ fanout251/A (sky130_fd_sc_hd__clkbuf_2)
                  0.17    0.26    4.75 ^ fanout251/X (sky130_fd_sc_hd__clkbuf_2)
     5    0.03                           net251 (net)
                  0.17    0.00    4.76 ^ fanout250/A (sky130_fd_sc_hd__clkbuf_4)
                  0.16    0.28    5.04 ^ fanout250/X (sky130_fd_sc_hd__clkbuf_4)
    10    0.05                           net250 (net)
                  0.16    0.00    5.04 ^ fanout249/A (sky130_fd_sc_hd__clkbuf_4)
                  0.15    0.27    5.31 ^ fanout249/X (sky130_fd_sc_hd__clkbuf_4)
    10    0.05                           net249 (net)
                  0.15    0.00    5.31 ^ _2880_/RESET_B (sky130_fd_sc_hd__dfrtp_4)
                                  5.31   data arrival time

                         20.00   20.00   clock clk (rise edge)
                          0.00   20.00   clock source latency
                  0.15    0.10   20.10 ^ clk (in)
     1    0.03                           clk (net)
                  0.15    0.00   20.10 ^ clkbuf_0_clk/A (sky130_fd_sc_hd__clkbuf_16)
                  0.10    0.20   20.30 ^ clkbuf_0_clk/X (sky130_fd_sc_hd__clkbuf_16)
     4    0.09                           clknet_0_clk (net)
                  0.10    0.00   20.30 ^ clkbuf_2_2__f_clk/A (sky130_fd_sc_hd__clkbuf_16)
                  0.14    0.22   20.52 ^ clkbuf_2_2__f_clk/X (sky130_fd_sc_hd__clkbuf_16)
    10    0.13                           clknet_2_2__leaf_clk (net)
                  0.14    0.00   20.52 ^ clkbuf_leaf_12_clk/A (sky130_fd_sc_hd__clkbuf_16)
                  0.05    0.16   20.68 ^ clkbuf_leaf_12_clk/X (sky130_fd_sc_hd__clkbuf_16)
     9    0.03                           clknet_leaf_12_clk (net)
                  0.05    0.00   20.68 ^ _2880_/CLK (sky130_fd_sc_hd__dfrtp_4)
                         -0.25   20.43   clock uncertainty
                          0.00   20.43   clock reconvergence pessimism
                          0.18   20.62   library recovery time
                                 20.62   data required time
-----------------------------------------------------------------------------
                                 20.62   data required time
                                 -5.31   data arrival time
-----------------------------------------------------------------------------
                                 15.31   slack (MET)


Startpoint: addr[0] (input port clocked by clk)
Endpoint: rdata[1] (output port clocked by clk)
Path Group: clk
Path Type: max

Fanout     Cap    Slew   Delay    Time   Description
-----------------------------------------------------------------------------
                          0.00    0.00   clock clk (rise edge)
                          0.00    0.00   clock network delay (propagated)
                          4.00    4.00 ^ input external delay
                  0.02    0.01    4.01 ^ addr[0] (in)
     1    0.00                           addr[0] (net)
                  0.02    0.00    4.01 ^ input1/A (sky130_fd_sc_hd__buf_2)
                  0.21    0.23    4.24 ^ input1/X (sky130_fd_sc_hd__buf_2)
     7    0.04                           net1 (net)
                  0.21    0.00    4.24 ^ _1519_/C_N (sky130_fd_sc_hd__nor3b_2)
                  0.38    0.41    4.66 ^ _1519_/Y (sky130_fd_sc_hd__nor3b_2)
     5    0.02                           _0728_ (net)
                  0.38    0.00    4.66 ^ max_cap239/A (sky130_fd_sc_hd__buf_2)
                  0.17    0.30    4.96 ^ max_cap239/X (sky130_fd_sc_hd__buf_2)
     6    0.03                           net239 (net)
                  0.17    0.00    4.96 ^ _1613_/B1 (sky130_fd_sc_hd__a222oi_1)
                  0.09    0.12    5.08 v _1613_/Y (sky130_fd_sc_hd__a222oi_1)
     1    0.00                           _0817_ (net)
                  0.09    0.00    5.08 v _1614_/B (sky130_fd_sc_hd__nand2_1)
                  0.08    0.11    5.19 ^ _1614_/Y (sky130_fd_sc_hd__nand2_1)
     1    0.01                           _0818_ (net)
                  0.08    0.00    5.19 ^ _1615_/B1 (sky130_fd_sc_hd__a21oi_1)
                  0.07    0.05    5.24 v _1615_/Y (sky130_fd_sc_hd__a21oi_1)
     1    0.00                           _0819_ (net)
                  0.07    0.00    5.24 v _1616_/B1 (sky130_fd_sc_hd__o21ai_0)
                  0.12    0.08    5.32 ^ _1616_/Y (sky130_fd_sc_hd__o21ai_0)
     1    0.00                           _0820_ (net)
                  0.12    0.00    5.32 ^ _1617_/B (sky130_fd_sc_hd__and2_1)
                  0.25    0.30    5.61 ^ _1617_/X (sky130_fd_sc_hd__and2_1)
     1    0.02                           net25 (net)
                  0.25    0.00    5.62 ^ output25/A (sky130_fd_sc_hd__buf_2)
                  0.17    0.27    5.89 ^ output25/X (sky130_fd_sc_hd__buf_2)
     1    0.03                           rdata[1] (net)
                  0.17    0.00    5.89 ^ rdata[1] (out)
                                  5.89   data arrival time

                         20.00   20.00   clock clk (rise edge)
                          0.00   20.00   clock network delay (propagated)
                         -0.25   19.75   clock uncertainty
                          0.00   19.75   clock reconvergence pessimism
                         -4.00   15.75   output external delay
                                 15.75   data required time
-----------------------------------------------------------------------------
                                 15.75   data required time
                                 -5.89   data arrival time
-----------------------------------------------------------------------------
                                  9.86   slack (MET)




===========================================================================
report_checks --slack_max -0.01
============================================================================
======================= Typical Corner ===================================

No paths found.


===========================================================================
 report_check_types -max_slew -max_cap -max_fanout -violators
============================================================================
======================= Typical Corner ===================================

max fanout

Pin                                   Limit Fanout  Slack
---------------------------------------------------------
clkbuf_leaf_28_clk/X                     10     18     -8 (VIOLATED)
clkbuf_leaf_16_clk/X                     10     16     -6 (VIOLATED)
clkbuf_leaf_20_clk/X                     10     16     -6 (VIOLATED)
clkbuf_leaf_17_clk/X                     10     15     -5 (VIOLATED)
clkbuf_leaf_42_clk/X                     10     15     -5 (VIOLATED)
clkbuf_leaf_5_clk/X                      10     15     -5 (VIOLATED)
clkbuf_leaf_15_clk/X                     10     14     -4 (VIOLATED)
clkbuf_leaf_27_clk/X                     10     14     -4 (VIOLATED)
clkbuf_leaf_39_clk/X                     10     14     -4 (VIOLATED)
clkbuf_leaf_6_clk/X                      10     14     -4 (VIOLATED)
clkbuf_leaf_1_clk/X                      10     13     -3 (VIOLATED)
clkbuf_leaf_2_clk/X                      10     13     -3 (VIOLATED)
clkbuf_leaf_38_clk/X                     10     13     -3 (VIOLATED)
clkbuf_leaf_3_clk/X                      10     13     -3 (VIOLATED)
clkbuf_leaf_41_clk/X                     10     13     -3 (VIOLATED)
clkbuf_2_3__f_clk/X                      10     12     -2 (VIOLATED)
clkbuf_leaf_0_clk/X                      10     12     -2 (VIOLATED)
clkbuf_leaf_18_clk/X                     10     12     -2 (VIOLATED)
clkbuf_leaf_23_clk/X                     10     12     -2 (VIOLATED)
clkbuf_leaf_30_clk/X                     10     12     -2 (VIOLATED)
clkbuf_leaf_43_clk/X                     10     12     -2 (VIOLATED)
clkbuf_2_0__f_clk/X                      10     11        (VIOLATED)
clkbuf_2_1__f_clk/X                      10     11        (VIOLATED)
clkbuf_leaf_14_clk/X                     10     11        (VIOLATED)
clkbuf_leaf_4_clk/X                      10     11        (VIOLATED)
clkbuf_leaf_7_clk/X                      10     11        (VIOLATED)
fanout220/X                              10     11        (VIOLATED)



===========================================================================
report_parasitic_annotation -report_unannotated
============================================================================
Found 4 unannotated drivers.
 cts_in
 dcd_in
 dsr_in
 ri_in
Found 0 partially unannotated drivers.

===========================================================================
max slew violation count 0
max fanout violation count 27
max cap violation count 0
============================================================================

===========================================================================
check_setup -verbose -unconstrained_endpoints -multiple_clock -no_clock -no_input_delay -loops -generated_clocks
===========================================================================
