OpenROAD 41a51eaf4ca2171c92ff38afb91eb37bbd3f36da 
This program is licensed under the BSD-3 license. See the LICENSE file for details.
Components of this program may be licensed under more restrictive licenses which must be honored.
[INFO]: Reading ODB at '/work/runs/uart_flow/tmp/routing/22-fill.odb'…
define_corners Typical
read_liberty -corner Typical /home/ahmed_sameh/.ciel/sky130A/libs.ref/sky130_fd_sc_hd/lib/sky130_fd_sc_hd__tt_025C_1v80.lib
Using 1e-12 for capacitance...
Using 1e+03 for resistance...
Using 1e-09 for time...
Using 1e+00 for voltage...
Using 1e-03 for current...
Using 1e-09 for power...
Using 1e-06 for distance...
Reading design constraints file at '/work/runs/uart_flow/tmp/17-uart_top.sdc'…
[INFO ORD-0030] Using 2 thread(s).
[INFO DRT-0149] Reading tech and libs.

Units:                1000
Number of layers:     13
Number of macros:     441
Number of vias:       25
Number of viarulegen: 25

[INFO DRT-0150] Reading design.

Design:                   uart_top
Die area:                 ( 0 0 ) ( 225585 236305 )
Number of track patterns: 12
Number of DEF vias:       0
Number of components:     5594
Number of terminals:      42
Number of snets:          2
Number of nets:           2200

[INFO DRT-0167] List of default vias:
  Layer mcon
    default via: L1M1_PR
  Layer via
    default via: M1M2_PR
  Layer via2
    default via: M2M3_PR
  Layer via3
    default via: M3M4_PR
  Layer via4
    default via: M4M5_PR
[INFO DRT-0162] Library cell analysis.
[INFO DRT-0163] Instance analysis.
[INFO DRT-0164] Number of unique instances = 206.
[INFO DRT-0168] Init region query.
[INFO DRT-0024]   Complete FR_MASTERSLICE.
[INFO DRT-0024]   Complete licon.
[INFO DRT-0024]   Complete li1.
[INFO DRT-0024]   Complete mcon.
[INFO DRT-0024]   Complete met1.
[INFO DRT-0024]   Complete via.
[INFO DRT-0024]   Complete met2.
[INFO DRT-0024]   Complete via2.
[INFO DRT-0024]   Complete met3.
[INFO DRT-0024]   Complete via3.
[INFO DRT-0024]   Complete met4.
[INFO DRT-0024]   Complete via4.
[INFO DRT-0024]   Complete met5.
[INFO DRT-0033] FR_MASTERSLICE shape region query size = 0.
[INFO DRT-0033] licon shape region query size = 0.
[INFO DRT-0033] li1 shape region query size = 86328.
[INFO DRT-0033] mcon shape region query size = 15552.
[INFO DRT-0033] met1 shape region query size = 21517.
[INFO DRT-0033] via shape region query size = 790.
[INFO DRT-0033] met2 shape region query size = 494.
[INFO DRT-0033] via2 shape region query size = 632.
[INFO DRT-0033] met3 shape region query size = 494.
[INFO DRT-0033] via3 shape region query size = 632.
[INFO DRT-0033] met4 shape region query size = 174.
[INFO DRT-0033] via4 shape region query size = 8.
[INFO DRT-0033] met5 shape region query size = 16.
[INFO DRT-0165] Start pin access.
[INFO DRT-0076]   Complete 100 pins.
[INFO DRT-0076]   Complete 200 pins.
[INFO DRT-0076]   Complete 300 pins.
[INFO DRT-0076]   Complete 400 pins.
[INFO DRT-0076]   Complete 500 pins.
[INFO DRT-0076]   Complete 600 pins.
[INFO DRT-0076]   Complete 700 pins.
[INFO DRT-0078]   Complete 777 pins.
[INFO DRT-0079]   Complete 100 unique inst patterns.
[INFO DRT-0081]   Complete 188 unique inst patterns.
[INFO DRT-0082]   Complete 1000 groups.
[INFO DRT-0084]   Complete 1338 groups.
#scanned instances     = 5594
#unique  instances     = 206
#stdCellGenAp          = 5873
#stdCellValidPlanarAp  = 36
#stdCellValidViaAp     = 4500
#stdCellPinNoAp        = 0
#stdCellPinCnt         = 7587
#instTermValidViaApCnt = 0
#macroGenAp            = 0
#macroValidPlanarAp    = 0
#macroValidViaAp       = 0
#macroNoAp             = 0
[INFO DRT-0166] Complete pin access.
[INFO DRT-0267] cpu time = 00:00:43, elapsed time = 00:00:22, memory = 139.07 (MB), peak = 139.07 (MB)

Number of guides:     18154

[INFO DRT-0169] Post process guides.
[INFO DRT-0176] GCELLGRID X 0 DO 32 STEP 6900 ;
[INFO DRT-0177] GCELLGRID Y 0 DO 34 STEP 6900 ;
[INFO DRT-0026]   Complete 10000 origin guides.
[INFO DRT-0028]   Complete FR_MASTERSLICE.
[INFO DRT-0028]   Complete licon.
[INFO DRT-0028]   Complete li1.
[INFO DRT-0028]   Complete mcon.
[INFO DRT-0028]   Complete met1.
[INFO DRT-0028]   Complete via.
[INFO DRT-0028]   Complete met2.
[INFO DRT-0028]   Complete via2.
[INFO DRT-0028]   Complete met3.
[INFO DRT-0028]   Complete via3.
[INFO DRT-0028]   Complete met4.
[INFO DRT-0028]   Complete via4.
[INFO DRT-0028]   Complete met5.
[INFO DRT-0178] Init guide query.
[INFO DRT-0035]   Complete FR_MASTERSLICE (guide).
[INFO DRT-0035]   Complete licon (guide).
[INFO DRT-0035]   Complete li1 (guide).
[INFO DRT-0035]   Complete mcon (guide).
[INFO DRT-0035]   Complete met1 (guide).
[INFO DRT-0035]   Complete via (guide).
[INFO DRT-0035]   Complete met2 (guide).
[INFO DRT-0035]   Complete via2 (guide).
[INFO DRT-0035]   Complete met3 (guide).
[INFO DRT-0035]   Complete via3 (guide).
[INFO DRT-0035]   Complete met4 (guide).
[INFO DRT-0035]   Complete via4 (guide).
[INFO DRT-0035]   Complete met5 (guide).
[INFO DRT-0036] FR_MASTERSLICE guide region query size = 0.
[INFO DRT-0036] licon guide region query size = 0.
[INFO DRT-0036] li1 guide region query size = 6107.
[INFO DRT-0036] mcon guide region query size = 0.
[INFO DRT-0036] met1 guide region query size = 4960.
[INFO DRT-0036] via guide region query size = 0.
[INFO DRT-0036] met2 guide region query size = 2770.
[INFO DRT-0036] via2 guide region query size = 0.
[INFO DRT-0036] met3 guide region query size = 277.
[INFO DRT-0036] via3 guide region query size = 0.
[INFO DRT-0036] met4 guide region query size = 107.
[INFO DRT-0036] via4 guide region query size = 0.
[INFO DRT-0036] met5 guide region query size = 0.
[INFO DRT-0179] Init gr pin query.
[INFO DRT-0245] skipped writing guide updates to database.
[INFO DRT-0185] Post process initialize RPin region query.
[INFO DRT-0181] Start track assignment.
[INFO DRT-0184] Done with 8984 vertical wires in 1 frboxes and 5237 horizontal wires in 1 frboxes.
[INFO DRT-0186] Done with 926 vertical wires in 1 frboxes and 1892 horizontal wires in 1 frboxes.
[INFO DRT-0182] Complete track assignment.
[INFO DRT-0267] cpu time = 00:00:01, elapsed time = 00:00:00, memory = 168.79 (MB), peak = 179.18 (MB)
[INFO DRT-0187] Start routing data preparation.
[INFO DRT-0267] cpu time = 00:00:00, elapsed time = 00:00:00, memory = 168.79 (MB), peak = 179.18 (MB)
[INFO DRT-0194] Start detail routing.
[INFO DRT-0195] Start 0th optimization iteration.
    Completing 10% with 0 violations.
    elapsed time = 00:00:01, memory = 212.80 (MB).
    Completing 20% with 0 violations.
    elapsed time = 00:00:04, memory = 288.84 (MB).
    Completing 30% with 0 violations.
    elapsed time = 00:00:04, memory = 303.54 (MB).
    Completing 40% with 435 violations.
    elapsed time = 00:00:07, memory = 244.86 (MB).
    Completing 50% with 435 violations.
    elapsed time = 00:00:14, memory = 287.12 (MB).
    Completing 60% with 435 violations.
    elapsed time = 00:00:15, memory = 306.99 (MB).
    Completing 70% with 946 violations.
    elapsed time = 00:00:19, memory = 291.46 (MB).
    Completing 80% with 946 violations.
    elapsed time = 00:00:22, memory = 324.58 (MB).
    Completing 90% with 1540 violations.
    elapsed time = 00:00:36, memory = 317.41 (MB).
    Completing 100% with 2232 violations.
    elapsed time = 00:00:46, memory = 249.30 (MB).
[INFO DRT-0199]   Number of violations = 2928.
Viol/Layer         li1   mcon   met1    via   met2   met3   met4
Cut Spacing          0      4      0      1      0      0      0
Metal Spacing       13      0    709      0     58      0      0
Min Hole             0      0      4      0      0      0      0
NS Metal             0      0      1      0      0      0      0
Recheck              0      0    464      0    212     17      3
Short                0      0   1232      1    208      1      0
[INFO DRT-0267] cpu time = 00:01:14, elapsed time = 00:00:46, memory = 527.55 (MB), peak = 527.55 (MB)
Total wire length = 76902 um.
Total wire length on LAYER li1 = 0 um.
Total wire length on LAYER met1 = 34270 um.
Total wire length on LAYER met2 = 34451 um.
Total wire length on LAYER met3 = 5524 um.
Total wire length on LAYER met4 = 2655 um.
Total wire length on LAYER met5 = 0 um.
Total number of vias = 16746.
Up-via summary (total 16746):.

------------------------
 FR_MASTERSLICE        0
            li1     7427
           met1     8683
           met2      475
           met3      161
           met4        0
------------------------
                   16746


[INFO DRT-0195] Start 1st optimization iteration.
    Completing 10% with 2928 violations.
    elapsed time = 00:00:00, memory = 544.68 (MB).
    Completing 20% with 2928 violations.
    elapsed time = 00:00:02, memory = 579.55 (MB).
    Completing 30% with 2595 violations.
    elapsed time = 00:00:06, memory = 545.36 (MB).
    Completing 40% with 2595 violations.
    elapsed time = 00:00:06, memory = 578.74 (MB).
    Completing 50% with 2595 violations.
    elapsed time = 00:00:10, memory = 599.11 (MB).
    Completing 60% with 2595 violations.
    elapsed time = 00:00:14, memory = 636.99 (MB).
    Completing 70% with 2295 violations.
    elapsed time = 00:00:17, memory = 565.48 (MB).
    Completing 80% with 2295 violations.
    elapsed time = 00:00:24, memory = 605.98 (MB).
    Completing 90% with 1957 violations.
    elapsed time = 00:00:32, memory = 607.45 (MB).
    Completing 100% with 1484 violations.
    elapsed time = 00:00:38, memory = 607.45 (MB).
[INFO DRT-0199]   Number of violations = 1614.
Viol/Layer        mcon   met1   met2   met3
Cut Spacing          3      0      0      0
Metal Spacing        0    494     51      0
Min Hole             0      4      0      0
NS Metal             0      1      0      0
Recheck              0     57      1     72
Short                0    874     57      0
[INFO DRT-0267] cpu time = 00:01:06, elapsed time = 00:00:39, memory = 527.84 (MB), peak = 636.99 (MB)
Total wire length = 76127 um.
Total wire length on LAYER li1 = 0 um.
Total wire length on LAYER met1 = 33745 um.
Total wire length on LAYER met2 = 34237 um.
Total wire length on LAYER met3 = 5509 um.
Total wire length on LAYER met4 = 2635 um.
Total wire length on LAYER met5 = 0 um.
Total number of vias = 16744.
Up-via summary (total 16744):.

------------------------
 FR_MASTERSLICE        0
            li1     7426
           met1     8664
           met2      496
           met3      158
           met4        0
------------------------
                   16744


[INFO DRT-0195] Start 2nd optimization iteration.
    Completing 10% with 1614 violations.
    elapsed time = 00:00:00, memory = 535.84 (MB).
    Completing 20% with 1614 violations.
    elapsed time = 00:00:04, memory = 592.59 (MB).
    Completing 30% with 1590 violations.
    elapsed time = 00:00:10, memory = 519.86 (MB).
    Completing 40% with 1590 violations.
    elapsed time = 00:00:14, memory = 596.11 (MB).
    Completing 50% with 1590 violations.
    elapsed time = 00:00:25, memory = 601.99 (MB).
    Completing 60% with 1613 violations.
    elapsed time = 00:00:31, memory = 606.24 (MB).
    Completing 70% with 1613 violations.
    elapsed time = 00:00:32, memory = 634.99 (MB).
    Completing 80% with 1588 violations.
    elapsed time = 00:00:37, memory = 561.05 (MB).
    Completing 90% with 1588 violations.
    elapsed time = 00:00:41, memory = 608.80 (MB).
    Completing 100% with 1541 violations.
    elapsed time = 00:00:44, memory = 519.82 (MB).
[INFO DRT-0199]   Number of violations = 1559.
Viol/Layer        mcon   met1   met2   met3
Cut Spacing          5      0      0      0
Metal Spacing        0    558     36      0
Min Hole             0      7      0      0
NS Metal             0      2      0      0
Recheck              0      5      1     12
Short                0    875     55      3
[INFO DRT-0267] cpu time = 00:01:11, elapsed time = 00:00:44, memory = 530.82 (MB), peak = 644.37 (MB)
Total wire length = 75782 um.
Total wire length on LAYER li1 = 0 um.
Total wire length on LAYER met1 = 33668 um.
Total wire length on LAYER met2 = 34072 um.
Total wire length on LAYER met3 = 5475 um.
Total wire length on LAYER met4 = 2565 um.
Total wire length on LAYER met5 = 0 um.
Total number of vias = 16645.
Up-via summary (total 16645):.

------------------------
 FR_MASTERSLICE        0
            li1     7426
           met1     8581
           met2      489
           met3      149
           met4        0
------------------------
                   16645


[INFO DRT-0195] Start 3rd optimization iteration.
    Completing 10% with 1559 violations.
    elapsed time = 00:00:02, memory = 565.45 (MB).
    Completing 20% with 1559 violations.
    elapsed time = 00:00:05, memory = 581.07 (MB).
    Completing 30% with 1559 violations.
    elapsed time = 00:00:07, memory = 598.82 (MB).
    Completing 40% with 1339 violations.
    elapsed time = 00:00:13, memory = 567.45 (MB).
    Completing 50% with 1339 violations.
    elapsed time = 00:00:17, memory = 608.08 (MB).
    Completing 60% with 1339 violations.
    elapsed time = 00:00:20, memory = 628.70 (MB).
    Completing 70% with 1048 violations.
    elapsed time = 00:00:25, memory = 578.12 (MB).
    Completing 80% with 1048 violations.
    elapsed time = 00:00:29, memory = 584.99 (MB).
    Completing 90% with 645 violations.
    elapsed time = 00:00:47, memory = 612.43 (MB).
    Completing 100% with 382 violations.
    elapsed time = 00:00:55, memory = 522.93 (MB).
[INFO DRT-0199]   Number of violations = 382.
Viol/Layer        mcon   met1   met2
Cut Spacing          3      0      0
Metal Spacing        0    209      1
Min Hole             0      2      0
NS Metal             0      1      0
Short                0    159      7
[INFO DRT-0267] cpu time = 00:01:27, elapsed time = 00:00:55, memory = 527.30 (MB), peak = 655.93 (MB)
Total wire length = 75626 um.
Total wire length on LAYER li1 = 0 um.
Total wire length on LAYER met1 = 31387 um.
Total wire length on LAYER met2 = 34182 um.
Total wire length on LAYER met3 = 7473 um.
Total wire length on LAYER met4 = 2582 um.
Total wire length on LAYER met5 = 0 um.
Total number of vias = 17017.
Up-via summary (total 17017):.

------------------------
 FR_MASTERSLICE        0
            li1     7426
           met1     8637
           met2      800
           met3      154
           met4        0
------------------------
                   17017


[INFO DRT-0195] Start 4th optimization iteration.
    Completing 10% with 382 violations.
    elapsed time = 00:00:00, memory = 527.30 (MB).
    Completing 20% with 382 violations.
    elapsed time = 00:00:01, memory = 586.30 (MB).
    Completing 30% with 382 violations.
    elapsed time = 00:00:03, memory = 594.70 (MB).
    Completing 40% with 312 violations.
    elapsed time = 00:00:03, memory = 522.93 (MB).
    Completing 50% with 312 violations.
    elapsed time = 00:00:04, memory = 580.68 (MB).
    Completing 60% with 312 violations.
    elapsed time = 00:00:07, memory = 607.30 (MB).
    Completing 70% with 264 violations.
    elapsed time = 00:00:08, memory = 569.99 (MB).
    Completing 80% with 264 violations.
    elapsed time = 00:00:10, memory = 595.49 (MB).
    Completing 90% with 220 violations.
    elapsed time = 00:00:14, memory = 604.73 (MB).
    Completing 100% with 142 violations.
    elapsed time = 00:00:16, memory = 523.84 (MB).
[INFO DRT-0199]   Number of violations = 142.
Viol/Layer        mcon   met1
Cut Spacing          1      0
Metal Spacing        0     58
Min Hole             0      1
NS Metal             0      1
Short                0     81
[INFO DRT-0267] cpu time = 00:00:32, elapsed time = 00:00:17, memory = 524.21 (MB), peak = 655.93 (MB)
Total wire length = 75625 um.
Total wire length on LAYER li1 = 0 um.
Total wire length on LAYER met1 = 31259 um.
Total wire length on LAYER met2 = 34147 um.
Total wire length on LAYER met3 = 7636 um.
Total wire length on LAYER met4 = 2581 um.
Total wire length on LAYER met5 = 0 um.
Total number of vias = 17036.
Up-via summary (total 17036):.

------------------------
 FR_MASTERSLICE        0
            li1     7426
           met1     8647
           met2      809
           met3      154
           met4        0
------------------------
                   17036


[INFO DRT-0195] Start 5th optimization iteration.
    Completing 10% with 142 violations.
    elapsed time = 00:00:00, memory = 524.21 (MB).
    Completing 20% with 142 violations.
    elapsed time = 00:00:00, memory = 564.09 (MB).
    Completing 30% with 105 violations.
    elapsed time = 00:00:05, memory = 523.21 (MB).
    Completing 40% with 105 violations.
    elapsed time = 00:00:05, memory = 523.21 (MB).
    Completing 50% with 105 violations.
    elapsed time = 00:00:05, memory = 523.21 (MB).
    Completing 60% with 105 violations.
    elapsed time = 00:00:13, memory = 576.94 (MB).
    Completing 70% with 102 violations.
    elapsed time = 00:00:13, memory = 523.77 (MB).
    Completing 80% with 102 violations.
    elapsed time = 00:00:17, memory = 583.64 (MB).
    Completing 90% with 71 violations.
    elapsed time = 00:00:18, memory = 577.71 (MB).
    Completing 100% with 62 violations.
    elapsed time = 00:00:19, memory = 523.27 (MB).
[INFO DRT-0199]   Number of violations = 62.
Viol/Layer        met1
Metal Spacing       41
Short               21
[INFO DRT-0267] cpu time = 00:00:22, elapsed time = 00:00:19, memory = 523.27 (MB), peak = 655.93 (MB)
Total wire length = 75675 um.
Total wire length on LAYER li1 = 0 um.
Total wire length on LAYER met1 = 31274 um.
Total wire length on LAYER met2 = 34145 um.
Total wire length on LAYER met3 = 7664 um.
Total wire length on LAYER met4 = 2590 um.
Total wire length on LAYER met5 = 0 um.
Total number of vias = 17047.
Up-via summary (total 17047):.

------------------------
 FR_MASTERSLICE        0
            li1     7426
           met1     8652
           met2      813
           met3      156
           met4        0
------------------------
                   17047


[INFO DRT-0195] Start 6th optimization iteration.
    Completing 10% with 62 violations.
    elapsed time = 00:00:00, memory = 523.27 (MB).
    Completing 20% with 62 violations.
    elapsed time = 00:00:00, memory = 523.27 (MB).
    Completing 30% with 62 violations.
    elapsed time = 00:00:00, memory = 523.27 (MB).
    Completing 40% with 62 violations.
    elapsed time = 00:00:00, memory = 523.27 (MB).
    Completing 50% with 62 violations.
    elapsed time = 00:00:00, memory = 523.27 (MB).
    Completing 60% with 62 violations.
    elapsed time = 00:00:03, memory = 579.34 (MB).
    Completing 70% with 14 violations.
    elapsed time = 00:00:03, memory = 523.83 (MB).
    Completing 80% with 14 violations.
    elapsed time = 00:00:05, memory = 577.33 (MB).
    Completing 90% with 6 violations.
    elapsed time = 00:00:05, memory = 523.18 (MB).
    Completing 100% with 6 violations.
    elapsed time = 00:00:05, memory = 523.18 (MB).
[INFO DRT-0199]   Number of violations = 6.
Viol/Layer        met1
Metal Spacing        2
Short                4
[INFO DRT-0267] cpu time = 00:00:07, elapsed time = 00:00:05, memory = 523.18 (MB), peak = 655.93 (MB)
Total wire length = 75688 um.
Total wire length on LAYER li1 = 0 um.
Total wire length on LAYER met1 = 31287 um.
Total wire length on LAYER met2 = 34157 um.
Total wire length on LAYER met3 = 7668 um.
Total wire length on LAYER met4 = 2575 um.
Total wire length on LAYER met5 = 0 um.
Total number of vias = 17053.
Up-via summary (total 17053):.

------------------------
 FR_MASTERSLICE        0
            li1     7426
           met1     8661
           met2      814
           met3      152
           met4        0
------------------------
                   17053


[INFO DRT-0195] Start 7th optimization iteration.
    Completing 10% with 6 violations.
    elapsed time = 00:00:00, memory = 523.18 (MB).
    Completing 20% with 6 violations.
    elapsed time = 00:00:00, memory = 523.18 (MB).
    Completing 30% with 6 violations.
    elapsed time = 00:00:00, memory = 523.18 (MB).
    Completing 40% with 6 violations.
    elapsed time = 00:00:00, memory = 523.18 (MB).
    Completing 50% with 6 violations.
    elapsed time = 00:00:02, memory = 523.18 (MB).
    Completing 60% with 3 violations.
    elapsed time = 00:00:02, memory = 523.18 (MB).
    Completing 70% with 3 violations.
    elapsed time = 00:00:02, memory = 523.18 (MB).
    Completing 80% with 3 violations.
    elapsed time = 00:00:02, memory = 523.18 (MB).
    Completing 90% with 3 violations.
    elapsed time = 00:00:02, memory = 523.18 (MB).
    Completing 100% with 1 violations.
    elapsed time = 00:00:03, memory = 523.65 (MB).
[INFO DRT-0199]   Number of violations = 1.
Viol/Layer        met1
Metal Spacing        1
[INFO DRT-0267] cpu time = 00:00:03, elapsed time = 00:00:03, memory = 523.65 (MB), peak = 655.93 (MB)
Total wire length = 75695 um.
Total wire length on LAYER li1 = 0 um.
Total wire length on LAYER met1 = 31297 um.
Total wire length on LAYER met2 = 34159 um.
Total wire length on LAYER met3 = 7663 um.
Total wire length on LAYER met4 = 2575 um.
Total wire length on LAYER met5 = 0 um.
Total number of vias = 17056.
Up-via summary (total 17056):.

------------------------
 FR_MASTERSLICE        0
            li1     7426
           met1     8663
           met2      815
           met3      152
           met4        0
------------------------
                   17056


[INFO DRT-0195] Start 8th optimization iteration.
    Completing 10% with 1 violations.
    elapsed time = 00:00:00, memory = 523.65 (MB).
    Completing 20% with 1 violations.
    elapsed time = 00:00:00, memory = 523.65 (MB).
    Completing 30% with 1 violations.
    elapsed time = 00:00:00, memory = 523.65 (MB).
    Completing 40% with 1 violations.
    elapsed time = 00:00:00, memory = 523.65 (MB).
    Completing 50% with 1 violations.
    elapsed time = 00:00:00, memory = 570.77 (MB).
    Completing 60% with 0 violations.
    elapsed time = 00:00:00, memory = 523.75 (MB).
    Completing 70% with 0 violations.
    elapsed time = 00:00:00, memory = 523.75 (MB).
    Completing 80% with 0 violations.
    elapsed time = 00:00:00, memory = 523.75 (MB).
    Completing 90% with 0 violations.
    elapsed time = 00:00:00, memory = 523.75 (MB).
    Completing 100% with 0 violations.
    elapsed time = 00:00:00, memory = 523.75 (MB).
[INFO DRT-0199]   Number of violations = 0.
[INFO DRT-0267] cpu time = 00:00:00, elapsed time = 00:00:00, memory = 523.75 (MB), peak = 655.93 (MB)
Total wire length = 75695 um.
Total wire length on LAYER li1 = 0 um.
Total wire length on LAYER met1 = 31297 um.
Total wire length on LAYER met2 = 34159 um.
Total wire length on LAYER met3 = 7663 um.
Total wire length on LAYER met4 = 2575 um.
Total wire length on LAYER met5 = 0 um.
Total number of vias = 17056.
Up-via summary (total 17056):.

------------------------
 FR_MASTERSLICE        0
            li1     7426
           met1     8663
           met2      815
           met3      152
           met4        0
------------------------
                   17056


[INFO DRT-0198] Complete detail routing.
Total wire length = 75695 um.
Total wire length on LAYER li1 = 0 um.
Total wire length on LAYER met1 = 31297 um.
Total wire length on LAYER met2 = 34159 um.
Total wire length on LAYER met3 = 7663 um.
Total wire length on LAYER met4 = 2575 um.
Total wire length on LAYER met5 = 0 um.
Total number of vias = 17056.
Up-via summary (total 17056):.

------------------------
 FR_MASTERSLICE        0
            li1     7426
           met1     8663
           met2      815
           met3      152
           met4        0
------------------------
                   17056


[INFO DRT-0267] cpu time = 00:06:07, elapsed time = 00:03:52, memory = 523.75 (MB), peak = 655.93 (MB)

[INFO DRT-0180] Post processing.
Setting global connections for newly added cells…
Writing OpenROAD database to '/work/runs/uart_flow/results/routing/uart_top.odb'…
Writing netlist to '/work/runs/uart_flow/results/routing/uart_top.nl.v'…
Writing powered netlist to '/work/runs/uart_flow/results/routing/uart_top.pnl.v'…
Writing layout to '/work/runs/uart_flow/results/routing/uart_top.def'…
