
 /----------------------------------------------------------------------------\
 |                                                                            |
 |  yosys -- Yosys Open SYnthesis Suite                                       |
 |                                                                            |
 |  Copyright (C) 2012 - 2020  Claire Xenia Wolf <claire@yosyshq.com>         |
 |                                                                            |
 |  Permission to use, copy, modify, and/or distribute this software for any  |
 |  purpose with or without fee is hereby granted, provided that the above    |
 |  copyright notice and this permission notice appear in all copies.         |
 |                                                                            |
 |  THE SOFTWARE IS PROVIDED "AS IS" AND THE AUTHOR DISCLAIMS ALL WARRANTIES  |
 |  WITH REGARD TO THIS SOFTWARE INCLUDING ALL IMPLIED WARRANTIES OF          |
 |  MERCHANTABILITY AND FITNESS. IN NO EVENT SHALL THE AUTHOR BE LIABLE FOR   |
 |  ANY SPECIAL, DIRECT, INDIRECT, OR CONSEQUENTIAL DAMAGES OR ANY DAMAGES    |
 |  WHATSOEVER RESULTING FROM LOSS OF USE, DATA OR PROFITS, WHETHER IN AN     |
 |  ACTION OF CONTRACT, NEGLIGENCE OR OTHER TORTIOUS ACTION, ARISING OUT OF   |
 |  OR IN CONNECTION WITH THE USE OR PERFORMANCE OF THIS SOFTWARE.            |
 |                                                                            |
 \----------------------------------------------------------------------------/

 Yosys 0.30+48 (git sha1 14d50a176d5, gcc 8.3.1 -fPIC -Os)

[TCL: yosys -import] Command name collision: found pre-existing command `cd' -> skip.
[TCL: yosys -import] Command name collision: found pre-existing command `eval' -> skip.
[TCL: yosys -import] Command name collision: found pre-existing command `exec' -> skip.
[TCL: yosys -import] Command name collision: found pre-existing command `read' -> skip.
[TCL: yosys -import] Command name collision: found pre-existing command `trace' -> skip.
Reading /work/runs/uart_flow/tmp/synthesis/1-sky130_fd_sc_hd__tt_025C_1v80.no_pg.lib as a blackbox

1. Executing Liberty frontend: /work/runs/uart_flow/tmp/synthesis/1-sky130_fd_sc_hd__tt_025C_1v80.no_pg.lib
Imported 428 cell types from liberty file.

2. Executing Verilog-2005 frontend: /work/uart_sky130.v
Parsing SystemVerilog input from `/work/uart_sky130.v' to AST representation.
Generating RTLIL representation for module `\uart_top'.
Successfully finished Verilog frontend.

3. Generating Graphviz representation of design.
Writing dot description to `/work/runs/uart_flow/tmp/synthesis/hierarchy.dot'.
Dumping module uart_top to page 1.

4. Executing HIERARCHY pass (managing design hierarchy).

4.1. Analyzing design hierarchy..
Top module:  \uart_top

4.2. Analyzing design hierarchy..
Top module:  \uart_top
Removed 0 unused modules.

5. Executing TRIBUF pass.

6. Executing HIERARCHY pass (managing design hierarchy).

6.1. Analyzing design hierarchy..
Top module:  \uart_top

6.2. Analyzing design hierarchy..
Top module:  \uart_top
Removed 0 unused modules.

7. Executing PROC_CLEAN pass (remove empty switches from decision trees).
Cleaned up 0 empty switches.

8. Executing PROC_RMDEAD pass (remove dead branches from decision trees).
Removed a total of 0 dead cases.

9. Executing PROC_PRUNE pass (remove redundant assignments in processes).
Removed 0 redundant assignments.
Promoted 0 assignments to connections.

10. Executing PROC_INIT pass (extract init attributes).

11. Executing PROC_ARST pass (detect async resets in processes).

12. Executing PROC_ROM pass (convert switches to ROMs).
Converted 0 switches.

13. Executing PROC_MUX pass (convert decision trees to multiplexers).

14. Executing PROC_DLATCH pass (convert process syncs to latches).

15. Executing PROC_DFF pass (convert process syncs to FFs).

16. Executing PROC_MEMWR pass (convert process memory writes to cells).

17. Executing PROC_CLEAN pass (remove empty switches from decision trees).
Cleaned up 0 empty switches.

18. Executing CHECK pass (checking for obvious problems).
Checking module uart_top...
Found and reported 0 problems.

19. Executing OPT_EXPR pass (perform const folding).
Optimizing module uart_top.

20. Executing FLATTEN pass (flatten design).

21. Executing OPT_EXPR pass (perform const folding).
Optimizing module uart_top.

22. Executing OPT_CLEAN pass (remove unused cells and wires).
Finding unused cells or wires in module \uart_top..

23. Executing OPT pass (performing simple optimizations).

23.1. Executing OPT_EXPR pass (perform const folding).
Optimizing module uart_top.

23.2. Executing OPT_MERGE pass (detect identical cells).
Finding identical cells in module `\uart_top'.
Removed a total of 0 cells.

23.3. Executing OPT_MUXTREE pass (detect dead branches in mux trees).
Running muxtree optimizer on module \uart_top..
  Creating internal representation of mux trees.
  No muxes found in this module.
Removed 0 multiplexer ports.

23.4. Executing OPT_REDUCE pass (consolidate $*mux and $reduce_* inputs).
  Optimizing cells in module \uart_top.
Performed a total of 0 changes.

23.5. Executing OPT_MERGE pass (detect identical cells).
Finding identical cells in module `\uart_top'.
Removed a total of 0 cells.

23.6. Executing OPT_DFF pass (perform DFF optimizations).

23.7. Executing OPT_CLEAN pass (remove unused cells and wires).
Finding unused cells or wires in module \uart_top..

23.8. Executing OPT_EXPR pass (perform const folding).
Optimizing module uart_top.

23.9. Finished OPT passes. (There is nothing left to do.)

24. Executing FSM pass (extract and optimize FSM).

24.1. Executing FSM_DETECT pass (finding FSMs in design).

24.2. Executing FSM_EXTRACT pass (extracting FSM from design).

24.3. Executing FSM_OPT pass (simple optimizations of FSMs).

24.4. Executing OPT_CLEAN pass (remove unused cells and wires).
Finding unused cells or wires in module \uart_top..

24.5. Executing FSM_OPT pass (simple optimizations of FSMs).

24.6. Executing FSM_RECODE pass (re-assigning FSM state encoding).

24.7. Executing FSM_INFO pass (dumping all available information on FSM cells).

24.8. Executing FSM_MAP pass (mapping FSMs to basic logic).

25. Executing OPT pass (performing simple optimizations).

25.1. Executing OPT_EXPR pass (perform const folding).
Optimizing module uart_top.

25.2. Executing OPT_MERGE pass (detect identical cells).
Finding identical cells in module `\uart_top'.
Removed a total of 0 cells.

25.3. Executing OPT_MUXTREE pass (detect dead branches in mux trees).
Running muxtree optimizer on module \uart_top..
  Creating internal representation of mux trees.
  No muxes found in this module.
Removed 0 multiplexer ports.

25.4. Executing OPT_REDUCE pass (consolidate $*mux and $reduce_* inputs).
  Optimizing cells in module \uart_top.
Performed a total of 0 changes.

25.5. Executing OPT_MERGE pass (detect identical cells).
Finding identical cells in module `\uart_top'.
Removed a total of 0 cells.

25.6. Executing OPT_DFF pass (perform DFF optimizations).

25.7. Executing OPT_CLEAN pass (remove unused cells and wires).
Finding unused cells or wires in module \uart_top..

25.8. Executing OPT_EXPR pass (perform const folding).
Optimizing module uart_top.

25.9. Finished OPT passes. (There is nothing left to do.)

26. Executing WREDUCE pass (reducing word size of cells).
Removed top 4 bits (of 8) from wire uart_top.regs.ier.
Removed top 1 bits (of 8) from wire uart_top.regs.lsr.

27. Executing PEEPOPT pass (run peephole optimizers).

28. Executing OPT_CLEAN pass (remove unused cells and wires).
Finding unused cells or wires in module \uart_top..
Removed 0 unused cells and 2 unused wires.
<suppressed ~1 debug messages>

29. Executing ALUMACC pass (create $alu and $macc cells).
Extracting $alu and $macc cells in module uart_top:
  created 0 $alu and 0 $macc cells.

30. Executing SHARE pass (SAT-based resource sharing).

31. Executing OPT pass (performing simple optimizations).

31.1. Executing OPT_EXPR pass (perform const folding).
Optimizing module uart_top.

31.2. Executing OPT_MERGE pass (detect identical cells).
Finding identical cells in module `\uart_top'.
Removed a total of 0 cells.

31.3. Executing OPT_MUXTREE pass (detect dead branches in mux trees).
Running muxtree optimizer on module \uart_top..
  Creating internal representation of mux trees.
  No muxes found in this module.
Removed 0 multiplexer ports.

31.4. Executing OPT_REDUCE pass (consolidate $*mux and $reduce_* inputs).
  Optimizing cells in module \uart_top.
Performed a total of 0 changes.

31.5. Executing OPT_MERGE pass (detect identical cells).
Finding identical cells in module `\uart_top'.
Removed a total of 0 cells.

31.6. Executing OPT_DFF pass (perform DFF optimizations).

31.7. Executing OPT_CLEAN pass (remove unused cells and wires).
Finding unused cells or wires in module \uart_top..

31.8. Executing OPT_EXPR pass (perform const folding).
Optimizing module uart_top.

31.9. Finished OPT passes. (There is nothing left to do.)

32. Executing MEMORY pass.

32.1. Executing OPT_MEM pass (optimize memories).
Performed a total of 0 transformations.

32.2. Executing OPT_MEM_PRIORITY pass (removing unnecessary memory write priority relations).
Performed a total of 0 transformations.

32.3. Executing OPT_MEM_FEEDBACK pass (finding memory read-to-write feedback paths).

32.4. Executing MEMORY_BMUX2ROM pass (converting muxes to ROMs).

32.5. Executing MEMORY_DFF pass (merging $dff cells to $memrd).

32.6. Executing OPT_CLEAN pass (remove unused cells and wires).
Finding unused cells or wires in module \uart_top..

32.7. Executing MEMORY_SHARE pass (consolidating $memrd/$memwr cells).

32.8. Executing OPT_MEM_WIDEN pass (optimize memories where all ports are wide).
Performed a total of 0 transformations.

32.9. Executing OPT_CLEAN pass (remove unused cells and wires).
Finding unused cells or wires in module \uart_top..

32.10. Executing MEMORY_COLLECT pass (generating $mem cells).

33. Executing OPT_CLEAN pass (remove unused cells and wires).
Finding unused cells or wires in module \uart_top..

34. Executing OPT pass (performing simple optimizations).

34.1. Executing OPT_EXPR pass (perform const folding).
Optimizing module uart_top.
<suppressed ~17 debug messages>

34.2. Executing OPT_MERGE pass (detect identical cells).
Finding identical cells in module `\uart_top'.
Removed a total of 0 cells.

34.3. Executing OPT_DFF pass (perform DFF optimizations).

34.4. Executing OPT_CLEAN pass (remove unused cells and wires).
Finding unused cells or wires in module \uart_top..

34.5. Finished fast OPT passes.

35. Executing MEMORY_MAP pass (converting memories to logic and flip-flops).

36. Executing OPT pass (performing simple optimizations).

36.1. Executing OPT_EXPR pass (perform const folding).
Optimizing module uart_top.

36.2. Executing OPT_MERGE pass (detect identical cells).
Finding identical cells in module `\uart_top'.
Removed a total of 0 cells.

36.3. Executing OPT_MUXTREE pass (detect dead branches in mux trees).
Running muxtree optimizer on module \uart_top..
  Creating internal representation of mux trees.
  No muxes found in this module.
Removed 0 multiplexer ports.

36.4. Executing OPT_REDUCE pass (consolidate $*mux and $reduce_* inputs).
  Optimizing cells in module \uart_top.
Performed a total of 0 changes.

36.5. Executing OPT_MERGE pass (detect identical cells).
Finding identical cells in module `\uart_top'.
Removed a total of 0 cells.

36.6. Executing OPT_SHARE pass.

36.7. Executing OPT_DFF pass (perform DFF optimizations).

36.8. Executing OPT_CLEAN pass (remove unused cells and wires).
Finding unused cells or wires in module \uart_top..

36.9. Executing OPT_EXPR pass (perform const folding).
Optimizing module uart_top.

36.10. Finished OPT passes. (There is nothing left to do.)

37. Executing TECHMAP pass (map to technology primitives).

37.1. Executing Verilog-2005 frontend: /build/bin/../share/yosys/techmap.v
Parsing Verilog input from `/build/bin/../share/yosys/techmap.v' to AST representation.
Generating RTLIL representation for module `\_90_simplemap_bool_ops'.
Generating RTLIL representation for module `\_90_simplemap_reduce_ops'.
Generating RTLIL representation for module `\_90_simplemap_logic_ops'.
Generating RTLIL representation for module `\_90_simplemap_compare_ops'.
Generating RTLIL representation for module `\_90_simplemap_various'.
Generating RTLIL representation for module `\_90_simplemap_registers'.
Generating RTLIL representation for module `\_90_shift_ops_shr_shl_sshl_sshr'.
Generating RTLIL representation for module `\_90_shift_shiftx'.
Generating RTLIL representation for module `\_90_fa'.
Generating RTLIL representation for module `\_90_lcu'.
Generating RTLIL representation for module `\_90_alu'.
Generating RTLIL representation for module `\_90_macc'.
Generating RTLIL representation for module `\_90_alumacc'.
Generating RTLIL representation for module `\$__div_mod_u'.
Generating RTLIL representation for module `\$__div_mod_trunc'.
Generating RTLIL representation for module `\_90_div'.
Generating RTLIL representation for module `\_90_mod'.
Generating RTLIL representation for module `\$__div_mod_floor'.
Generating RTLIL representation for module `\_90_divfloor'.
Generating RTLIL representation for module `\_90_modfloor'.
Generating RTLIL representation for module `\_90_pow'.
Generating RTLIL representation for module `\_90_pmux'.
Generating RTLIL representation for module `\_90_demux'.
Generating RTLIL representation for module `\_90_lut'.
Successfully finished Verilog frontend.

37.2. Continuing TECHMAP pass.
No more expansions possible.
<suppressed ~73 debug messages>

38. Executing OPT pass (performing simple optimizations).

38.1. Executing OPT_EXPR pass (perform const folding).
Optimizing module uart_top.

38.2. Executing OPT_MERGE pass (detect identical cells).
Finding identical cells in module `\uart_top'.
Removed a total of 0 cells.

38.3. Executing OPT_DFF pass (perform DFF optimizations).

38.4. Executing OPT_CLEAN pass (remove unused cells and wires).
Finding unused cells or wires in module \uart_top..

38.5. Finished fast OPT passes.

39. Executing ABC pass (technology mapping using ABC).

39.1. Extracting gate netlist of module `\uart_top' to `<abc-temp-dir>/input.blif'..
Extracted 0 gates and 0 wires to a netlist network with 0 inputs and 0 outputs.
Don't call ABC as there is nothing to map.
Removing temp directory.

40. Executing OPT pass (performing simple optimizations).

40.1. Executing OPT_EXPR pass (perform const folding).
Optimizing module uart_top.

40.2. Executing OPT_MERGE pass (detect identical cells).
Finding identical cells in module `\uart_top'.
Removed a total of 0 cells.

40.3. Executing OPT_DFF pass (perform DFF optimizations).

40.4. Executing OPT_CLEAN pass (remove unused cells and wires).
Finding unused cells or wires in module \uart_top..

40.5. Finished fast OPT passes.

41. Executing HIERARCHY pass (managing design hierarchy).

41.1. Analyzing design hierarchy..
Top module:  \uart_top

41.2. Analyzing design hierarchy..
Top module:  \uart_top
Removed 0 unused modules.

42. Printing statistics.

=== uart_top ===

   Number of wires:               1436
   Number of wire bits:           2032
   Number of public wires:        1436
   Number of public wire bits:    2032
   Number of memories:               0
   Number of memory bits:            0
   Number of processes:              0
   Number of cells:               1741
     sky130_fd_sc_hd__a2111oi_0      1
     sky130_fd_sc_hd__a211o_1        1
     sky130_fd_sc_hd__a211oi_1       2
     sky130_fd_sc_hd__a21boi_0       3
     sky130_fd_sc_hd__a21o_1         3
     sky130_fd_sc_hd__a21oi_1       70
     sky130_fd_sc_hd__a221o_1       10
     sky130_fd_sc_hd__a221oi_1      19
     sky130_fd_sc_hd__a222oi_1      58
     sky130_fd_sc_hd__a22o_1        15
     sky130_fd_sc_hd__a22oi_1       39
     sky130_fd_sc_hd__a311oi_1       2
     sky130_fd_sc_hd__a31o_1         1
     sky130_fd_sc_hd__a31oi_1        2
     sky130_fd_sc_hd__a32o_1         2
     sky130_fd_sc_hd__a32oi_1        3
     sky130_fd_sc_hd__a41oi_1        3
     sky130_fd_sc_hd__and2_0        10
     sky130_fd_sc_hd__and3_1        26
     sky130_fd_sc_hd__and3b_1        3
     sky130_fd_sc_hd__and4_1         2
     sky130_fd_sc_hd__and4b_1        5
     sky130_fd_sc_hd__clkinv_1      13
     sky130_fd_sc_hd__dfrtp_1      163
     sky130_fd_sc_hd__dfstp_2        3
     sky130_fd_sc_hd__edfxtp_1     304
     sky130_fd_sc_hd__lpflow_inputiso1p_1      1
     sky130_fd_sc_hd__lpflow_isobufsrc_1     18
     sky130_fd_sc_hd__mux2_1        60
     sky130_fd_sc_hd__mux2i_1        1
     sky130_fd_sc_hd__nand2_1      137
     sky130_fd_sc_hd__nand2b_1       8
     sky130_fd_sc_hd__nand3_1       38
     sky130_fd_sc_hd__nand3b_1       1
     sky130_fd_sc_hd__nand4_1       24
     sky130_fd_sc_hd__nand4b_1       1
     sky130_fd_sc_hd__nor2_1       403
     sky130_fd_sc_hd__nor2b_1        1
     sky130_fd_sc_hd__nor3_1        80
     sky130_fd_sc_hd__nor3b_1        7
     sky130_fd_sc_hd__nor4_1        10
     sky130_fd_sc_hd__nor4b_1        5
     sky130_fd_sc_hd__nor4bb_1       8
     sky130_fd_sc_hd__o2111a_1       1
     sky130_fd_sc_hd__o2111ai_1      3
     sky130_fd_sc_hd__o211ai_1       5
     sky130_fd_sc_hd__o21a_1        17
     sky130_fd_sc_hd__o21ai_0       38
     sky130_fd_sc_hd__o21bai_1       1
     sky130_fd_sc_hd__o22a_1         1
     sky130_fd_sc_hd__o22ai_1        2
     sky130_fd_sc_hd__o2bb2ai_1      3
     sky130_fd_sc_hd__o311ai_0       1
     sky130_fd_sc_hd__o31a_1         3
     sky130_fd_sc_hd__o31ai_1        9
     sky130_fd_sc_hd__o41a_1         1
     sky130_fd_sc_hd__o41ai_1        3
     sky130_fd_sc_hd__or3_1          7
     sky130_fd_sc_hd__or3b_1         2
     sky130_fd_sc_hd__or4_1          7
     sky130_fd_sc_hd__xnor2_1       45
     sky130_fd_sc_hd__xnor3_1        3
     sky130_fd_sc_hd__xor2_1        23

43. Executing CHECK pass (checking for obvious problems).
Checking module uart_top...
Found and reported 0 problems.

44. Generating Graphviz representation of design.
Writing dot description to `/work/runs/uart_flow/tmp/synthesis/post_techmap.dot'.
Dumping module uart_top to page 1.

45. Executing SHARE pass (SAT-based resource sharing).

46. Executing OPT pass (performing simple optimizations).

46.1. Executing OPT_EXPR pass (perform const folding).
Optimizing module uart_top.

46.2. Executing OPT_MERGE pass (detect identical cells).
Finding identical cells in module `\uart_top'.
Removed a total of 0 cells.

46.3. Executing OPT_MUXTREE pass (detect dead branches in mux trees).
Running muxtree optimizer on module \uart_top..
  Creating internal representation of mux trees.
  No muxes found in this module.
Removed 0 multiplexer ports.

46.4. Executing OPT_REDUCE pass (consolidate $*mux and $reduce_* inputs).
  Optimizing cells in module \uart_top.
Performed a total of 0 changes.

46.5. Executing OPT_MERGE pass (detect identical cells).
Finding identical cells in module `\uart_top'.
Removed a total of 0 cells.

46.6. Executing OPT_DFF pass (perform DFF optimizations).

46.7. Executing OPT_CLEAN pass (remove unused cells and wires).
Finding unused cells or wires in module \uart_top..

46.8. Executing OPT_EXPR pass (perform const folding).
Optimizing module uart_top.

46.9. Finished OPT passes. (There is nothing left to do.)

47. Executing OPT_CLEAN pass (remove unused cells and wires).
Finding unused cells or wires in module \uart_top..
Removed 0 unused cells and 81 unused wires.
<suppressed ~81 debug messages>

48. Printing statistics.

=== uart_top ===

   Number of wires:               1355
   Number of wire bits:           1772
   Number of public wires:        1355
   Number of public wire bits:    1772
   Number of memories:               0
   Number of memory bits:            0
   Number of processes:              0
   Number of cells:               1741
     sky130_fd_sc_hd__a2111oi_0      1
     sky130_fd_sc_hd__a211o_1        1
     sky130_fd_sc_hd__a211oi_1       2
     sky130_fd_sc_hd__a21boi_0       3
     sky130_fd_sc_hd__a21o_1         3
     sky130_fd_sc_hd__a21oi_1       70
     sky130_fd_sc_hd__a221o_1       10
     sky130_fd_sc_hd__a221oi_1      19
     sky130_fd_sc_hd__a222oi_1      58
     sky130_fd_sc_hd__a22o_1        15
     sky130_fd_sc_hd__a22oi_1       39
     sky130_fd_sc_hd__a311oi_1       2
     sky130_fd_sc_hd__a31o_1         1
     sky130_fd_sc_hd__a31oi_1        2
     sky130_fd_sc_hd__a32o_1         2
     sky130_fd_sc_hd__a32oi_1        3
     sky130_fd_sc_hd__a41oi_1        3
     sky130_fd_sc_hd__and2_0        10
     sky130_fd_sc_hd__and3_1        26
     sky130_fd_sc_hd__and3b_1        3
     sky130_fd_sc_hd__and4_1         2
     sky130_fd_sc_hd__and4b_1        5
     sky130_fd_sc_hd__clkinv_1      13
     sky130_fd_sc_hd__dfrtp_1      163
     sky130_fd_sc_hd__dfstp_2        3
     sky130_fd_sc_hd__edfxtp_1     304
     sky130_fd_sc_hd__lpflow_inputiso1p_1      1
     sky130_fd_sc_hd__lpflow_isobufsrc_1     18
     sky130_fd_sc_hd__mux2_1        60
     sky130_fd_sc_hd__mux2i_1        1
     sky130_fd_sc_hd__nand2_1      137
     sky130_fd_sc_hd__nand2b_1       8
     sky130_fd_sc_hd__nand3_1       38
     sky130_fd_sc_hd__nand3b_1       1
     sky130_fd_sc_hd__nand4_1       24
     sky130_fd_sc_hd__nand4b_1       1
     sky130_fd_sc_hd__nor2_1       403
     sky130_fd_sc_hd__nor2b_1        1
     sky130_fd_sc_hd__nor3_1        80
     sky130_fd_sc_hd__nor3b_1        7
     sky130_fd_sc_hd__nor4_1        10
     sky130_fd_sc_hd__nor4b_1        5
     sky130_fd_sc_hd__nor4bb_1       8
     sky130_fd_sc_hd__o2111a_1       1
     sky130_fd_sc_hd__o2111ai_1      3
     sky130_fd_sc_hd__o211ai_1       5
     sky130_fd_sc_hd__o21a_1        17
     sky130_fd_sc_hd__o21ai_0       38
     sky130_fd_sc_hd__o21bai_1       1
     sky130_fd_sc_hd__o22a_1         1
     sky130_fd_sc_hd__o22ai_1        2
     sky130_fd_sc_hd__o2bb2ai_1      3
     sky130_fd_sc_hd__o311ai_0       1
     sky130_fd_sc_hd__o31a_1         3
     sky130_fd_sc_hd__o31ai_1        9
     sky130_fd_sc_hd__o41a_1         1
     sky130_fd_sc_hd__o41ai_1        3
     sky130_fd_sc_hd__or3_1          7
     sky130_fd_sc_hd__or3b_1         2
     sky130_fd_sc_hd__or4_1          7
     sky130_fd_sc_hd__xnor2_1       45
     sky130_fd_sc_hd__xnor3_1        3
     sky130_fd_sc_hd__xor2_1        23

mapping tbuf

49. Executing TECHMAP pass (map to technology primitives).

49.1. Executing Verilog-2005 frontend: /home/ahmed_sameh/.ciel/sky130A/libs.tech/openlane/sky130_fd_sc_hd/tribuff_map.v
Parsing Verilog input from `/home/ahmed_sameh/.ciel/sky130A/libs.tech/openlane/sky130_fd_sc_hd/tribuff_map.v' to AST representation.
Generating RTLIL representation for module `\$_TBUF_'.
Successfully finished Verilog frontend.

49.2. Continuing TECHMAP pass.
No more expansions possible.
<suppressed ~3 debug messages>

50. Executing SIMPLEMAP pass (map simple cells to gate primitives).

51. Executing TECHMAP pass (map to technology primitives).

51.1. Executing Verilog-2005 frontend: /home/ahmed_sameh/.ciel/sky130A/libs.tech/openlane/sky130_fd_sc_hd/latch_map.v
Parsing Verilog input from `/home/ahmed_sameh/.ciel/sky130A/libs.tech/openlane/sky130_fd_sc_hd/latch_map.v' to AST representation.
Generating RTLIL representation for module `\$_DLATCH_P_'.
Generating RTLIL representation for module `\$_DLATCH_N_'.
Successfully finished Verilog frontend.

51.2. Continuing TECHMAP pass.
No more expansions possible.
<suppressed ~4 debug messages>

52. Executing SIMPLEMAP pass (map simple cells to gate primitives).

53. Executing DFFLIBMAP pass (mapping DFF cells to sequential cells from liberty file).
  cell sky130_fd_sc_hd__dfxtp_2 (noninv, pins=3, area=21.27) is a direct match for cell type $_DFF_P_.
  cell sky130_fd_sc_hd__dfrtp_2 (noninv, pins=4, area=26.28) is a direct match for cell type $_DFF_PN0_.
  cell sky130_fd_sc_hd__dfstp_2 (noninv, pins=4, area=26.28) is a direct match for cell type $_DFF_PN1_.
  cell sky130_fd_sc_hd__dfbbn_2 (noninv, pins=6, area=35.03) is a direct match for cell type $_DFFSR_NNN_.
  final dff cell mappings:
    unmapped dff cell: $_DFF_N_
    \sky130_fd_sc_hd__dfxtp_2 _DFF_P_ (.CLK( C), .D( D), .Q( Q));
    unmapped dff cell: $_DFF_NN0_
    unmapped dff cell: $_DFF_NN1_
    unmapped dff cell: $_DFF_NP0_
    unmapped dff cell: $_DFF_NP1_
    \sky130_fd_sc_hd__dfrtp_2 _DFF_PN0_ (.CLK( C), .D( D), .Q( Q), .RESET_B( R));
    \sky130_fd_sc_hd__dfstp_2 _DFF_PN1_ (.CLK( C), .D( D), .Q( Q), .SET_B( R));
    unmapped dff cell: $_DFF_PP0_
    unmapped dff cell: $_DFF_PP1_
    \sky130_fd_sc_hd__dfbbn_2 _DFFSR_NNN_ (.CLK_N( C), .D( D), .Q( Q), .Q_N(~Q), .RESET_B( R), .SET_B( S));
    unmapped dff cell: $_DFFSR_NNP_
    unmapped dff cell: $_DFFSR_NPN_
    unmapped dff cell: $_DFFSR_NPP_
    unmapped dff cell: $_DFFSR_PNN_
    unmapped dff cell: $_DFFSR_PNP_
    unmapped dff cell: $_DFFSR_PPN_
    unmapped dff cell: $_DFFSR_PPP_

53.1. Executing DFFLEGALIZE pass (convert FFs to types supported by the target).
Mapping DFF cells in module `\uart_top':

54. Printing statistics.

=== uart_top ===

   Number of wires:               1355
   Number of wire bits:           1772
   Number of public wires:        1355
   Number of public wire bits:    1772
   Number of memories:               0
   Number of memory bits:            0
   Number of processes:              0
   Number of cells:               1741
     sky130_fd_sc_hd__a2111oi_0      1
     sky130_fd_sc_hd__a211o_1        1
     sky130_fd_sc_hd__a211oi_1       2
     sky130_fd_sc_hd__a21boi_0       3
     sky130_fd_sc_hd__a21o_1         3
     sky130_fd_sc_hd__a21oi_1       70
     sky130_fd_sc_hd__a221o_1       10
     sky130_fd_sc_hd__a221oi_1      19
     sky130_fd_sc_hd__a222oi_1      58
     sky130_fd_sc_hd__a22o_1        15
     sky130_fd_sc_hd__a22oi_1       39
     sky130_fd_sc_hd__a311oi_1       2
     sky130_fd_sc_hd__a31o_1         1
     sky130_fd_sc_hd__a31oi_1        2
     sky130_fd_sc_hd__a32o_1         2
     sky130_fd_sc_hd__a32oi_1        3
     sky130_fd_sc_hd__a41oi_1        3
     sky130_fd_sc_hd__and2_0        10
     sky130_fd_sc_hd__and3_1        26
     sky130_fd_sc_hd__and3b_1        3
     sky130_fd_sc_hd__and4_1         2
     sky130_fd_sc_hd__and4b_1        5
     sky130_fd_sc_hd__clkinv_1      13
     sky130_fd_sc_hd__dfrtp_1      163
     sky130_fd_sc_hd__dfstp_2        3
     sky130_fd_sc_hd__edfxtp_1     304
     sky130_fd_sc_hd__lpflow_inputiso1p_1      1
     sky130_fd_sc_hd__lpflow_isobufsrc_1     18
     sky130_fd_sc_hd__mux2_1        60
     sky130_fd_sc_hd__mux2i_1        1
     sky130_fd_sc_hd__nand2_1      137
     sky130_fd_sc_hd__nand2b_1       8
     sky130_fd_sc_hd__nand3_1       38
     sky130_fd_sc_hd__nand3b_1       1
     sky130_fd_sc_hd__nand4_1       24
     sky130_fd_sc_hd__nand4b_1       1
     sky130_fd_sc_hd__nor2_1       403
     sky130_fd_sc_hd__nor2b_1        1
     sky130_fd_sc_hd__nor3_1        80
     sky130_fd_sc_hd__nor3b_1        7
     sky130_fd_sc_hd__nor4_1        10
     sky130_fd_sc_hd__nor4b_1        5
     sky130_fd_sc_hd__nor4bb_1       8
     sky130_fd_sc_hd__o2111a_1       1
     sky130_fd_sc_hd__o2111ai_1      3
     sky130_fd_sc_hd__o211ai_1       5
     sky130_fd_sc_hd__o21a_1        17
     sky130_fd_sc_hd__o21ai_0       38
     sky130_fd_sc_hd__o21bai_1       1
     sky130_fd_sc_hd__o22a_1         1
     sky130_fd_sc_hd__o22ai_1        2
     sky130_fd_sc_hd__o2bb2ai_1      3
     sky130_fd_sc_hd__o311ai_0       1
     sky130_fd_sc_hd__o31a_1         3
     sky130_fd_sc_hd__o31ai_1        9
     sky130_fd_sc_hd__o41a_1         1
     sky130_fd_sc_hd__o41ai_1        3
     sky130_fd_sc_hd__or3_1          7
     sky130_fd_sc_hd__or3b_1         2
     sky130_fd_sc_hd__or4_1          7
     sky130_fd_sc_hd__xnor2_1       45
     sky130_fd_sc_hd__xnor3_1        3
     sky130_fd_sc_hd__xor2_1        23

[INFO]: USING STRATEGY AREA 0

55. Executing ABC pass (technology mapping using ABC).

55.1. Extracting gate netlist of module `\uart_top' to `/tmp/yosys-abc-mrDMZh/input.blif'..
Extracted 0 gates and 0 wires to a netlist network with 0 inputs and 0 outputs.
Don't call ABC as there is nothing to map.
Removing temp directory.

56. Executing SETUNDEF pass (replace undef values with defined constants).

57. Executing HILOMAP pass (mapping to constant drivers).

58. Executing SPLITNETS pass (splitting up multi-bit signals).

59. Executing OPT_CLEAN pass (remove unused cells and wires).
Finding unused cells or wires in module \uart_top..
Removed 0 unused cells and 11 unused wires.
<suppressed ~11 debug messages>

60. Executing INSBUF pass (insert buffer cells for connected wires).

61. Executing CHECK pass (checking for obvious problems).
Checking module uart_top...
Found and reported 0 problems.

62. Printing statistics.

=== uart_top ===

   Number of wires:               1745
   Number of wire bits:           1761
   Number of public wires:        1745
   Number of public wire bits:    1761
   Number of memories:               0
   Number of memory bits:            0
   Number of processes:              0
   Number of cells:               1741
     sky130_fd_sc_hd__a2111oi_0      1
     sky130_fd_sc_hd__a211o_1        1
     sky130_fd_sc_hd__a211oi_1       2
     sky130_fd_sc_hd__a21boi_0       3
     sky130_fd_sc_hd__a21o_1         3
     sky130_fd_sc_hd__a21oi_1       70
     sky130_fd_sc_hd__a221o_1       10
     sky130_fd_sc_hd__a221oi_1      19
     sky130_fd_sc_hd__a222oi_1      58
     sky130_fd_sc_hd__a22o_1        15
     sky130_fd_sc_hd__a22oi_1       39
     sky130_fd_sc_hd__a311oi_1       2
     sky130_fd_sc_hd__a31o_1         1
     sky130_fd_sc_hd__a31oi_1        2
     sky130_fd_sc_hd__a32o_1         2
     sky130_fd_sc_hd__a32oi_1        3
     sky130_fd_sc_hd__a41oi_1        3
     sky130_fd_sc_hd__and2_0        10
     sky130_fd_sc_hd__and3_1        26
     sky130_fd_sc_hd__and3b_1        3
     sky130_fd_sc_hd__and4_1         2
     sky130_fd_sc_hd__and4b_1        5
     sky130_fd_sc_hd__clkinv_1      13
     sky130_fd_sc_hd__dfrtp_1      163
     sky130_fd_sc_hd__dfstp_2        3
     sky130_fd_sc_hd__edfxtp_1     304
     sky130_fd_sc_hd__lpflow_inputiso1p_1      1
     sky130_fd_sc_hd__lpflow_isobufsrc_1     18
     sky130_fd_sc_hd__mux2_1        60
     sky130_fd_sc_hd__mux2i_1        1
     sky130_fd_sc_hd__nand2_1      137
     sky130_fd_sc_hd__nand2b_1       8
     sky130_fd_sc_hd__nand3_1       38
     sky130_fd_sc_hd__nand3b_1       1
     sky130_fd_sc_hd__nand4_1       24
     sky130_fd_sc_hd__nand4b_1       1
     sky130_fd_sc_hd__nor2_1       403
     sky130_fd_sc_hd__nor2b_1        1
     sky130_fd_sc_hd__nor3_1        80
     sky130_fd_sc_hd__nor3b_1        7
     sky130_fd_sc_hd__nor4_1        10
     sky130_fd_sc_hd__nor4b_1        5
     sky130_fd_sc_hd__nor4bb_1       8
     sky130_fd_sc_hd__o2111a_1       1
     sky130_fd_sc_hd__o2111ai_1      3
     sky130_fd_sc_hd__o211ai_1       5
     sky130_fd_sc_hd__o21a_1        17
     sky130_fd_sc_hd__o21ai_0       38
     sky130_fd_sc_hd__o21bai_1       1
     sky130_fd_sc_hd__o22a_1         1
     sky130_fd_sc_hd__o22ai_1        2
     sky130_fd_sc_hd__o2bb2ai_1      3
     sky130_fd_sc_hd__o311ai_0       1
     sky130_fd_sc_hd__o31a_1         3
     sky130_fd_sc_hd__o31ai_1        9
     sky130_fd_sc_hd__o41a_1         1
     sky130_fd_sc_hd__o41ai_1        3
     sky130_fd_sc_hd__or3_1          7
     sky130_fd_sc_hd__or3b_1         2
     sky130_fd_sc_hd__or4_1          7
     sky130_fd_sc_hd__xnor2_1       45
     sky130_fd_sc_hd__xnor3_1        3
     sky130_fd_sc_hd__xor2_1        23

   Area for cell type \sky130_fd_sc_hd__a2111oi_0 is unknown!
   Area for cell type \sky130_fd_sc_hd__a211o_1 is unknown!
   Area for cell type \sky130_fd_sc_hd__a211oi_1 is unknown!
   Area for cell type \sky130_fd_sc_hd__a21boi_0 is unknown!
   Area for cell type \sky130_fd_sc_hd__a21o_1 is unknown!
   Area for cell type \sky130_fd_sc_hd__a21oi_1 is unknown!
   Area for cell type \sky130_fd_sc_hd__a221o_1 is unknown!
   Area for cell type \sky130_fd_sc_hd__a221oi_1 is unknown!
   Area for cell type \sky130_fd_sc_hd__a222oi_1 is unknown!
   Area for cell type \sky130_fd_sc_hd__a22o_1 is unknown!
   Area for cell type \sky130_fd_sc_hd__a22oi_1 is unknown!
   Area for cell type \sky130_fd_sc_hd__a311oi_1 is unknown!
   Area for cell type \sky130_fd_sc_hd__a31o_1 is unknown!
   Area for cell type \sky130_fd_sc_hd__a31oi_1 is unknown!
   Area for cell type \sky130_fd_sc_hd__a32o_1 is unknown!
   Area for cell type \sky130_fd_sc_hd__a32oi_1 is unknown!
   Area for cell type \sky130_fd_sc_hd__a41oi_1 is unknown!
   Area for cell type \sky130_fd_sc_hd__and2_0 is unknown!
   Area for cell type \sky130_fd_sc_hd__and3_1 is unknown!
   Area for cell type \sky130_fd_sc_hd__and3b_1 is unknown!
   Area for cell type \sky130_fd_sc_hd__and4_1 is unknown!
   Area for cell type \sky130_fd_sc_hd__and4b_1 is unknown!
   Area for cell type \sky130_fd_sc_hd__clkinv_1 is unknown!
   Area for cell type \sky130_fd_sc_hd__dfrtp_1 is unknown!
   Area for cell type \sky130_fd_sc_hd__edfxtp_1 is unknown!
   Area for cell type \sky130_fd_sc_hd__lpflow_inputiso1p_1 is unknown!
   Area for cell type \sky130_fd_sc_hd__lpflow_isobufsrc_1 is unknown!
   Area for cell type \sky130_fd_sc_hd__mux2i_1 is unknown!
   Area for cell type \sky130_fd_sc_hd__nand2_1 is unknown!
   Area for cell type \sky130_fd_sc_hd__nand2b_1 is unknown!
   Area for cell type \sky130_fd_sc_hd__nand3_1 is unknown!
   Area for cell type \sky130_fd_sc_hd__nand3b_1 is unknown!
   Area for cell type \sky130_fd_sc_hd__nand4_1 is unknown!
   Area for cell type \sky130_fd_sc_hd__nand4b_1 is unknown!
   Area for cell type \sky130_fd_sc_hd__nor2_1 is unknown!
   Area for cell type \sky130_fd_sc_hd__nor2b_1 is unknown!
   Area for cell type \sky130_fd_sc_hd__nor3_1 is unknown!
   Area for cell type \sky130_fd_sc_hd__nor3b_1 is unknown!
   Area for cell type \sky130_fd_sc_hd__nor4_1 is unknown!
   Area for cell type \sky130_fd_sc_hd__nor4b_1 is unknown!
   Area for cell type \sky130_fd_sc_hd__nor4bb_1 is unknown!
   Area for cell type \sky130_fd_sc_hd__o2111a_1 is unknown!
   Area for cell type \sky130_fd_sc_hd__o2111ai_1 is unknown!
   Area for cell type \sky130_fd_sc_hd__o211ai_1 is unknown!
   Area for cell type \sky130_fd_sc_hd__o21a_1 is unknown!
   Area for cell type \sky130_fd_sc_hd__o21ai_0 is unknown!
   Area for cell type \sky130_fd_sc_hd__o21bai_1 is unknown!
   Area for cell type \sky130_fd_sc_hd__o22a_1 is unknown!
   Area for cell type \sky130_fd_sc_hd__o22ai_1 is unknown!
   Area for cell type \sky130_fd_sc_hd__o2bb2ai_1 is unknown!
   Area for cell type \sky130_fd_sc_hd__o311ai_0 is unknown!
   Area for cell type \sky130_fd_sc_hd__o31a_1 is unknown!
   Area for cell type \sky130_fd_sc_hd__o31ai_1 is unknown!
   Area for cell type \sky130_fd_sc_hd__o41a_1 is unknown!
   Area for cell type \sky130_fd_sc_hd__o41ai_1 is unknown!
   Area for cell type \sky130_fd_sc_hd__or3_1 is unknown!
   Area for cell type \sky130_fd_sc_hd__or3b_1 is unknown!
   Area for cell type \sky130_fd_sc_hd__or4_1 is unknown!
   Area for cell type \sky130_fd_sc_hd__xnor2_1 is unknown!
   Area for cell type \sky130_fd_sc_hd__xnor3_1 is unknown!
   Area for cell type \sky130_fd_sc_hd__xor2_1 is unknown!

   Chip area for module '\uart_top': 754.473600

63. Executing Verilog backend.
Dumping module `\uart_top'.

End of script. Logfile hash: 28fd03642d, CPU: user 1.89s system 0.09s, MEM: 50.62 MB peak
Yosys 0.30+48 (git sha1 14d50a176d5, gcc 8.3.1 -fPIC -Os)
Time spent: 27% 2x write_verilog (0 sec), 13% 2x read_liberty (0 sec), ...
